      "[I 2026-04-16 04:03:38,003] Trial 30 finished with value: 5.64928385079726 and parameters: {'x0': 0.340663701636831, 'x1': 0.3574290708855584, 'x2': 0.8305522958967522, 'x3': 0.09087535113478581, 'x4': 0.09134832825060099, 'x5': 0.11211255029254164}. Best is trial 29 with value: 6.41329209480197.\n",
      "[I 2026-04-16 04:03:38,021] Trial 31 finished with value: 6.6693879246515815 and parameters: {'x0': 0.46224279261125895, 'x1': 0.4876103277482613, 'x2': 0.7595117656212718, 'x3': 0.1187746172472758, 'x4': 0.2017538943091081, 'x5': 0.9661153623168672}. Best is trial 31 with value: 6.6693879246515815.\n",
      "[I 2026-04-16 04:03:38,037] Trial 32 finished with value: 6.545757618434642 and parameters: {'x0': 0.1719602074463561, 'x1': 0.494504905854244, 'x2': 0.7921149552319438, 'x3': 0.23110662061970766, 'x4': 0.21740853600862264, 'x5': 0.9838402821128933}. Best is trial 31 with value: 6.6693879246515815.\n",
      "[I 2026-04-16 04:03:38,053] Trial 33 finished with value: 6.512141298299329 and parameters: {'x0': 0.1167376250792933, 'x1': 0.494235231850066, 'x2': 0.7670725012029121, 'x3': 0.22731375258208175, 'x4': 0.17467332761565313, 'x5': 0.99525231331674}. Best is trial 31 with value: 6.6693879246515815.\n",
      "[I 2026-04-16 04:03:38,068] Trial 34 finished with value: 6.492673085449177 and parameters: {'x0': 0.10771991902231738, 'x1': 0.48208363615871297, 'x2': 0.7798517142084342, 'x3': 0.27198363813594667, 'x4': 0.20072024394049082, 'x5': 0.9909776637868204}. Best is trial 31 with value: 6.6693879246515815.\n",
      "[I 2026-04-16 04:03:38,083] Trial 35 finished with value: 6.297181404717269 and parameters: {'x0': 0.11611596730923228, 'x1': 0.49155832426040813, 'x2': 0.7198045319730391, 'x3': 0.2559053186868838, 'x4': 0.21395568156971023, 'x5': 0.9265587715813662}. Best is trial 31 with value: 6.6693879246515815.\n",
      "[I 2026-04-16 04:03:38,103] Trial 36 finished with value: 6.098537385860541 and parameters: {'x0': 0.11940995608222837, 'x1': 0.5924586529701867, 'x2': 0.6155831411040942, 'x3': 0.27829672575934344, 'x4': 0.23953786141846198, 'x5': 0.9240246717288348}. Best is trial 31 with value: 6.6693879246515815.\n",
      "[I 2026-04-16 04:03:38,123] Trial 37 finished with value: 6.591251650398831 and parameters: {'x0': 0.008320456347130398, 'x1': 0.4927552679193482, 'x2': 0.7895506743931548, 'x3': 0.16170875305878554, 'x4': 0.3356480805634363, 'x5': 0.995669948959865}. Best is trial 31 with value: 6.6693879246515815.\n",
      "[I 2026-04-16 04:03:38,144] Trial 38 finished with value: 6.493365026335111 and parameters: {'x0': 0.0180452117241759, 'x1': 0.6297555045686762, 'x2': 0.6391870323121533, 'x3': 0.16562534893076775, 'x4': 0.35372016141068247, 'x5': 0.8823230997447953}. Best is trial 31 with value: 6.6693879246515815.\n",
      "[I 2026-04-16 04:03:38,160] Trial 39 finished with value: 6.31302792161718 and parameters: {'x0': 0.20078849661716086, 'x1': 0.5314057654837587, 'x2': 0.5512609488635363, 'x3': 0.06436972575942392, 'x4': 0.2714420967837923, 'x5': 0.9991479126813952}. Best is trial 31 with value: 6.6693879246515815.\n",
      "[I 2026-04-16 04:03:38,173] Trial 40 finished with value: 6.635081793703212 and parameters: {'x0': 0.08358864483044846, 'x1': 0.45699492587172963, 'x2': 0.9135235295044581, 'x3': 0.1427680264709576, 'x4': 0.16038735635905224, 'x5': 0.8886201379709}. Best is trial 31 with value: 6.6693879246515815.\n",
      "[I 2026-04-16 04:03:38,197] Trial 41 finished with value: 6.625403939593593 and parameters: {'x0': 0.07137445149479438, 'x1': 0.4661862468221635, 'x2': 0.8950792570530206, 'x3': 0.1445689597218469, 'x4': 0.1655752106608074, 'x5': 0.9453095461227717}. Best is trial 31 with value: 6.6693879246515815.\n",
      "[I 2026-04-16 04:03:38,216] Trial 42 finished with value: 6.639841411366929 and parameters: {'x0': 0.07816004486765096, 'x1': 0.4553363936182318, 'x2': 0.9982835861660032, 'x3': 0.13558111424403888, 'x4': 0.10038385670635883, 'x5': 0.8797463077580501}. Best is trial 31 with value: 6.6693879246515815.\n",
      "[I 2026-04-16 04:03:38,232] Trial 43 finished with value: 6.137910143698075 and parameters: {'x0': 0.06398584211224423, 'x1': 0.23308690352707234, 'x2': 0.938432590121468, 'x3': 0.13858452987046876, 'x4': 0.08475225519400947, 'x5': 0.8811500230145501}. Best is trial 31 with value: 6.6693879246515815.\n",
      "[I 2026-04-16 04:03:38,249] Trial 44 finished with value: 6.615706099981511 and parameters: {'x0': 0.0043652405286180584, 'x1': 0.4436642549430403, 'x2': 0.9998217218856749, 'x3': 0.0710101004020691, 'x4': 0.09808125960433334, 'x5': 0.9401767374577394}. Best is trial 31 with value: 6.6693879246515815.\n",
      "[I 2026-04-16 04:03:38,263] Trial 45 finished with value: 6.6210726069990855 and parameters: {'x0': 0.06993343444683359, 'x1': 0.44626000164506396, 'x2': 0.9892945194400331, 'x3': 0.005724688304002329, 'x4': 0.11050762736754419, 'x5': 0.9112453394073988}. Best is trial 31 with value: 6.6693879246515815.\n",
      "[I 2026-04-16 04:03:38,284] Trial 46 finished with value: 6.717913026622483 and parameters: {'x0': 0.24513167881441572, 'x1': 0.5478347639424215, 'x2': 0.8831613935692489, 'x3': 0.02954182182056675, 'x4': 0.04997242999745588, 'x5': 0.8757847037232204}. Best is trial 46 with value: 6.717913026622483.\n",
      "[I 2026-04-16 04:03:38,303] Trial 47 finished with value: 6.71256909683629 and parameters: {'x0': 0.2633465282632363, 'x1': 0.554714712362628, 'x2': 0.8641433507613226, 'x3': 0.1013436063328013, 'x4': 0.04905978706132848, 'x5': 0.782871581138724}. Best is trial 46 with value: 6.717913026622483.\n",
      "[I 2026-04-16 04:03:38,322] Trial 48 finished with value: 6.669367994167812 and parameters: {'x0': 0.2629797718061038, 'x1': 0.7674152324822949, 'x2': 0.8686111847465946, 'x3': 0.060493537152434336, 'x4': 0.04836561902196282, 'x5': 0.7692049551699084}. Best is trial 46 with value: 6.717913026622483.\n",
      "[I 2026-04-16 04:03:38,338] Trial 49 finished with value: 6.649031423964217 and parameters: {'x0': 0.28501686359145895, 'x1': 0.775456641509122, 'x2': 0.8602194246835723, 'x3': 0.04313156665241755, 'x4': 0.04942474173407104, 'x5': 0.7032056053352074}. Best is trial 46 with value: 6.717913026622483.\n",
      "[I 2026-04-16 04:03:38,356] Trial 50 finished with value: 6.627863026187607 and parameters: {'x0': 0.2856456878177975, 'x1': 0.7778418231986978, 'x2': 0.8574377943881261, 'x3': 0.06824551198818425, 'x4': 0.001345780628462273, 'x5': 0.7119623910224996}. Best is trial 46 with value: 6.717913026622483.\n",
      "[I 2026-04-16 04:03:38,379] Trial 51 finished with value: 6.60265429559641 and parameters: {'x0': 0.45000971717733035, 'x1': 0.7445434678731434, 'x2': 0.8601335960943054, 'x3': 0.0325247785487769, 'x4': 0.043343318190297436, 'x5': 0.7842276267775043}. Best is trial 46 with value: 6.717913026622483.\n",
      "[I 2026-04-16 04:03:38,411] Trial 52 finished with value: 6.565362500596369 and parameters: {'x0': 0.24332157500099558, 'x1': 0.8303085196498008, 'x2': 0.7292865082099037, 'x3': 0.1121629519886936, 'x4': 0.05708886865121171, 'x5': 0.6779031796880546}. Best is trial 46 with value: 6.717913026622483.\n",
      "[I 2026-04-16 04:03:38,431] Trial 53 finished with value: 6.657032386483975 and parameters: {'x0': 0.38519808349019824, 'x1': 0.6369765781416279, 'x2': 0.9454770192967841, 'x3': 0.19810885314890275, 'x4': 0.05835363313768321, 'x5': 0.8357681181269613}. Best is trial 46 with value: 6.717913026622483.\n",
      "[I 2026-04-16 04:03:38,451] Trial 54 finished with value: 6.686536852223645 and parameters: {'x0': 0.3211938552401815, 'x1': 0.6412673142218238, 'x2': 0.9415043737704878, 'x3': 0.044110426246474384, 'x4': 0.05687092806411532, 'x5': 0.846254155251202}. Best is trial 46 with value: 6.717913026622483.\n",
      "[I 2026-04-16 04:03:38,467] Trial 55 finished with value: 6.6764014862358945 and parameters: {'x0': 0.4041127031867487, 'x1': 0.6393562629254715, 'x2': 0.961137821743063, 'x3': 0.1903466051776524, 'x4': 0.14036028604544723, 'x5': 0.8389389977185685}. Best is trial 46 with value: 6.717913026622483.\n",
      "[I 2026-04-16 04:03:38,487] Trial 56 finished with value: 6.435100731698232 and parameters: {'x0': 0.5008092913220156, 'x1': 0.5506964302602131, 'x2': 0.6807106152731636, 'x3': 0.09636901490400807, 'x4': 0.13237362537692926, 'x5': 0.7695192729191399}. Best is trial 46 with value: 6.717913026622483.\n",
      "[I 2026-04-16 04:03:38,508] Trial 57 finished with value: 6.663591595076636 and parameters: {'x0': 0.32107883842455087, 'x1': 0.6145640797482917, 'x2': 0.9520885714317868, 'x3': 0.20017251039290054, 'x4': 0.2676007762505938, 'x5': 0.6470872887336561}. Best is trial 46 with value: 6.717913026622483.\n",
      "[I 2026-04-16 04:03:38,528] Trial 58 finished with value: 6.617363169548574 and parameters: {'x0': 0.41922341446902367, 'x1': 0.678882388286883, 'x2': 0.9136251407857141, 'x3': 0.01527075961688134, 'x4': 0.0042350479404645106, 'x5': 0.8094175437479924}. Best is trial 46 with value: 6.717913026622483.\n",
      "[I 2026-04-16 04:03:38,547] Trial 59 finished with value: 6.475218500867473 and parameters: {'x0': 0.2188246823582003, 'x1': 0.7218941043157862, 'x2': 0.8816152997939702, 'x3': 0.419076667190037, 'x4': 0.12798292955081497, 'x5': 0.8539763296461496}. Best is trial 46 with value: 6.717913026622483.\n",
      "[I 2026-04-16 04:03:38,563] Trial 60 finished with value: 6.451592310222285 and parameters: {'x0': 0.4776108340516805, 'x1': 0.5553583229846372, 'x2': 0.8323434008255935, 'x3': 0.30824955509898944, 'x4': 0.07160748149430822, 'x5': 0.7283022036231301}. Best is trial 46 with value: 6.717913026622483.\n",
      "[I 2026-04-16 04:03:38,586] Trial 61 finished with value: 6.662039157642383 and parameters: {'x0': 0.3271201226825642, 'x1': 0.618818939191009, 'x2': 0.9591818462165552, 'x3': 0.19592579269177007, 'x4': 0.2750319336378684, 'x5': 0.6467462133600481}. Best is trial 46 with value: 6.717913026622483.\n",
      "[I 2026-04-16 04:03:38,608] Trial 62 finished with value: 6.686974825297499 and parameters: {'x0': 0.3125958575148913, 'x1': 0.5973011838247739, 'x2': 0.953732749809206, 'x3': 0.05963007477902325, 'x4': 0.12629490558802142, 'x5': 0.6552948227661263}. Best is trial 46 with value: 6.717913026622483.\n",
      "[I 2026-04-16 04:03:38,629] Trial 63 finished with value: 6.6903258906810175 and parameters: {'x0': 0.15523702973137665, 'x1': 0.6619709434283291, 'x2': 0.9257095998244431, 'x3': 0.06669308108517512, 'x4': 0.13189648984997193, 'x5': 0.5790168128212576}. Best is trial 46 with value: 6.717913026622483.\n",
      "[I 2026-04-16 04:03:38,647] Trial 64 finished with value: 6.634499686456732 and parameters: {'x0': 0.3673383632246159, 'x1': 0.6699211090879305, 'x2': 0.9344980736245555, 'x3': 0.1002455152744666, 'x4': 0.1323342396786683, 'x5': 0.5901935572047079}. Best is trial 46 with value: 6.717913026622483.\n",
      "[I 2026-04-16 04:03:38,662] Trial 65 finished with value: 6.486378243150289 and parameters: {'x0': 0.5372167169121059, 'x1': 0.5913473161610922, 'x2': 0.9174058922675975, 'x3': 0.048012452992819865, 'x4': 0.025823646249542392, 'x5': 0.5441878526432555}. Best is trial 46 with value: 6.717913026622483.\n",
      "[I 2026-04-16 04:03:38,682] Trial 66 finished with value: 6.229024256829355 and parameters: {'x0': 0.17465131724806, 'x1': 0.5290873027761681, 'x2': 0.8301045613364584, 'x3': 0.3778557628316742, 'x4': 0.18861908255818433, 'x5': 0.45567676185268385}. Best is trial 46 with value: 6.717913026622483.\n",
      "[I 2026-04-16 04:03:38,704] Trial 67 finished with value: 6.625956584469465 and parameters: {'x0': 0.2927819500109979, 'x1': 0.5677306405160534, 'x2': 0.9661936104367848, 'x3': 0.00912161795383077, 'x4': 0.12959628758709524, 'x5': 0.5198112069582252}. Best is trial 46 with value: 6.717913026622483.\n",
      "[I 2026-04-16 04:03:38,723] Trial 68 finished with value: 6.1697014648409665 and parameters: {'x0': 0.3916656795156961, 'x1': 0.6993714768213843, 'x2': 0.891666779713571, 'x3': 0.5201603104716016, 'x4': 0.08138821915367009, 'x5': 0.566576073669368}. Best is trial 46 with value: 6.717913026622483.\n",
      "[I 2026-04-16 04:03:38,741] Trial 69 finished with value: 6.559333924401484 and parameters: {'x0': 0.4270467202456737, 'x1': 0.656549038380744, 'x2': 0.7494680679236678, 'x3': 0.08685183438019656, 'x4': 0.02613349718703886, 'x5': 0.6764872953521278}. Best is trial 46 with value: 6.717913026622483.\n",
      "[I 2026-04-16 04:03:38,759] Trial 70 finished with value: 6.776248207589742 and parameters: {'x0': 0.22934736983096227, 'x1': 0.5933260834943073, 'x2': 0.8090039786692281, 'x3': 0.11909266983788952, 'x4': 0.2372193625095963, 'x5': 0.9571478736514725}. Best is trial 70 with value: 6.776248207589742.\n",
      "[I 2026-04-16 04:03:38,779] Trial 71 finished with value: 6.752899393430897 and parameters: {'x0': 0.15693883405713732, 'x1': 0.6001554097214767, 'x2': 0.9773214688263462, 'x3': 0.1251463981927904, 'x4': 0.18106147845269194, 'x5': 0.8652734991352238}. Best is trial 70 with value: 6.776248207589742.\n",
      "[I 2026-04-16 04:03:38,803] Trial 72 finished with value: 6.755837525903521 and parameters: {'x0': 0.14338708108306236, 'x1': 0.6436378140005276, 'x2': 0.9748349490693193, 'x3': 0.17367205106877515, 'x4': 0.24757212090763997, 'x5': 0.8105637269166077}. Best is trial 70 with value: 6.776248207589742.\n",
      "[I 2026-04-16 04:03:38,822] Trial 73 finished with value: 6.756325822027973 and parameters: {'x0': 0.14069979175751315, 'x1': 0.5966108378646815, 'x2': 0.9765821339917974, 'x3': 0.03706154570814864, 'x4': 0.24252972064084505, 'x5': 0.7312717326443878}. Best is trial 70 with value: 6.776248207589742.\n",
      "[I 2026-04-16 04:03:38,839] Trial 74 finished with value: 4.888330902104711 and parameters: {'x0': 0.14564879302223166, 'x1': 0.5950010508050187, 'x2': 0.4356871358152357, 'x3': 0.11628093940403214, 'x4': 0.4107563845571799, 'x5': 0.7279179193939272}. Best is trial 70 with value: 6.776248207589742.\n",
      "[I 2026-04-16 04:03:38,863] Trial 75 finished with value: 6.731146722628906 and parameters: {'x0': 0.1514877808588527, 'x1': 0.5269251994016575, 'x2': 0.9786197424470389, 'x3': 0.002248337936406119, 'x4': 0.3135820076306035, 'x5': 0.6264247664364734}. Best is trial 70 with value: 6.776248207589742.\n",
      "[I 2026-04-16 04:03:38,886] Trial 76 finished with value: 6.727080987742613 and parameters: {'x0': 0.1442194986178772, 'x1': 0.5373463591250902, 'x2': 0.9825452055944947, 'x3': 0.024440762290520012, 'x4': 0.3054096862762284, 'x5': 0.6127341568952848}. Best is trial 70 with value: 6.776248207589742.\n",
      "[I 2026-04-16 04:03:38,903] Trial 77 finished with value: 6.6725419152463 and parameters: {'x0': 0.20457999456725348, 'x1': 0.5288452598653824, 'x2': 0.9815394112016433, 'x3': 0.1678549319815879, 'x4': 0.24138837375325506, 'x5': 0.6145059422514051}. Best is trial 70 with value: 6.776248207589742.\n",
      "[I 2026-04-16 04:03:38,923] Trial 78 finished with value: 6.6606314161545 and parameters: {'x0': 0.2325404890654014, 'x1': 0.41117345712762066, 'x2': 0.8895974276044275, 'x3': 0.006696735621698535, 'x4': 0.31744872219150644, 'x5': 0.7932555695031461}. Best is trial 70 with value: 6.776248207589742.\n",
      "[I 2026-04-16 04:03:38,939] Trial 79 finished with value: 6.7421151188251045 and parameters: {'x0': 0.14367631983716106, 'x1': 0.5156965263353482, 'x2': 0.8149800763472025, 'x3': 0.0295786778505177, 'x4': 0.36846683105355105, 'x5': 0.7413531734545052}. Best is trial 70 with value: 6.776248207589742.\n",
      "[I 2026-04-16 04:03:38,959] Trial 80 finished with value: 6.712895080300644 and parameters: {'x0': 0.15894876050897505, 'x1': 0.5177087483094702, 'x2': 0.8107247622776809, 'x3': 0.03636221041551152, 'x4': 0.37163413659180955, 'x5': 0.6209905596426106}. Best is trial 70 with value: 6.776248207589742.\n",
      "[I 2026-04-16 04:03:38,982] Trial 81 finished with value: 6.7331914356416895 and parameters: {'x0': 0.14414294952914067, 'x1': 0.5147929376452229, 'x2': 0.9756283902449878, 'x3': 0.03568422273580048, 'x4': 0.39885837612044517, 'x5': 0.6190041396536687}. Best is trial 70 with value: 6.776248207589742.\n",
      "[I 2026-04-16 04:03:38,999] Trial 82 finished with value: 6.760700714280184 and parameters: {'x0': 0.1322687750860882, 'x1': 0.5606936180092561, 'x2': 0.9735410942269719, 'x3': 0.0027077240657209303, 'x4': 0.3015521981298538, 'x5': 0.736921837183922}. Best is trial 70 with value: 6.776248207589742.\n",
      "[I 2026-04-16 04:03:39,017] Trial 83 finished with value: 6.736297922308626 and parameters: {'x0': 0.13731927541181183, 'x1': 0.574646885267779, 'x2': 0.9995455460972816, 'x3': 0.08136477151077871, 'x4': 0.4329826359103621, 'x5': 0.6954073092695526}. Best is trial 70 with value: 6.776248207589742.\n",
      "[I 2026-04-16 04:03:39,034] Trial 84 finished with value: 6.722996636367963 and parameters: {'x0': 0.035077827221910315, 'x1': 0.5751664494036078, 'x2': 0.9770412238769902, 'x3': 0.0016371072168367695, 'x4': 0.5340109792821726, 'x5': 0.7453891835181955}. Best is trial 70 with value: 6.776248207589742.\n",
      "[I 2026-04-16 04:03:39,054] Trial 85 finished with value: 6.746050064220435 and parameters: {'x0': 0.09075197631908093, 'x1': 0.5169875234668252, 'x2': 0.998494496284977, 'x3': 0.08383302829689938, 'x4': 0.4258616856812696, 'x5': 0.6934428001405837}. Best is trial 70 with value: 6.776248207589742.\n",
      "[I 2026-04-16 04:03:39,072] Trial 86 finished with value: 6.755576434877286 and parameters: {'x0': 0.10206733027655931, 'x1': 0.5101726522460558, 'x2': 0.9190965041132183, 'x3': 0.15269529864347178, 'x4': 0.4761988997947233, 'x5': 0.7280603646659708}. Best is trial 70 with value: 6.776248207589742.\n",
      "[I 2026-04-16 04:03:39,088] Trial 87 finished with value: 6.718164953813823 and parameters: {'x0': 0.03793619368511793, 'x1': 0.40340494646444613, 'x2': 0.9189279619739151, 'x3': 0.15954182468898936, 'x4': 0.4734782322184736, 'x5': 0.6897833432930854}. Best is trial 70 with value: 6.776248207589742.\n",
      "[I 2026-04-16 04:03:39,107] Trial 88 finished with value: 6.6786500654199035 and parameters: {'x0': 0.10236807267185855, 'x1': 0.6121289615063523, 'x2': 0.9998297136875651, 'x3': 0.22085068751986436, 'x4': 0.4301971584517295, 'x5': 0.7292720436126517}. Best is trial 70 with value: 6.776248207589742.\n",
      "[I 2026-04-16 04:03:39,124] Trial 89 finished with value: 6.772645101027261 and parameters: {'x0': 0.1851655027148674, 'x1': 0.7018662936104728, 'x2': 0.8436549354889493, 'x3': 0.13201699054960134, 'x4': 0.5118443860049644, 'x5': 0.9648393812976135}. Best is trial 70 with value: 6.776248207589742.\n",
      "[I 2026-04-16 04:03:39,148] Trial 90 finished with value: 6.760047479419024 and parameters: {'x0': 0.18940090203885682, 'x1': 0.694111829430242, 'x2': 0.8306649479114039, 'x3': 0.12812429152524574, 'x4': 0.5211109226944876, 'x5': 0.9032483817747478}. Best is trial 70 with value: 6.776248207589742.\n",
      "[I 2026-04-16 04:03:39,169] Trial 91 finished with value: 6.667230538325264 and parameters: {'x0': 0.1831750361849785, 'x1': 0.7176739761602906, 'x2': 0.7037390257938819, 'x3': 0.12877948182111004, 'x4': 0.5123760635785095, 'x5': 0.9135283953890754}. Best is trial 70 with value: 6.776248207589742.\n",
      "[I 2026-04-16 04:03:39,188] Trial 92 finished with value: 6.722897240973292 and parameters: {'x0': 0.2052352575553651, 'x1': 0.7422832767314079, 'x2': 0.8422454427575723, 'x3': 0.16292180335690704, 'x4': 0.5591091575866876, 'x5': 0.9442860291522089}. Best is trial 70 with value: 6.776248207589742.\n",
      "[I 2026-04-16 04:03:39,209] Trial 93 finished with value: 6.753209285482276 and parameters: {'x0': 0.09608957335496468, 'x1': 0.6111440877437374, 'x2': 0.8105692609053549, 'x3': 0.12054631615085237, 'x4': 0.6334008705890768, 'x5': 0.9584484817451165}. Best is trial 70 with value: 6.776248207589742.\n",
      "[I 2026-04-16 04:03:39,229] Trial 94 finished with value: 6.677169355578098 and parameters: {'x0': 0.09495583522057358, 'x1': 0.7422315093253662, 'x2': 0.9046028975273034, 'x3': 0.25090769358459963, 'x4': 0.6106980862901106, 'x5': 0.9713816701465857}. Best is trial 70 with value: 6.776248207589742.\n",
      "[I 2026-04-16 04:03:39,251] Trial 95 finished with value: 6.359594170163882 and parameters: {'x0': 0.05151304078079341, 'x1': 0.6859836581404416, 'x2': 0.555744678259489, 'x3': 0.1424427836197203, 'x4': 0.7022475754584059, 'x5': 0.9566861495231436}. Best is trial 70 with value: 6.776248207589742.\n",
      "[I 2026-04-16 04:03:39,271] Trial 96 finished with value: 6.720898650548722 and parameters: {'x0': 0.11842885756051694, 'x1': 0.7008272511936013, 'x2': 0.7950185767676832, 'x3': 0.1796072985294503, 'x4': 0.4767673472552821, 'x5': 0.8202490340373889}. Best is trial 70 with value: 6.776248207589742.\n",
      "[I 2026-04-16 04:03:39,292] Trial 97 finished with value: 6.746776670325081 and parameters: {'x0': 0.08502779117294107, 'x1': 0.650673328324173, 'x2': 0.933184170870175, 'x3': 0.12316121424812787, 'x4': 0.5655295737584979, 'x5': 0.9231860547506163}. Best is trial 70 with value: 6.776248207589742.\n",
      "[I 2026-04-16 04:03:39,312] Trial 98 finished with value: 6.625500103044825 and parameters: {'x0': 0.1867898092841219, 'x1': 0.8018212275976984, 'x2': 0.8449564220028929, 'x3': 0.22143858678184958, 'x4': 0.647999803831009, 'x5': 0.905482320303158}. Best is trial 70 with value: 6.776248207589742.\n",
