      "[I 2026-04-16 04:03:30,745] Trial 84 finished with value: 4.196968249293893 and parameters: {'x0': 0.2013578488184165, 'x1': 0.5275087821377671, 'x2': 0.810380182022944, 'x3': 0.7851196470455438, 'x4': 0.23300393176383294, 'x5': 0.9735891241586647}. Best is trial 57 with value: 5.814135065477887.\n",
      "[I 2026-04-16 04:03:30,767] Trial 85 finished with value: 5.330525242060594 and parameters: {'x0': 0.16053352937930646, 'x1': 0.3374197581876198, 'x2': 0.6242951564872158, 'x3': 0.12888038383415598, 'x4': 0.3735577491500554, 'x5': 0.9013716275807613}. Best is trial 57 with value: 5.814135065477887.\n",
      "[I 2026-04-16 04:03:30,785] Trial 86 finished with value: 5.184831241521143 and parameters: {'x0': 0.7238599326041825, 'x1': 0.48022249425972, 'x2': 0.7041727018057856, 'x3': 0.09399859551781209, 'x4': 0.15292525498037862, 'x5': 0.9991352957270153}. Best is trial 57 with value: 5.814135065477887.\n",
      "[I 2026-04-16 04:03:30,803] Trial 87 finished with value: 5.500579206844655 and parameters: {'x0': 0.23276469333991134, 'x1': 0.1382421869487463, 'x2': 0.8888047558546928, 'x3': 0.14821097739564654, 'x4': 0.05921264838231696, 'x5': 0.9369635554309629}. Best is trial 57 with value: 5.814135065477887.\n",
      "[I 2026-04-16 04:03:30,821] Trial 88 finished with value: 5.753252723349841 and parameters: {'x0': 0.263067513280536, 'x1': 0.4031198893262405, 'x2': 0.779802148515046, 'x3': 0.036161322988158315, 'x4': 0.41971497842520256, 'x5': 0.8657720192094338}. Best is trial 57 with value: 5.814135065477887.\n",
      "[I 2026-04-16 04:03:30,837] Trial 89 finished with value: 5.674348586721554 and parameters: {'x0': 0.3832927683045292, 'x1': 0.3429298023829122, 'x2': 0.580810498986494, 'x3': 0.07104969608307399, 'x4': 0.11848736850557173, 'x5': 0.9100731857430702}. Best is trial 57 with value: 5.814135065477887.\n",
      "[I 2026-04-16 04:03:30,862] Trial 90 finished with value: 5.647735127332963 and parameters: {'x0': 0.3524563399909468, 'x1': 0.4601017996290951, 'x2': 0.6700563418895201, 'x3': 0.1945180534930589, 'x4': 0.18370584130423182, 'x5': 0.9613580298669961}. Best is trial 57 with value: 5.814135065477887.\n",
      "[I 2026-04-16 04:03:30,882] Trial 91 finished with value: 5.8118424321081585 and parameters: {'x0': 0.04370727176231162, 'x1': 0.38199747041620447, 'x2': 0.734794892829498, 'x3': 0.03628013510187013, 'x4': 0.23989885602099054, 'x5': 0.9202328263094681}. Best is trial 57 with value: 5.814135065477887.\n",
      "[I 2026-04-16 04:03:30,901] Trial 92 finished with value: 5.814218510001065 and parameters: {'x0': 0.050350508692155405, 'x1': 0.2087878658704406, 'x2': 0.8326905605466697, 'x3': 0.032578795165447434, 'x4': 0.3073340273088252, 'x5': 0.9763432943541732}. Best is trial 92 with value: 5.814218510001065.\n",
      "[I 2026-04-16 04:03:30,918] Trial 93 finished with value: 5.804120711351664 and parameters: {'x0': 0.04228955013223906, 'x1': 0.2133123344970806, 'x2': 0.8382180448868773, 'x3': 0.02893376751855637, 'x4': 0.3080275308791759, 'x5': 0.9387265696019134}. Best is trial 92 with value: 5.814218510001065.\n",
      "[I 2026-04-16 04:03:30,935] Trial 94 finished with value: 5.813257389342076 and parameters: {'x0': 0.11200594119087212, 'x1': 0.21405646667634246, 'x2': 0.836898308784551, 'x3': 0.024092919983498613, 'x4': 0.35718995042801727, 'x5': 0.935549764040949}. Best is trial 92 with value: 5.814218510001065.\n",
      "[I 2026-04-16 04:03:30,956] Trial 95 finished with value: 5.828915297483728 and parameters: {'x0': 0.05141952525127717, 'x1': 0.1936687788201484, 'x2': 0.8373629668802054, 'x3': 0.018528000918987025, 'x4': 0.4812461460584372, 'x5': 0.9428451131022476}. Best is trial 95 with value: 5.828915297483728.\n",
      "[I 2026-04-16 04:03:30,979] Trial 96 finished with value: 5.827143841151562 and parameters: {'x0': 0.10039727570009, 'x1': 0.20458015822416137, 'x2': 0.8317835582082613, 'x3': 0.02815994786099362, 'x4': 0.463670655597869, 'x5': 0.9340522997410672}. Best is trial 95 with value: 5.828915297483728.\n",
      "[I 2026-04-16 04:03:31,000] Trial 97 finished with value: 5.83154401209355 and parameters: {'x0': 0.034427638694989854, 'x1': 0.19276482082844054, 'x2': 0.8307323356443463, 'x3': 0.02548729403084435, 'x4': 0.47499874605631986, 'x5': 0.93181908044282}. Best is trial 97 with value: 5.83154401209355.\n",
      "[I 2026-04-16 04:03:31,019] Trial 98 finished with value: 5.81074455013447 and parameters: {'x0': 0.05010184916070315, 'x1': 0.20454226444324, 'x2': 0.8337159612196834, 'x3': 0.027831627142916468, 'x4': 0.4817641596764007, 'x5': 0.8305365525470703}. Best is trial 97 with value: 5.83154401209355.\n",
      "[I 2026-04-16 04:03:31,038] Trial 99 finished with value: 5.770226761962304 and parameters: {'x0': 0.04562037071359863, 'x1': 0.20364722775063107, 'x2': 0.9648035646580093, 'x3': 0.02002801408272204, 'x4': 0.47200265456723656, 'x5': 0.828741645178376}. Best is trial 97 with value: 5.83154401209355.\n"
     ]
    },
    {
     "name": "stdout",
     "output_type": "stream",
     "text": [
      "[Iteration 0] Proposed: [0.03442764 0.19276482 0.83073234 0.02548729 0.47499875 0.93181908], UCB: 5.831544\n",
      "  Best so far (Optuna): 1.405962e+00\n",
      "\n",
      "Week 4:\n",
      "  Actual observation: y = 2.021781e+00\n"
     ]
    },
    {
     "name": "stderr",
     "output_type": "stream",
     "text": [
      "[I 2026-04-16 04:03:31,318] A new study created in memory with name: no-name-c5b5b087-90d6-42b0-a6ab-5719044f2d27\n",
      "[I 2026-04-16 04:03:31,319] Trial 0 finished with value: 5.416738747320778 and parameters: {'x0': 0.3745401188473625, 'x1': 0.9507143064099162, 'x2': 0.7319939418114051, 'x3': 0.5986584841970366, 'x4': 0.15601864044243652, 'x5': 0.15599452033620265}. Best is trial 0 with value: 5.416738747320778.\n",
      "[I 2026-04-16 04:03:31,321] Trial 1 finished with value: 5.256964625808136 and parameters: {'x0': 0.05808361216819946, 'x1': 0.8661761457749352, 'x2': 0.6011150117432088, 'x3': 0.7080725777960455, 'x4': 0.020584494295802447, 'x5': 0.9699098521619943}. Best is trial 0 with value: 5.416738747320778.\n",
      "[I 2026-04-16 04:03:31,325] Trial 2 finished with value: 4.148214746312335 and parameters: {'x0': 0.8324426408004217, 'x1': 0.21233911067827616, 'x2': 0.18182496720710062, 'x3': 0.18340450985343382, 'x4': 0.3042422429595377, 'x5': 0.5247564316322378}. Best is trial 0 with value: 5.416738747320778.\n",
      "[I 2026-04-16 04:03:31,327] Trial 3 finished with value: 4.9184858960877165 and parameters: {'x0': 0.43194501864211576, 'x1': 0.2912291401980419, 'x2': 0.6118528947223795, 'x3': 0.13949386065204183, 'x4': 0.29214464853521815, 'x5': 0.3663618432936917}. Best is trial 0 with value: 5.416738747320778.\n",
      "[I 2026-04-16 04:03:31,329] Trial 4 finished with value: 5.18963655723498 and parameters: {'x0': 0.45606998421703593, 'x1': 0.7851759613930136, 'x2': 0.19967378215835974, 'x3': 0.5142344384136116, 'x4': 0.5924145688620425, 'x5': 0.046450412719997725}. Best is trial 0 with value: 5.416738747320778.\n",
      "[I 2026-04-16 04:03:31,331] Trial 5 finished with value: 5.4906394351764645 and parameters: {'x0': 0.6075448519014384, 'x1': 0.17052412368729153, 'x2': 0.06505159298527952, 'x3': 0.9488855372533332, 'x4': 0.9656320330745594, 'x5': 0.8083973481164611}. Best is trial 5 with value: 5.4906394351764645.\n",
      "[I 2026-04-16 04:03:31,333] Trial 6 finished with value: 3.8597932439053615 and parameters: {'x0': 0.3046137691733707, 'x1': 0.09767211400638387, 'x2': 0.6842330265121569, 'x3': 0.4401524937396013, 'x4': 0.12203823484477883, 'x5': 0.4951769101112702}. Best is trial 5 with value: 5.4906394351764645.\n",
      "[I 2026-04-16 04:03:31,334] Trial 7 finished with value: 5.142391002468795 and parameters: {'x0': 0.034388521115218396, 'x1': 0.9093204020787821, 'x2': 0.2587799816000169, 'x3': 0.662522284353982, 'x4': 0.31171107608941095, 'x5': 0.5200680211778108}. Best is trial 5 with value: 5.4906394351764645.\n",
      "[I 2026-04-16 04:03:31,336] Trial 8 finished with value: 4.92147199376476 and parameters: {'x0': 0.5467102793432796, 'x1': 0.18485445552552704, 'x2': 0.9695846277645586, 'x3': 0.7751328233611146, 'x4': 0.9394989415641891, 'x5': 0.8948273504276488}. Best is trial 5 with value: 5.4906394351764645.\n",
      "[I 2026-04-16 04:03:31,338] Trial 9 finished with value: 5.625911257017927 and parameters: {'x0': 0.5978999788110851, 'x1': 0.9218742350231168, 'x2': 0.0884925020519195, 'x3': 0.1959828624191452, 'x4': 0.045227288910538066, 'x5': 0.32533033076326434}. Best is trial 9 with value: 5.625911257017927.\n",
      "[I 2026-04-16 04:03:31,355] Trial 10 finished with value: 4.307031397653756 and parameters: {'x0': 0.9534661403809405, 'x1': 0.5659360709459067, 'x2': 0.3687287727210974, 'x3': 0.0179618756148196, 'x4': 0.6370920485539681, 'x5': 0.28946106293079776}. Best is trial 9 with value: 5.625911257017927.\n",
      "[I 2026-04-16 04:03:31,369] Trial 11 finished with value: 5.444117884271673 and parameters: {'x0': 0.6791966817577344, 'x1': 0.4342874673832779, 'x2': 0.022252480246067956, 'x3': 0.98167925229322, 'x4': 0.967536434376218, 'x5': 0.7473941873052088}. Best is trial 9 with value: 5.625911257017927.\n",
      "[I 2026-04-16 04:03:31,383] Trial 12 finished with value: 1.9951435317299813 and parameters: {'x0': 0.6671009561203396, 'x1': 0.6921988934258363, 'x2': 0.031055010822738954, 'x3': 0.34926630919468094, 'x4': 0.7650911879541404, 'x5': 0.6880988980130585}. Best is trial 9 with value: 5.625911257017927.\n",
      "[I 2026-04-16 04:03:31,397] Trial 13 finished with value: 4.634264111426797 and parameters: {'x0': 0.6840994328847403, 'x1': 0.4099397786361344, 'x2': 0.3987681088924525, 'x3': 0.998764709368317, 'x4': 0.45580160842501527, 'x5': 0.7433439992566937}. Best is trial 9 with value: 5.625911257017927.\n",
      "[I 2026-04-16 04:03:31,408] Trial 14 finished with value: 5.4605422124164145 and parameters: {'x0': 0.18976199056627951, 'x1': 0.03358588493447223, 'x2': 0.12455413144368038, 'x3': 0.34279928826631634, 'x4': 0.8469961233886654, 'x5': 0.3275415153764192}. Best is trial 9 with value: 5.625911257017927.\n",
      "[I 2026-04-16 04:03:31,419] Trial 15 finished with value: 3.426048883685488 and parameters: {'x0': 0.5643700126830635, 'x1': 0.5831308193790049, 'x2': 0.3439037582728547, 'x3': 0.8543132377666622, 'x4': 0.4970853936108525, 'x5': 0.6446736852680854}. Best is trial 9 with value: 5.625911257017927.\n",
      "[I 2026-04-16 04:03:31,431] Trial 16 finished with value: 4.389747003207989 and parameters: {'x0': 0.8147225208023963, 'x1': 0.30344630088855795, 'x2': 0.09787990861896796, 'x3': 0.23255202699064112, 'x4': 0.7359553767526543, 'x5': 0.8484697407922026}. Best is trial 9 with value: 5.625911257017927.\n",
      "[I 2026-04-16 04:03:31,443] Trial 17 finished with value: 5.123532234885273 and parameters: {'x0': 0.813751709037171, 'x1': 0.7155673030511578, 'x2': 0.4723219616672015, 'x3': 0.028208764638047307, 'x4': 0.5895985018457592, 'x5': 0.18969594234069842}. Best is trial 9 with value: 5.625911257017927.\n",
      "[I 2026-04-16 04:03:31,454] Trial 18 finished with value: 4.729798087686621 and parameters: {'x0': 0.25254583603197417, 'x1': 0.5186142063329878, 'x2': 0.26690375207555295, 'x3': 0.8629273218532529, 'x4': 0.015510381994227163, 'x5': 0.5995018382569194}. Best is trial 9 with value: 5.625911257017927.\n",
      "[I 2026-04-16 04:03:31,467] Trial 19 finished with value: 4.117541495392594 and parameters: {'x0': 0.5880231748874889, 'x1': 0.009526505560575188, 'x2': 0.0008168190370633488, 'x3': 0.323074372412948, 'x4': 0.4463746333134184, 'x5': 0.4017020460365729}. Best is trial 9 with value: 5.625911257017927.\n",
      "[I 2026-04-16 04:03:31,480] Trial 20 finished with value: 5.437955264500919 and parameters: {'x0': 0.9704750429999299, 'x1': 0.666586046817748, 'x2': 0.9002148367830045, 'x3': 0.4306332633544112, 'x4': 0.22234635690112775, 'x5': 0.023695411505832153}. Best is trial 9 with value: 5.625911257017927.\n",
      "[I 2026-04-16 04:03:31,493] Trial 21 finished with value: 5.542015344004323 and parameters: {'x0': 0.18709936561304125, 'x1': 0.005211168526174991, 'x2': 0.12735380040917443, 'x3': 0.2783373412812331, 'x4': 0.802932231847159, 'x5': 0.279346397197809}. Best is trial 9 with value: 5.625911257017927.\n",
      "[I 2026-04-16 04:03:31,503] Trial 22 finished with value: 5.541966561732872 and parameters: {'x0': 0.16707678644186044, 'x1': 0.1274494240909617, 'x2': 0.1169465541783286, 'x3': 0.1491063875565367, 'x4': 0.8598834867771734, 'x5': 0.2407222601664224}. Best is trial 9 with value: 5.625911257017927.\n",
      "[I 2026-04-16 04:03:31,516] Trial 23 finished with value: 5.5971276313852405 and parameters: {'x0': 0.10236091655489164, 'x1': 0.10102865332920592, 'x2': 0.1445207925492326, 'x3': 0.1013785661321561, 'x4': 0.8246322255219807, 'x5': 0.21938497673688834}. Best is trial 9 with value: 5.625911257017927.\n",
      "[I 2026-04-16 04:03:31,532] Trial 24 finished with value: 5.5128890315035015 and parameters: {'x0': 0.10051922667334277, 'x1': 0.30353900922843735, 'x2': 0.26318272830870315, 'x3': 0.2588166097196416, 'x4': 0.7398967877216966, 'x5': 0.12515371487669477}. Best is trial 9 with value: 5.625911257017927.\n",
      "[I 2026-04-16 04:03:31,552] Trial 25 finished with value: 5.117643198721391 and parameters: {'x0': 0.32866353958272587, 'x1': 0.9936972194925275, 'x2': 0.20334829970661933, 'x3': 0.09508546473726405, 'x4': 0.8375839826522967, 'x5': 0.4236507031404773}. Best is trial 9 with value: 5.625911257017927.\n",
      "[I 2026-04-16 04:03:31,570] Trial 26 finished with value: 5.60601225011035 and parameters: {'x0': 0.13876993943059895, 'x1': 0.0783231952658977, 'x2': 0.4555177839199045, 'x3': 0.24894478377523865, 'x4': 0.6846114912437019, 'x5': 0.24858677338294177}. Best is trial 9 with value: 5.625911257017927.\n",
      "[I 2026-04-16 04:03:31,586] Trial 27 finished with value: 5.598089303284388 and parameters: {'x0': 0.12354887824768454, 'x1': 0.38133747606939195, 'x2': 0.5311722628160155, 'x3': 0.08759204487096008, 'x4': 0.6757317834771931, 'x5': 0.09228004951613056}. Best is trial 9 with value: 5.625911257017927.\n",
      "[I 2026-04-16 04:03:31,608] Trial 28 finished with value: 5.4989757857695745 and parameters: {'x0': 0.24838677259863096, 'x1': 0.41491516273876267, 'x2': 0.5001870222245662, 'x3': 0.21829721551155135, 'x4': 0.6583843519876355, 'x5': 0.08668068799272383}. Best is trial 9 with value: 5.625911257017927.\n",
      "[I 2026-04-16 04:03:31,628] Trial 29 finished with value: 4.847806042573817 and parameters: {'x0': 0.3885567335612261, 'x1': 0.827548533400184, 'x2': 0.8134174575589901, 'x3': 0.5686719670756406, 'x4': 0.5501295162461607, 'x5': 0.15011767312923147}. Best is trial 9 with value: 5.625911257017927.\n",
      "[I 2026-04-16 04:03:31,646] Trial 30 finished with value: 5.644367331824025 and parameters: {'x0': 0.018312198090511378, 'x1': 0.2390156997778957, 'x2': 0.5227906054676342, 'x3': 0.06061416788268076, 'x4': 0.6987097808842757, 'x5': 0.10731581327742806}. Best is trial 30 with value: 5.644367331824025.\n",
      "[I 2026-04-16 04:03:31,665] Trial 31 finished with value: 5.639100247024867 and parameters: {'x0': 0.0048264942439214305, 'x1': 0.2418598866878185, 'x2': 0.5357820927911111, 'x3': 0.08518151594571736, 'x4': 0.6637605405621093, 'x5': 0.08443478648947443}. Best is trial 30 with value: 5.644367331824025.\n",
      "[I 2026-04-16 04:03:31,682] Trial 32 finished with value: 5.315929863300445 and parameters: {'x0': 0.008986055556170408, 'x1': 0.2367290374306962, 'x2': 0.6110221485493572, 'x3': 0.00705826633379774, 'x4': 0.3713005234129264, 'x5': 0.17611888676793447}. Best is trial 30 with value: 5.644367331824025.\n",
      "[I 2026-04-16 04:03:31,699] Trial 33 finished with value: 4.196686750832019 and parameters: {'x0': 0.05469930416390423, 'x1': 0.2709165154813226, 'x2': 0.4349226535756673, 'x3': 0.15167479416246693, 'x4': 0.1279585237437909, 'x5': 0.004248882424775224}. Best is trial 30 with value: 5.644367331824025.\n",
      "[I 2026-04-16 04:03:31,719] Trial 34 finished with value: 5.692706886111287 and parameters: {'x0': 0.0015170677200404075, 'x1': 0.3427698403437908, 'x2': 0.7066380354695951, 'x3': 0.06477311941941212, 'x4': 0.6682093504302974, 'x5': 0.2486525288000886}. Best is trial 34 with value: 5.692706886111287.\n",
      "[I 2026-04-16 04:03:31,794] Trial 35 finished with value: 5.682774069983664 and parameters: {'x0': 0.0055605217909524135, 'x1': 0.36535628790916597, 'x2': 0.7027964384578342, 'x3': 0.05837943658590217, 'x4': 0.5603795723625239, 'x5': 0.3375795458007418}. Best is trial 34 with value: 5.692706886111287.\n",
      "[I 2026-04-16 04:03:31,816] Trial 36 finished with value: 5.635348359394763 and parameters: {'x0': 0.004748715087472868, 'x1': 0.3496561777039402, 'x2': 0.7153000258654285, 'x3': 0.09250172663192047, 'x4': 0.5416720829962035, 'x5': 0.08550644625347426}. Best is trial 34 with value: 5.692706886111287.\n",
      "[I 2026-04-16 04:03:31,833] Trial 37 finished with value: 5.722564849560813 and parameters: {'x0': 0.06804797927640059, 'x1': 0.47973022178249614, 'x2': 0.7881185864342393, 'x3': 0.06770192332988417, 'x4': 0.6021465100745584, 'x5': 0.38508569987343216}. Best is trial 37 with value: 5.722564849560813.\n",
      "[I 2026-04-16 04:03:31,853] Trial 38 finished with value: 5.742551347227979 and parameters: {'x0': 0.08520281024527107, 'x1': 0.32889117761358516, 'x2': 0.7929574334374756, 'x3': 0.04176593848227519, 'x4': 0.5938647532340262, 'x5': 0.43797004657890615}. Best is trial 38 with value: 5.742551347227979.\n",
      "[I 2026-04-16 04:03:31,887] Trial 39 finished with value: 5.632272759918858 and parameters: {'x0': 0.24230630932852182, 'x1': 0.4496416807765782, 'x2': 0.7833267801028884, 'x3': 0.1527991931289772, 'x4': 0.3972792364171065, 'x5': 0.4677017503294356}. Best is trial 38 with value: 5.742551347227979.\n",
      "[I 2026-04-16 04:03:31,914] Trial 40 finished with value: 5.53761867883921 and parameters: {'x0': 0.07122834789005755, 'x1': 0.500882343811944, 'x2': 0.6623804345546022, 'x3': 0.04312283339958539, 'x4': 0.6027828410062408, 'x5': 0.5653306200226194}. Best is trial 38 with value: 5.742551347227979.\n",
      "[I 2026-04-16 04:03:31,934] Trial 41 finished with value: 5.746005223287549 and parameters: {'x0': 0.06932008438431705, 'x1': 0.33979479556867465, 'x2': 0.8452443477951759, 'x3': 0.055953593344436794, 'x4': 0.5304231519874916, 'x5': 0.3739010063156565}. Best is trial 41 with value: 5.746005223287549.\n",
      "[I 2026-04-16 04:03:31,955] Trial 42 finished with value: 5.7457102924376 and parameters: {'x0': 0.0773736773208179, 'x1': 0.3460745323320477, 'x2': 0.8489336927146642, 'x3': 0.0020726749335630706, 'x4': 0.5148118121954528, 'x5': 0.3684333565436957}. Best is trial 41 with value: 5.746005223287549.\n",
      "[I 2026-04-16 04:03:31,977] Trial 43 finished with value: 5.749663800583519 and parameters: {'x0': 0.08425410504583838, 'x1': 0.34344289129051603, 'x2': 0.8735159301737626, 'x3': 0.1703827183116613, 'x4': 0.5012754711886057, 'x5': 0.4515990614513991}. Best is trial 43 with value: 5.749663800583519.\n",
      "[I 2026-04-16 04:03:31,993] Trial 44 finished with value: 5.760800790692676 and parameters: {'x0': 0.06796406341447873, 'x1': 0.4664904898052926, 'x2': 0.8703744884384159, 'x3': 0.185548680087129, 'x4': 0.44691440514460135, 'x5': 0.45300844214754654}. Best is trial 44 with value: 5.760800790692676.\n",
      "[I 2026-04-16 04:03:32,014] Trial 45 finished with value: 5.599186903194223 and parameters: {'x0': 0.21173869428172162, 'x1': 0.18673930456728374, 'x2': 0.8902433047970693, 'x3': 0.00295563761893973, 'x4': 0.36352554310441565, 'x5': 0.44498097532095265}. Best is trial 44 with value: 5.760800790692676.\n",
      "[I 2026-04-16 04:03:32,032] Trial 46 finished with value: 5.695771090672229 and parameters: {'x0': 0.29573973676694343, 'x1': 0.5395052856664212, 'x2': 0.9142007397817313, 'x3': 0.17079994624439873, 'x4': 0.47999039792094256, 'x5': 0.5182547704086751}. Best is trial 44 with value: 5.760800790692676.\n",
      "[I 2026-04-16 04:03:32,051] Trial 47 finished with value: 5.497292734946721 and parameters: {'x0': 0.14439757607784687, 'x1': 0.3211920278876338, 'x2': 0.9789849618626293, 'x3': 0.39239029729044644, 'x4': 0.41997082923246787, 'x5': 0.4794819346502314}. Best is trial 44 with value: 5.760800790692676.\n",
      "[I 2026-04-16 04:03:32,069] Trial 48 finished with value: 5.659590939604741 and parameters: {'x0': 0.4922770432102368, 'x1': 0.6043371983713467, 'x2': 0.8471418342101021, 'x3': 0.12571364257595852, 'x4': 0.31038211933065724, 'x5': 0.5712498749923458}. Best is trial 44 with value: 5.760800790692676.\n",
      "[I 2026-04-16 04:03:32,085] Trial 49 finished with value: 5.545680253255 and parameters: {'x0': 0.07584946932378997, 'x1': 0.450844086377749, 'x2': 0.7603185551551878, 'x3': 0.2009928246354626, 'x4': 0.23733191836190726, 'x5': 0.3660118526255333}. Best is trial 44 with value: 5.760800790692676.\n",
      "[I 2026-04-16 04:03:32,103] Trial 50 finished with value: 5.661792772571826 and parameters: {'x0': 0.15640990141077632, 'x1': 0.3893812704519673, 'x2': 0.947203630359086, 'x3': 0.2850665811917518, 'x4': 0.5276986406963026, 'x5': 0.4275060491542952}. Best is trial 44 with value: 5.760800790692676.\n",
      "[I 2026-04-16 04:03:32,122] Trial 51 finished with value: 5.738074506564773 and parameters: {'x0': 0.06748681644006999, 'x1': 0.4854935240019851, 'x2': 0.8493777084334927, 'x3': 0.12797096543305855, 'x4': 0.6117530531233959, 'x5': 0.3834756183931207}. Best is trial 44 with value: 5.760800790692676.\n",
      "[I 2026-04-16 04:03:32,145] Trial 52 finished with value: 5.729646257685172 and parameters: {'x0': 0.10619085684921065, 'x1': 0.4757210221662641, 'x2': 0.842744223037958, 'x3': 0.12294030558901728, 'x4': 0.47977139385436496, 'x5': 0.3509196494061139}. Best is trial 44 with value: 5.760800790692676.\n",
