      "[I 2026-04-16 04:03:25,165] Trial 7 finished with value: 4.708288959296734 and parameters: {'x0': 0.034388521115218396, 'x1': 0.9093204020787821, 'x2': 0.2587799816000169, 'x3': 0.662522284353982, 'x4': 0.31171107608941095, 'x5': 0.5200680211778108}. Best is trial 5 with value: 4.992015073267438.\n",
      "[I 2026-04-16 04:03:25,167] Trial 8 finished with value: 4.35053419135247 and parameters: {'x0': 0.5467102793432796, 'x1': 0.18485445552552704, 'x2': 0.9695846277645586, 'x3': 0.7751328233611146, 'x4': 0.9394989415641891, 'x5': 0.8948273504276488}. Best is trial 5 with value: 4.992015073267438.\n",
      "[I 2026-04-16 04:03:25,169] Trial 9 finished with value: 5.280943357919609 and parameters: {'x0': 0.5978999788110851, 'x1': 0.9218742350231168, 'x2': 0.0884925020519195, 'x3': 0.1959828624191452, 'x4': 0.045227288910538066, 'x5': 0.32533033076326434}. Best is trial 9 with value: 5.280943357919609.\n",
      "[I 2026-04-16 04:03:25,186] Trial 10 finished with value: 3.5511298032138447 and parameters: {'x0': 0.9534661403809405, 'x1': 0.5659360709459067, 'x2': 0.3687287727210974, 'x3': 0.0179618756148196, 'x4': 0.6370920485539681, 'x5': 0.28946106293079776}. Best is trial 9 with value: 5.280943357919609.\n",
      "[I 2026-04-16 04:03:25,203] Trial 11 finished with value: 4.914832590088903 and parameters: {'x0': 0.6791966817577344, 'x1': 0.4342874673832779, 'x2': 0.022252480246067956, 'x3': 0.98167925229322, 'x4': 0.967536434376218, 'x5': 0.7473941873052088}. Best is trial 9 with value: 5.280943357919609.\n",
      "[I 2026-04-16 04:03:25,227] Trial 12 finished with value: 1.5261557612432681 and parameters: {'x0': 0.6671009561203396, 'x1': 0.6921988934258363, 'x2': 0.031055010822738954, 'x3': 0.34926630919468094, 'x4': 0.7650911879541404, 'x5': 0.6880988980130585}. Best is trial 9 with value: 5.280943357919609.\n",
      "[I 2026-04-16 04:03:25,240] Trial 13 finished with value: 3.8858187780728923 and parameters: {'x0': 0.6840994328847403, 'x1': 0.4099397786361344, 'x2': 0.3987681088924525, 'x3': 0.998764709368317, 'x4': 0.45580160842501527, 'x5': 0.7433439992566937}. Best is trial 9 with value: 5.280943357919609.\n",
      "[I 2026-04-16 04:03:25,254] Trial 14 finished with value: 4.993468483889046 and parameters: {'x0': 0.18976199056627951, 'x1': 0.03358588493447223, 'x2': 0.12455413144368038, 'x3': 0.34279928826631634, 'x4': 0.8469961233886654, 'x5': 0.3275415153764192}. Best is trial 9 with value: 5.280943357919609.\n",
      "[I 2026-04-16 04:03:25,271] Trial 15 finished with value: 5.105907593052595 and parameters: {'x0': 0.21787859075113258, 'x1': 0.004515791849010631, 'x2': 0.3289607580180741, 'x3': 0.29685920444849606, 'x4': 0.797994869079017, 'x5': 0.31003722710560155}. Best is trial 9 with value: 5.280943357919609.\n",
      "[I 2026-04-16 04:03:25,287] Trial 16 finished with value: 4.941523054391647 and parameters: {'x0': 0.22645752350147566, 'x1': 0.6073184440721843, 'x2': 0.3221311060582089, 'x3': 0.23862410019990912, 'x4': 0.7552621872370429, 'x5': 0.1981119546547005}. Best is trial 9 with value: 5.280943357919609.\n",
      "[I 2026-04-16 04:03:25,308] Trial 17 finished with value: 3.057805437597821 and parameters: {'x0': 0.8132056682306046, 'x1': 0.34332907211948216, 'x2': 0.4723219616672015, 'x3': 0.04253909778885179, 'x4': 0.4436771677675861, 'x5': 0.007108708422050525}. Best is trial 9 with value: 5.280943357919609.\n",
      "[I 2026-04-16 04:03:25,326] Trial 18 finished with value: 4.496949641608611 and parameters: {'x0': 0.12782432428264007, 'x1': 0.7171972515277557, 'x2': 0.26690375207555295, 'x3': 0.2816529803203053, 'x4': 0.6092599562105125, 'x5': 0.4373608477652492}. Best is trial 9 with value: 5.280943357919609.\n",
      "[I 2026-04-16 04:03:25,342] Trial 19 finished with value: 4.779608278760465 and parameters: {'x0': 0.31987257359688775, 'x1': 0.5349287329810126, 'x2': 0.48471577332400884, 'x3': 0.11980479280681214, 'x4': 0.007228406279891235, 'x5': 0.6326071360435217}. Best is trial 9 with value: 5.280943357919609.\n",
      "[I 2026-04-16 04:03:25,362] Trial 20 finished with value: 4.848965217565686 and parameters: {'x0': 0.537602066382381, 'x1': 0.9871201364525798, 'x2': 0.9002148367830045, 'x3': 0.4572122162910785, 'x4': 0.7430130348093794, 'x5': 0.20847960930209142}. Best is trial 9 with value: 5.280943357919609.\n",
      "[I 2026-04-16 04:03:25,377] Trial 21 finished with value: 5.022695863756324 and parameters: {'x0': 0.18709936561304125, 'x1': 0.004625241564351615, 'x2': 0.1453458099324725, 'x3': 0.3390269345093433, 'x4': 0.8135228646260756, 'x5': 0.33826903315104995}. Best is trial 9 with value: 5.280943357919609.\n",
      "[I 2026-04-16 04:03:25,397] Trial 22 finished with value: 4.984499241913511 and parameters: {'x0': 0.22855143787125043, 'x1': 0.021132106081950198, 'x2': 0.1378560106269525, 'x3': 0.35670396970807094, 'x4': 0.8466194505101632, 'x5': 0.28802052115706195}. Best is trial 9 with value: 5.280943357919609.\n",
      "[I 2026-04-16 04:03:25,419] Trial 23 finished with value: 5.028317192739686 and parameters: {'x0': 0.11107920959887918, 'x1': 0.10081620384193146, 'x2': 0.2366903087360046, 'x3': 0.24140263281576407, 'x4': 0.8779918501706228, 'x5': 0.40775429439517646}. Best is trial 9 with value: 5.280943357919609.\n",
      "[I 2026-04-16 04:03:25,437] Trial 24 finished with value: 4.8980690406799825 and parameters: {'x0': 0.10376105927057444, 'x1': 0.28204903877826615, 'x2': 0.27291929065997067, 'x3': 0.2041829863603954, 'x4': 0.6702421004847781, 'x5': 0.4018867836162542}. Best is trial 9 with value: 5.280943357919609.\n",
      "[I 2026-04-16 04:03:25,452] Trial 25 finished with value: 4.772926398710193 and parameters: {'x0': 0.31942240231749397, 'x1': 0.10093927018753708, 'x2': 0.4219592338381783, 'x3': 0.09649593288698054, 'x4': 0.5173525652140668, 'x5': 0.13902405830293127}. Best is trial 9 with value: 5.280943357919609.\n",
      "[I 2026-04-16 04:03:25,483] Trial 26 finished with value: 3.1564644151345473 and parameters: {'x0': 0.7944552589740534, 'x1': 0.11829956789648682, 'x2': 0.3113525431861519, 'x3': 0.26682696215015156, 'x4': 0.6846114912437019, 'x5': 0.5970446750394403}. Best is trial 9 with value: 5.280943357919609.\n",
      "[I 2026-04-16 04:03:25,543] Trial 27 finished with value: 4.4443291351725795 and parameters: {'x0': 0.41502933910985584, 'x1': 0.4587850835852234, 'x2': 0.21312278098682563, 'x3': 0.40617185661635086, 'x4': 0.38164941159781374, 'x5': 0.25678963173649555}. Best is trial 9 with value: 5.280943357919609.\n",
      "[I 2026-04-16 04:03:25,559] Trial 28 finished with value: 4.198910884879765 and parameters: {'x0': 0.11231590336164117, 'x1': 0.24969578454732363, 'x2': 0.08796388409564232, 'x3': 0.5420414199764682, 'x4': 0.8965430345930898, 'x5': 0.41837237703531227}. Best is trial 9 with value: 5.280943357919609.\n",
      "[I 2026-04-16 04:03:25,596] Trial 29 finished with value: 4.584835469956575 and parameters: {'x0': 0.020701362049905872, 'x1': 0.3569584110096121, 'x2': 0.3532759654417124, 'x3': 0.17508056128796584, 'x4': 0.1756507850616341, 'x5': 0.12088729930932363}. Best is trial 9 with value: 5.280943357919609.\n",
      "[I 2026-04-16 04:03:25,615] Trial 30 finished with value: 4.569752651250428 and parameters: {'x0': 0.2770458327950968, 'x1': 0.6343482241478089, 'x2': 0.5243928853417692, 'x3': 0.28814661261748997, 'x4': 0.16182121164471408, 'x5': 0.4741238689484561}. Best is trial 9 with value: 5.280943357919609.\n",
      "[I 2026-04-16 04:03:25,630] Trial 31 finished with value: 5.016156757671414 and parameters: {'x0': 0.1766047654003683, 'x1': 0.019515034516453034, 'x2': 0.15827063177052855, 'x3': 0.3366451162941176, 'x4': 0.8256982184539198, 'x5': 0.34816051106730195}. Best is trial 9 with value: 5.280943357919609.\n",
      "[I 2026-04-16 04:03:25,648] Trial 32 finished with value: 4.696589671684128 and parameters: {'x0': 0.3626173301741325, 'x1': 0.0879014017066357, 'x2': 0.10570416691359288, 'x3': 0.4027355146282079, 'x4': 0.8826572850002398, 'x5': 0.22415735250421312}. Best is trial 9 with value: 5.280943357919609.\n",
      "[I 2026-04-16 04:03:25,665] Trial 33 finished with value: 4.774438735486198 and parameters: {'x0': 0.08604705905042825, 'x1': 0.16175808320655355, 'x2': 0.0007042885523461384, 'x3': 0.22731375258208175, 'x4': 0.7615936374786958, 'x5': 0.5860558738460587}. Best is trial 9 with value: 5.280943357919609.\n",
      "[I 2026-04-16 04:03:25,684] Trial 34 finished with value: 5.449553100934029 and parameters: {'x0': 0.0027519926074402734, 'x1': 0.0002621123047130136, 'x2': 0.23178337083173894, 'x3': 0.07376815927494827, 'x4': 0.5408435783553536, 'x5': 0.35873035438375744}. Best is trial 34 with value: 5.449553100934029.\n",
      "[I 2026-04-16 04:03:25,698] Trial 35 finished with value: 5.210515291078329 and parameters: {'x0': 0.006831791164549045, 'x1': 0.8348216080493419, 'x2': 0.2231815637033503, 'x3': 0.07668539205187347, 'x4': 0.54846774508673, 'x5': 0.3920875456333486}. Best is trial 34 with value: 5.449553100934029.\n",
      "[I 2026-04-16 04:03:25,714] Trial 36 finished with value: 5.471018972349435 and parameters: {'x0': 0.004776534641416332, 'x1': 0.8419803456620512, 'x2': 0.2033477164712793, 'x3': 0.09955666546450193, 'x4': 0.5629220102068831, 'x5': 0.08971815058737986}. Best is trial 36 with value: 5.471018972349435.\n",
      "[I 2026-04-16 04:03:25,728] Trial 37 finished with value: 5.4589934138491145 and parameters: {'x0': 0.008005155999389345, 'x1': 0.8315651457566958, 'x2': 0.7881185864342393, 'x3': 0.06770192332988417, 'x4': 0.526232968544914, 'x5': 0.10069900317975256}. Best is trial 36 with value: 5.471018972349435.\n",
      "[I 2026-04-16 04:03:25,747] Trial 38 finished with value: 5.448805743094622 and parameters: {'x0': 0.05585032649339927, 'x1': 0.8961824820448233, 'x2': 0.7483839142800945, 'x3': 0.003836129026768248, 'x4': 0.3768404890862078, 'x5': 0.052911687602805735}. Best is trial 36 with value: 5.471018972349435.\n",
      "[I 2026-04-16 04:03:25,770] Trial 39 finished with value: 5.431741731491214 and parameters: {'x0': 0.05369609897336248, 'x1': 0.7879448617046031, 'x2': 0.8234341834476722, 'x3': 0.005346724446018823, 'x4': 0.3692300014059552, 'x5': 0.07032201558503703}. Best is trial 36 with value: 5.471018972349435.\n",
      "[I 2026-04-16 04:03:25,794] Trial 40 finished with value: 5.43503300386915 and parameters: {'x0': 0.0020061692700574117, 'x1': 0.8630103106238626, 'x2': 0.7274753012507104, 'x3': 0.05760842319330764, 'x4': 0.2501503074027101, 'x5': 0.050159171759912025}. Best is trial 36 with value: 5.471018972349435.\n",
      "[I 2026-04-16 04:03:25,811] Trial 41 finished with value: 5.437573919780663 and parameters: {'x0': 0.0009680441086015678, 'x1': 0.8645440342049153, 'x2': 0.7104239671163843, 'x3': 0.14166167066831484, 'x4': 0.2436854083426618, 'x5': 0.09348476174720961}. Best is trial 36 with value: 5.471018972349435.\n",
      "[I 2026-04-16 04:03:25,829] Trial 42 finished with value: 5.4311606876963845 and parameters: {'x0': 0.061067793625632874, 'x1': 0.7859447410960423, 'x2': 0.8192899267893263, 'x3': 0.14007282765425655, 'x4': 0.4648389674066277, 'x5': 0.11832238990026697}. Best is trial 36 with value: 5.471018972349435.\n",
      "[I 2026-04-16 04:03:25,851] Trial 43 finished with value: 5.444775806688951 and parameters: {'x0': 0.1530179769676469, 'x1': 0.9210972041570022, 'x2': 0.6311399300528833, 'x3': 0.1516371180901817, 'x4': 0.3854515355863971, 'x5': 0.0063285214082970526}. Best is trial 36 with value: 5.471018972349435.\n",
      "[I 2026-04-16 04:03:25,869] Trial 44 finished with value: 5.4618894863103264 and parameters: {'x0': 0.14608444743449903, 'x1': 0.9464626372561109, 'x2': 0.612928876678232, 'x3': 0.08526554089979152, 'x4': 0.5545447975561365, 'x5': 0.011803211067611633}. Best is trial 36 with value: 5.471018972349435.\n",
      "[I 2026-04-16 04:03:25,890] Trial 45 finished with value: 5.4997748098560875 and parameters: {'x0': 0.062384389952728395, 'x1': 0.7188328077424497, 'x2': 0.6461837282461026, 'x3': 0.003640055102469805, 'x4': 0.5548136030146936, 'x5': 0.1960132878826566}. Best is trial 45 with value: 5.4997748098560875.\n",
      "[I 2026-04-16 04:03:25,912] Trial 46 finished with value: 5.4769124137488365 and parameters: {'x0': 0.13659981199137108, 'x1': 0.9933198128941451, 'x2': 0.5696489131329125, 'x3': 0.08518925638923648, 'x4': 0.5658883206410477, 'x5': 0.1476284106448324}. Best is trial 45 with value: 5.4997748098560875.\n",
      "[I 2026-04-16 04:03:25,931] Trial 47 finished with value: 4.391414174993296 and parameters: {'x0': 0.260251974625038, 'x1': 0.7208413640115705, 'x2': 0.5702821740915661, 'x3': 0.8443995403886599, 'x4': 0.581364255096299, 'x5': 0.17247321736992707}. Best is trial 45 with value: 5.4997748098560875.\n",
      "[I 2026-04-16 04:03:25,947] Trial 48 finished with value: 5.447307510471968 and parameters: {'x0': 0.15154617188763497, 'x1': 0.9898177138254358, 'x2': 0.6518617528605999, 'x3': 0.10109376225783137, 'x4': 0.6867796538650269, 'x5': 0.17591818699571404}. Best is trial 45 with value: 5.4997748098560875.\n",
      "[I 2026-04-16 04:03:25,965] Trial 49 finished with value: 5.49273210592 and parameters: {'x0': 0.06770461587857272, 'x1': 0.9508380949542055, 'x2': 0.5657315315243632, 'x3': 0.04236713634823845, 'x4': 0.4824535950789263, 'x5': 0.09494087382221694}. Best is trial 45 with value: 5.4997748098560875.\n",
      "[I 2026-04-16 04:03:25,985] Trial 50 finished with value: 5.470316063662395 and parameters: {'x0': 0.08144968940221634, 'x1': 0.9548775057295097, 'x2': 0.5699613532173515, 'x3': 0.03820219175465149, 'x4': 0.4825804303905755, 'x5': 0.001804794807711091}. Best is trial 45 with value: 5.4997748098560875.\n",
      "[I 2026-04-16 04:03:26,001] Trial 51 finished with value: 5.472884602304528 and parameters: {'x0': 0.07853799048663807, 'x1': 0.9370882988165966, 'x2': 0.5549879256982967, 'x3': 0.028886601820801057, 'x4': 0.46342926753751323, 'x5': 0.003797283798514869}. Best is trial 45 with value: 5.4997748098560875.\n",
      "[I 2026-04-16 04:03:26,016] Trial 52 finished with value: 5.504645316614502 and parameters: {'x0': 0.07811304861600124, 'x1': 0.9465302325659527, 'x2': 0.5614819628199741, 'x3': 0.04320418453722457, 'x4': 0.467448909554035, 'x5': 0.14605109127864238}. Best is trial 52 with value: 5.504645316614502.\n",
      "[I 2026-04-16 04:03:26,036] Trial 53 finished with value: 5.507020169414215 and parameters: {'x0': 0.09700841823621109, 'x1': 0.9607960206886587, 'x2': 0.5310838403252371, 'x3': 0.02058031422065871, 'x4': 0.4282047155280979, 'x5': 0.15268591637799944}. Best is trial 53 with value: 5.507020169414215.\n",
      "[I 2026-04-16 04:03:26,053] Trial 54 finished with value: 5.523474731916609 and parameters: {'x0': 0.07211839267137012, 'x1': 0.9638726111932764, 'x2': 0.5452343409227199, 'x3': 0.027982111946512303, 'x4': 0.42765012876690445, 'x5': 0.2328102272333119}. Best is trial 54 with value: 5.523474731916609.\n",
      "[I 2026-04-16 04:03:26,099] Trial 55 finished with value: 5.504329768279892 and parameters: {'x0': 0.1712308212884002, 'x1': 0.9998110505211065, 'x2': 0.4474151900369345, 'x3': 0.0009035006275092336, 'x4': 0.43025390126095214, 'x5': 0.25986897568789696}. Best is trial 54 with value: 5.523474731916609.\n",
      "[I 2026-04-16 04:03:26,115] Trial 56 finished with value: 5.425202582578114 and parameters: {'x0': 0.18778021665709355, 'x1': 0.8978829922973971, 'x2': 0.44948185190792944, 'x3': 0.17514900607007577, 'x4': 0.4212856877092769, 'x5': 0.2520438038240044}. Best is trial 54 with value: 5.523474731916609.\n",
      "[I 2026-04-16 04:03:26,134] Trial 57 finished with value: 5.485667017285811 and parameters: {'x0': 0.22719346968230103, 'x1': 0.9996251526133855, 'x2': 0.5116477352135219, 'x3': 0.034210074779603306, 'x4': 0.3342492092432078, 'x5': 0.2483627911101633}. Best is trial 54 with value: 5.523474731916609.\n",
      "[I 2026-04-16 04:03:26,152] Trial 58 finished with value: 5.551571777065545 and parameters: {'x0': 0.04134076854023079, 'x1': 0.9595634260746913, 'x2': 0.6576905139053761, 'x3': 0.013695459802117869, 'x4': 0.4267415107194335, 'x5': 0.9725691318816678}. Best is trial 58 with value: 5.551571777065545.\n",
      "[I 2026-04-16 04:03:26,181] Trial 59 finished with value: 5.563135166151769 and parameters: {'x0': 0.04334209374338725, 'x1': 0.8922617069572006, 'x2': 0.6916258546312462, 'x3': 0.0008043541560753126, 'x4': 0.4146037009027402, 'x5': 0.9562841109750249}. Best is trial 59 with value: 5.563135166151769.\n",
      "[I 2026-04-16 04:03:26,198] Trial 60 finished with value: 5.128148961852569 and parameters: {'x0': 0.49062767655283723, 'x1': 0.9046133249160815, 'x2': 0.6788758327621165, 'x3': 0.7263936014168869, 'x4': 0.4170773632766555, 'x5': 0.9769178674974288}. Best is trial 59 with value: 5.563135166151769.\n",
      "[I 2026-04-16 04:03:26,215] Trial 61 finished with value: 5.533059221986569 and parameters: {'x0': 0.045399622927592885, 'x1': 0.9668007554942648, 'x2': 0.6464279508868584, 'x3': 0.003489492778288134, 'x4': 0.296189870576797, 'x5': 0.8616865821859597}. Best is trial 59 with value: 5.563135166151769.\n",
      "[I 2026-04-16 04:03:26,237] Trial 62 finished with value: 5.337610194242691 and parameters: {'x0': 0.10644692188369799, 'x1': 0.9767410854701574, 'x2': 0.44491443378200507, 'x3': 0.12179457472331476, 'x4': 0.34437837133016386, 'x5': 0.800092038137552}. Best is trial 59 with value: 5.563135166151769.\n",
      "[I 2026-04-16 04:03:26,259] Trial 63 finished with value: 5.496427396747616 and parameters: {'x0': 0.041318464429048414, 'x1': 0.886242333828508, 'x2': 0.5310245643739501, 'x3': 0.003272537318937793, 'x4': 0.26958086643953993, 'x5': 0.91179124730786}. Best is trial 59 with value: 5.563135166151769.\n",
      "[I 2026-04-16 04:03:26,281] Trial 64 finished with value: 5.22295703210149 and parameters: {'x0': 0.9381268265499793, 'x1': 0.9561177880487755, 'x2': 0.6100232709724711, 'x3': 0.05876282500291649, 'x4': 0.41993271392942794, 'x5': 0.9054164442942627}. Best is trial 59 with value: 5.563135166151769.\n",
      "[I 2026-04-16 04:03:26,302] Trial 65 finished with value: 5.010735319144058 and parameters: {'x0': 0.11456614482973523, 'x1': 0.8195500489866197, 'x2': 0.6793393877491236, 'x3': 0.5860723365152888, 'x4': 0.30671265005394494, 'x5': 0.9980157314748621}. Best is trial 59 with value: 5.563135166151769.\n",
      "[I 2026-04-16 04:03:26,319] Trial 66 finished with value: 5.290251228332321 and parameters: {'x0': 0.1773231176652645, 'x1': 0.9303405675820783, 'x2': 0.39449719412819595, 'x3': 0.11521133992130914, 'x4': 0.33641555903372244, 'x5': 0.9354886847411995}. Best is trial 59 with value: 5.563135166151769.\n",
      "[I 2026-04-16 04:03:26,346] Trial 67 finished with value: 5.342125259041938 and parameters: {'x0': 0.031845004742344765, 'x1': 0.7600078052227134, 'x2': 0.4796777991079554, 'x3': 0.041753311950352895, 'x4': 0.22214493020752762, 'x5': 0.9439971963443645}. Best is trial 59 with value: 5.563135166151769.\n",
      "[I 2026-04-16 04:03:26,367] Trial 68 finished with value: 5.4390774526606025 and parameters: {'x0': 0.25558898955394316, 'x1': 0.8762082992206741, 'x2': 0.7610091534161019, 'x3': 0.16167498020278734, 'x4': 0.4980979005577355, 'x5': 0.8561323088824417}. Best is trial 59 with value: 5.563135166151769.\n",
      "[I 2026-04-16 04:03:26,386] Trial 69 finished with value: 5.408257729389869 and parameters: {'x0': 0.0873112917622485, 'x1': 0.9655905934906504, 'x2': 0.5362202125448972, 'x3': 0.19199884178733623, 'x4': 0.4371560662466031, 'x5': 0.85251003635935}. Best is trial 59 with value: 5.563135166151769.\n",
      "[I 2026-04-16 04:03:26,404] Trial 70 finished with value: 5.50485147034965 and parameters: {'x0': 0.20875191125901837, 'x1': 0.9146970661733259, 'x2': 0.6957007398003452, 'x3': 0.02052874942470015, 'x4': 0.3988359792971246, 'x5': 0.7645252340013999}. Best is trial 59 with value: 5.563135166151769.\n",
      "[I 2026-04-16 04:03:26,430] Trial 71 finished with value: 5.532832713800228 and parameters: {'x0': 0.14014996115173475, 'x1': 0.9134000244002023, 'x2': 0.709409042938238, 'x3': 0.020746452163001104, 'x4': 0.40287757443076117, 'x5': 0.8446221728069585}. Best is trial 59 with value: 5.563135166151769.\n",
      "[I 2026-04-16 04:03:26,450] Trial 72 finished with value: 5.50635337345993 and parameters: {'x0': 0.1251870837064932, 'x1': 0.9182587035994514, 'x2': 0.693788083615123, 'x3': 0.0605075055424054, 'x4': 0.3582424366305811, 'x5': 0.7648817825783868}. Best is trial 59 with value: 5.563135166151769.\n",
      "[I 2026-04-16 04:03:26,473] Trial 73 finished with value: 5.420982554566351 and parameters: {'x0': 0.2061197263943459, 'x1': 0.8110802746697932, 'x2': 0.7077356128656187, 'x3': 0.12428847042641081, 'x4': 0.35611439118687627, 'x5': 0.7881018875710794}. Best is trial 59 with value: 5.563135166151769.\n",
      "[I 2026-04-16 04:03:26,495] Trial 74 finished with value: 5.488858555455078 and parameters: {'x0': 0.12080126079033401, 'x1': 0.9100933210583824, 'x2': 0.8744785827225956, 'x3': 0.06688621998636982, 'x4': 0.3116424509005375, 'x5': 0.7148653093080104}. Best is trial 59 with value: 5.563135166151769.\n",
      "[I 2026-04-16 04:03:26,514] Trial 75 finished with value: 5.552557943166878 and parameters: {'x0': 0.041183258422340684, 'x1': 0.8671998097395021, 'x2': 0.7761288035285887, 'x3': 0.03666361864712128, 'x4': 0.3994163656372182, 'x5': 0.8574578884316593}. Best is trial 59 with value: 5.563135166151769.\n",
      "[I 2026-04-16 04:03:26,532] Trial 76 finished with value: 5.500150168750751 and parameters: {'x0': 0.03330975944187704, 'x1': 0.8569843332633851, 'x2': 0.7891919849774379, 'x3': 0.09228640556077261, 'x4': 0.20410914729122762, 'x5': 0.8650333943971582}. Best is trial 59 with value: 5.563135166151769.\n",
