      "[I 2026-04-16 04:03:29,427] Trial 14 finished with value: 5.318422816004962 and parameters: {'x0': 0.18976199056627951, 'x1': 0.03358588493447223, 'x2': 0.12455413144368038, 'x3': 0.34279928826631634, 'x4': 0.8469961233886654, 'x5': 0.3275415153764192}. Best is trial 9 with value: 5.525198089101115.\n",
      "[I 2026-04-16 04:03:29,445] Trial 15 finished with value: 3.209227586274065 and parameters: {'x0': 0.5643700126830635, 'x1': 0.5831308193790049, 'x2': 0.3439037582728547, 'x3': 0.8543132377666622, 'x4': 0.4970853936108525, 'x5': 0.6446736852680854}. Best is trial 9 with value: 5.525198089101115.\n",
      "[I 2026-04-16 04:03:29,461] Trial 16 finished with value: 4.183994566997045 and parameters: {'x0': 0.8147225208023963, 'x1': 0.30344630088855795, 'x2': 0.09787990861896796, 'x3': 0.23255202699064112, 'x4': 0.7359553767526543, 'x5': 0.8484697407922026}. Best is trial 9 with value: 5.525198089101115.\n",
      "[I 2026-04-16 04:03:29,476] Trial 17 finished with value: 4.94869565832054 and parameters: {'x0': 0.813751709037171, 'x1': 0.7155673030511578, 'x2': 0.4723219616672015, 'x3': 0.028208764638047307, 'x4': 0.5895985018457592, 'x5': 0.18969594234069842}. Best is trial 9 with value: 5.525198089101115.\n",
      "[I 2026-04-16 04:03:29,488] Trial 18 finished with value: 4.528976835371517 and parameters: {'x0': 0.25254583603197417, 'x1': 0.5186142063329878, 'x2': 0.26690375207555295, 'x3': 0.8629273218532529, 'x4': 0.015510381994227163, 'x5': 0.5995018382569194}. Best is trial 9 with value: 5.525198089101115.\n",
      "[I 2026-04-16 04:03:29,505] Trial 19 finished with value: 3.8856108981652544 and parameters: {'x0': 0.5880231748874889, 'x1': 0.009526505560575188, 'x2': 0.0008168190370633488, 'x3': 0.323074372412948, 'x4': 0.4463746333134184, 'x5': 0.4017020460365729}. Best is trial 9 with value: 5.525198089101115.\n",
      "[I 2026-04-16 04:03:29,523] Trial 20 finished with value: 5.2952988377929495 and parameters: {'x0': 0.9704750429999299, 'x1': 0.666586046817748, 'x2': 0.9002148367830045, 'x3': 0.4306332633544112, 'x4': 0.22234635690112775, 'x5': 0.023695411505832153}. Best is trial 9 with value: 5.525198089101115.\n",
      "[I 2026-04-16 04:03:29,543] Trial 21 finished with value: 5.417590734217537 and parameters: {'x0': 0.18709936561304125, 'x1': 0.005211168526174991, 'x2': 0.12735380040917443, 'x3': 0.2783373412812331, 'x4': 0.802932231847159, 'x5': 0.279346397197809}. Best is trial 9 with value: 5.525198089101115.\n",
      "[I 2026-04-16 04:03:29,558] Trial 22 finished with value: 5.427050278145202 and parameters: {'x0': 0.16707678644186044, 'x1': 0.1274494240909617, 'x2': 0.1169465541783286, 'x3': 0.1491063875565367, 'x4': 0.8598834867771734, 'x5': 0.2407222601664224}. Best is trial 9 with value: 5.525198089101115.\n",
      "[I 2026-04-16 04:03:29,572] Trial 23 finished with value: 5.49799836769249 and parameters: {'x0': 0.10236091655489164, 'x1': 0.10102865332920592, 'x2': 0.1445207925492326, 'x3': 0.1013785661321561, 'x4': 0.8246322255219807, 'x5': 0.21938497673688834}. Best is trial 9 with value: 5.525198089101115.\n",
      "[I 2026-04-16 04:03:29,589] Trial 24 finished with value: 5.405969608843393 and parameters: {'x0': 0.10051922667334277, 'x1': 0.3134703247236313, 'x2': 0.26318272830870315, 'x3': 0.08547150000344901, 'x4': 0.8766012324747308, 'x5': 0.1707552397075806}. Best is trial 9 with value: 5.525198089101115.\n",
      "[I 2026-04-16 04:03:29,618] Trial 25 finished with value: 5.427762572487989 and parameters: {'x0': 0.1365229660025205, 'x1': 0.9936972194925275, 'x2': 0.20334829970661933, 'x3': 0.12320713282944593, 'x4': 0.6926596442582038, 'x5': 0.22214425537078053}. Best is trial 9 with value: 5.525198089101115.\n",
      "[I 2026-04-16 04:03:29,642] Trial 26 finished with value: 5.523034926983067 and parameters: {'x0': 0.3268709790902807, 'x1': 0.9937749756590315, 'x2': 0.20928167767669342, 'x3': 0.10354941736446206, 'x4': 0.6846114912437019, 'x5': 0.09841259772893263}. Best is trial 9 with value: 5.525198089101115.\n",
      "[I 2026-04-16 04:03:29,661] Trial 27 finished with value: 5.495466549899065 and parameters: {'x0': 0.3182084275316687, 'x1': 0.8547246274830825, 'x2': 0.4670051478103574, 'x3': 0.2028917152250312, 'x4': 0.6757317834771931, 'x5': 0.09228004951613056}. Best is trial 9 with value: 5.525198089101115.\n",
      "[I 2026-04-16 04:03:29,672] Trial 28 finished with value: 5.475422088082976 and parameters: {'x0': 0.3912276212352036, 'x1': 0.79176625986217, 'x2': 0.34175023161321705, 'x3': 0.06380776178188582, 'x4': 0.5369889409279941, 'x5': 0.1118449783799566}. Best is trial 9 with value: 5.525198089101115.\n",
      "[I 2026-04-16 04:03:29,687] Trial 29 finished with value: 5.5889838049792475 and parameters: {'x0': 0.2604563726299334, 'x1': 0.9974698284809731, 'x2': 0.8134174575589901, 'x3': 0.25222506308614795, 'x4': 0.1510876052183422, 'x5': 0.12088729930932363}. Best is trial 29 with value: 5.5889838049792475.\n",
      "[I 2026-04-16 04:03:29,711] Trial 30 finished with value: 5.474816153125544 and parameters: {'x0': 0.340663701636831, 'x1': 0.9759065834595517, 'x2': 0.8305522958967522, 'x3': 0.5654189474092592, 'x4': 0.09082795681895527, 'x5': 0.11211255029254164}. Best is trial 29 with value: 5.5889838049792475.\n",
      "[I 2026-04-16 04:03:29,730] Trial 31 finished with value: 5.574880150135811 and parameters: {'x0': 0.2496259574963423, 'x1': 0.954436373774022, 'x2': 0.7595117656212718, 'x3': 0.23332595545653428, 'x4': 0.17956658087254468, 'x5': 0.39913354938432377}. Best is trial 29 with value: 5.5889838049792475.\n",
      "[I 2026-04-16 04:03:29,751] Trial 32 finished with value: 5.551531602496885 and parameters: {'x0': 0.27426949789570515, 'x1': 0.8898061892563727, 'x2': 0.7921149552319438, 'x3': 0.2535011769870032, 'x4': 0.21170053415004425, 'x5': 0.4015417250806126}. Best is trial 29 with value: 5.5889838049792475.\n",
      "[I 2026-04-16 04:03:29,771] Trial 33 finished with value: 5.536179841211941 and parameters: {'x0': 0.24097542915015863, 'x1': 0.8982637954162395, 'x2': 0.7670725012029121, 'x3': 0.2763802016453973, 'x4': 0.17467332761565313, 'x5': 0.39741534769297404}. Best is trial 29 with value: 5.5889838049792475.\n",
      "[I 2026-04-16 04:03:29,794] Trial 34 finished with value: 5.364117205930535 and parameters: {'x0': 0.24631141810155133, 'x1': 0.8432787626115521, 'x2': 0.7798517142084342, 'x3': 0.38792800796020976, 'x4': 0.20072024394049082, 'x5': 0.4196886079344746}. Best is trial 29 with value: 5.5889838049792475.\n",
      "[I 2026-04-16 04:03:29,815] Trial 35 finished with value: 5.489998359173341 and parameters: {'x0': 0.2426299321134129, 'x1': 0.9045615588114053, 'x2': 0.6811197363903216, 'x3': 0.27765832305269705, 'x4': 0.23541848522136627, 'x5': 0.46017515726782404}. Best is trial 29 with value: 5.5889838049792475.\n",
      "[I 2026-04-16 04:03:29,837] Trial 36 finished with value: 5.321173277860098 and parameters: {'x0': 0.41038285006515296, 'x1': 0.7949881184108764, 'x2': 0.6042730217899317, 'x3': 0.26597734872468526, 'x4': 0.35793383892891717, 'x5': 0.558845647311108}. Best is trial 29 with value: 5.5889838049792475.\n",
      "[I 2026-04-16 04:03:29,854] Trial 37 finished with value: 5.141113502230173 and parameters: {'x0': 0.46745997143978907, 'x1': 0.7502708234930446, 'x2': 0.7881185864342393, 'x3': 0.45498079586023477, 'x4': 0.1599773719763816, 'x5': 0.382828195023846}. Best is trial 29 with value: 5.5889838049792475.\n",
      "[I 2026-04-16 04:03:29,875] Trial 38 finished with value: 5.323252932260004 and parameters: {'x0': 0.2707652524859678, 'x1': 0.9318158989158225, 'x2': 0.6855908268874443, 'x3': 0.38170768583205883, 'x4': 0.38104246838714917, 'x5': 0.4537885699970155}. Best is trial 29 with value: 5.5889838049792475.\n",
      "[I 2026-04-16 04:03:29,893] Trial 39 finished with value: 4.882623234254675 and parameters: {'x0': 0.07323285682709194, 'x1': 0.8627594544801148, 'x2': 0.8913904091946483, 'x3': 0.5547845428183137, 'x4': 0.2743509987712579, 'x5': 0.48378031786949083}. Best is trial 29 with value: 5.5889838049792475.\n",
      "[I 2026-04-16 04:03:29,912] Trial 40 finished with value: 5.651422109203168 and parameters: {'x0': 0.009463016335515384, 'x1': 0.8236612322527145, 'x2': 0.9791784847472038, 'x3': 0.17278923395370127, 'x4': 0.09025431547770561, 'x5': 0.5608397556830895}. Best is trial 40 with value: 5.651422109203168.\n",
      "[I 2026-04-16 04:03:29,933] Trial 41 finished with value: 5.6285220181406626 and parameters: {'x0': 0.009154919854864163, 'x1': 0.9386854210886459, 'x2': 0.9886603983684208, 'x3': 0.18506483303876942, 'x4': 0.08581820375216848, 'x5': 0.5905671061769588}. Best is trial 40 with value: 5.651422109203168.\n",
      "[I 2026-04-16 04:03:29,954] Trial 42 finished with value: 5.627802050668084 and parameters: {'x0': 0.04005826109850413, 'x1': 0.9504624489427602, 'x2': 0.9982835861660032, 'x3': 0.16303550939711517, 'x4': 0.0927838692675087, 'x5': 0.5774127471638679}. Best is trial 40 with value: 5.651422109203168.\n",
      "[I 2026-04-16 04:03:29,971] Trial 43 finished with value: 5.629575750880456 and parameters: {'x0': 0.00636498479933173, 'x1': 0.9641483298785305, 'x2': 0.9500700898380959, 'x3': 0.16627443700894776, 'x4': 0.0878574333162424, 'x5': 0.5740993763219918}. Best is trial 40 with value: 5.651422109203168.\n",
      "[I 2026-04-16 04:03:29,985] Trial 44 finished with value: 5.6526483194077795 and parameters: {'x0': 0.0027735675987830646, 'x1': 0.8126768946126195, 'x2': 0.9999105513480703, 'x3': 0.16801226360629296, 'x4': 0.09228292038006976, 'x5': 0.5694509514674743}. Best is trial 44 with value: 5.6526483194077795.\n",
      "[I 2026-04-16 04:03:30,008] Trial 45 finished with value: 5.650350634103694 and parameters: {'x0': 0.0038048517711085843, 'x1': 0.8213174012657459, 'x2': 0.9933319154720793, 'x3': 0.16813011343607853, 'x4': 0.07617283967455157, 'x5': 0.5667206664414975}. Best is trial 44 with value: 5.6526483194077795.\n",
      "[I 2026-04-16 04:03:30,030] Trial 46 finished with value: 5.69174718407296 and parameters: {'x0': 0.009496410329643372, 'x1': 0.6385890369480984, 'x2': 0.9275465613903036, 'x3': 0.18160013726943183, 'x4': 0.038143036422894044, 'x5': 0.6356775871354814}. Best is trial 46 with value: 5.69174718407296.\n",
      "[I 2026-04-16 04:03:30,047] Trial 47 finished with value: 5.717115922036487 and parameters: {'x0': 0.012676476109469783, 'x1': 0.6286589643213537, 'x2': 0.944121993102035, 'x3': 0.06096795961416886, 'x4': 0.04161699026304837, 'x5': 0.6627399186854503}. Best is trial 47 with value: 5.717115922036487.\n",
      "[I 2026-04-16 04:03:30,062] Trial 48 finished with value: 5.726270328504947 and parameters: {'x0': 0.07598539429744561, 'x1': 0.6278286644050965, 'x2': 0.9090586202864768, 'x3': 0.010933146432791724, 'x4': 0.03695567077301276, 'x5': 0.6694353172889334}. Best is trial 48 with value: 5.726270328504947.\n",
      "[I 2026-04-16 04:03:30,078] Trial 49 finished with value: 5.71162909932515 and parameters: {'x0': 0.0740988904671284, 'x1': 0.6382814743216665, 'x2': 0.9176885630652729, 'x3': 0.04748854950269571, 'x4': 0.0039332803111028145, 'x5': 0.6765764900325001}. Best is trial 48 with value: 5.726270328504947.\n",
      "[I 2026-04-16 04:03:30,097] Trial 50 finished with value: 5.7316999230044 and parameters: {'x0': 0.0807822827148453, 'x1': 0.5856679802908427, 'x2': 0.8671185133445319, 'x3': 0.020271491470902354, 'x4': 0.0012828698981548967, 'x5': 0.7187161863190282}. Best is trial 50 with value: 5.7316999230044.\n",
      "[I 2026-04-16 04:03:30,117] Trial 51 finished with value: 5.721969466804181 and parameters: {'x0': 0.07139546419760948, 'x1': 0.6246626542636177, 'x2': 0.91556998405422, 'x3': 0.0011238032232872008, 'x4': 0.015359359534681219, 'x5': 0.6965412121140303}. Best is trial 50 with value: 5.7316999230044.\n",
      "[I 2026-04-16 04:03:30,135] Trial 52 finished with value: 5.732738840626029 and parameters: {'x0': 0.07918397470686493, 'x1': 0.6308121555084933, 'x2': 0.8721859443504514, 'x3': 0.006216721043948835, 'x4': 0.00495996277759489, 'x5': 0.718524171718739}. Best is trial 52 with value: 5.732738840626029.\n",
      "[I 2026-04-16 04:03:30,151] Trial 53 finished with value: 5.741820343224597 and parameters: {'x0': 0.08724696611990901, 'x1': 0.6039497276998742, 'x2': 0.8546356475328829, 'x3': 0.009989522892451343, 'x4': 0.005655277050895478, 'x5': 0.7385727424473095}. Best is trial 53 with value: 5.741820343224597.\n",
      "[I 2026-04-16 04:03:30,169] Trial 54 finished with value: 5.7314267600711535 and parameters: {'x0': 0.13470140024273786, 'x1': 0.5679268388288992, 'x2': 0.871139350997601, 'x3': 0.023733586919347217, 'x4': 0.0018985654496343988, 'x5': 0.7529020646572212}. Best is trial 53 with value: 5.741820343224597.\n",
      "[I 2026-04-16 04:03:30,187] Trial 55 finished with value: 5.747012073350713 and parameters: {'x0': 0.11080042228177256, 'x1': 0.5451087085748697, 'x2': 0.8429419129939032, 'x3': 0.0006981756617514571, 'x4': 0.011752028552171456, 'x5': 0.7609083638255854}. Best is trial 55 with value: 5.747012073350713.\n",
      "[I 2026-04-16 04:03:30,213] Trial 56 finished with value: 5.78352593919427 and parameters: {'x0': 0.13098565814661633, 'x1': 0.47810054202810315, 'x2': 0.8588874587055271, 'x3': 0.013820638378331737, 'x4': 0.13078049495387717, 'x5': 0.7985350157287056}. Best is trial 56 with value: 5.78352593919427.\n",
      "[I 2026-04-16 04:03:30,233] Trial 57 finished with value: 5.814135065477887 and parameters: {'x0': 0.14010409694439208, 'x1': 0.4901700175813099, 'x2': 0.8636922269652906, 'x3': 0.0390519758065304, 'x4': 0.14715748425648764, 'x5': 0.9716452764893935}. Best is trial 57 with value: 5.814135065477887.\n",
      "[I 2026-04-16 04:03:30,252] Trial 58 finished with value: 5.806960297950348 and parameters: {'x0': 0.14323674440899237, 'x1': 0.46140191238270156, 'x2': 0.8630216210553777, 'x3': 0.07019517067629183, 'x4': 0.12882488873145354, 'x5': 0.9725691318816678}. Best is trial 57 with value: 5.814135065477887.\n",
      "[I 2026-04-16 04:03:30,268] Trial 59 finished with value: 5.791195572905115 and parameters: {'x0': 0.20091722151637736, 'x1': 0.44585533782832687, 'x2': 0.7092202632710116, 'x3': 0.07954877311062689, 'x4': 0.1412917709815733, 'x5': 0.9863333924518762}. Best is trial 57 with value: 5.814135065477887.\n",
      "[I 2026-04-16 04:03:30,284] Trial 60 finished with value: 5.7746512167928605 and parameters: {'x0': 0.1943845654617785, 'x1': 0.42254053661924895, 'x2': 0.7354333711974854, 'x3': 0.121536312689683, 'x4': 0.12833763745462323, 'x5': 0.9782569781271435}. Best is trial 57 with value: 5.814135065477887.\n",
      "[I 2026-04-16 04:03:30,304] Trial 61 finished with value: 5.655151028877997 and parameters: {'x0': 0.20899497006102616, 'x1': 0.45144002527053306, 'x2': 0.5574399582318857, 'x3': 0.0832411028631808, 'x4': 0.1343834492451357, 'x5': 0.9998168900576234}. Best is trial 57 with value: 5.814135065477887.\n",
      "[I 2026-04-16 04:03:30,322] Trial 62 finished with value: 5.7710694839822025 and parameters: {'x0': 0.1358975972245071, 'x1': 0.3757774681877322, 'x2': 0.731065583847349, 'x3': 0.050666968588770275, 'x4': 0.2502530393865613, 'x5': 0.9178505713768952}. Best is trial 57 with value: 5.814135065477887.\n",
      "[I 2026-04-16 04:03:30,348] Trial 63 finished with value: 5.690216969547762 and parameters: {'x0': 0.12986838860441735, 'x1': 0.3951598214987817, 'x2': 0.7207390454341724, 'x3': 0.12812769523649448, 'x4': 0.25063647757614493, 'x5': 0.9214655688247204}. Best is trial 57 with value: 5.814135065477887.\n",
      "[I 2026-04-16 04:03:30,363] Trial 64 finished with value: 5.6210261742256105 and parameters: {'x0': 0.17369427218298517, 'x1': 0.5084632947458818, 'x2': 0.6533329952363321, 'x3': 0.05907421179312099, 'x4': 0.3309479085187206, 'x5': 0.925232552161853}. Best is trial 57 with value: 5.814135065477887.\n",
      "[I 2026-04-16 04:03:30,378] Trial 65 finished with value: 5.6432458402694365 and parameters: {'x0': 0.20511311871532478, 'x1': 0.37716975156242766, 'x2': 0.733168525294112, 'x3': 0.11073660088856824, 'x4': 0.13971604445868896, 'x5': 0.8498680238656994}. Best is trial 57 with value: 5.814135065477887.\n",
      "[I 2026-04-16 04:03:30,398] Trial 66 finished with value: 4.143248744479456 and parameters: {'x0': 0.14182011096200142, 'x1': 0.362403306146255, 'x2': 0.8298613827920733, 'x3': 0.6899601247401865, 'x4': 0.12041184249649642, 'x5': 0.9567255288232817}. Best is trial 57 with value: 5.814135065477887.\n",
      "[I 2026-04-16 04:03:30,413] Trial 67 finished with value: 5.694708108258654 and parameters: {'x0': 0.15636740773831365, 'x1': 0.44376959678269323, 'x2': 0.7345953341900499, 'x3': 0.0791711804931555, 'x4': 0.26515635763827816, 'x5': 0.8325543145691694}. Best is trial 57 with value: 5.814135065477887.\n",
      "[I 2026-04-16 04:03:30,428] Trial 68 finished with value: 5.273865558838986 and parameters: {'x0': 0.22069989513943872, 'x1': 0.47779507173509633, 'x2': 0.5480085438101275, 'x3': 0.13484839158679784, 'x4': 0.19202278218850755, 'x5': 0.8808870857503723}. Best is trial 57 with value: 5.814135065477887.\n",
      "[I 2026-04-16 04:03:30,444] Trial 69 finished with value: 5.770847403050964 and parameters: {'x0': 0.1076263909784968, 'x1': 0.5444092268531049, 'x2': 0.6493809687231126, 'x3': 0.05503472673570638, 'x4': 0.11827062806279587, 'x5': 0.9914554563413829}. Best is trial 57 with value: 5.814135065477887.\n",
      "[I 2026-04-16 04:03:30,462] Trial 70 finished with value: 5.776111947202905 and parameters: {'x0': 0.2975089219913795, 'x1': 0.23569324202420672, 'x2': 0.6370590879317352, 'x3': 0.05730472540924313, 'x4': 0.30243580644145596, 'x5': 0.978726847488496}. Best is trial 57 with value: 5.814135065477887.\n",
      "[I 2026-04-16 04:03:30,488] Trial 71 finished with value: 5.78589967102512 and parameters: {'x0': 0.2949020921289076, 'x1': 0.26824250517141746, 'x2': 0.6444105019168453, 'x3': 0.04901659028544319, 'x4': 0.30767550499452345, 'x5': 0.9994516287727678}. Best is trial 57 with value: 5.814135065477887.\n",
      "[I 2026-04-16 04:03:30,508] Trial 72 finished with value: 5.7375146699789825 and parameters: {'x0': 0.35226880054338894, 'x1': 0.23419400958524217, 'x2': 0.6289723779852104, 'x3': 0.09087871314708468, 'x4': 0.3212068717180186, 'x5': 0.9514497407324826}. Best is trial 57 with value: 5.814135065477887.\n",
      "[I 2026-04-16 04:03:30,527] Trial 73 finished with value: 5.706712636638357 and parameters: {'x0': 0.2911599250046939, 'x1': 0.3358840275630808, 'x2': 0.7090564041534573, 'x3': 0.04590548118585777, 'x4': 0.3983144283529791, 'x5': 0.899185030171595}. Best is trial 57 with value: 5.814135065477887.\n",
      "[I 2026-04-16 04:03:30,542] Trial 74 finished with value: 5.478163341363602 and parameters: {'x0': 0.18132580896418007, 'x1': 0.24668087739336794, 'x2': 0.5836085438114434, 'x3': 0.21691118925148312, 'x4': 0.2918836014390892, 'x5': 0.9736763329686771}. Best is trial 57 with value: 5.814135065477887.\n",
      "[I 2026-04-16 04:03:30,566] Trial 75 finished with value: 5.564786682028506 and parameters: {'x0': 0.36950726416493035, 'x1': 0.28663486477612515, 'x2': 0.7535855749788969, 'x3': 0.11533678219436092, 'x4': 0.1965921855507775, 'x5': 0.7931942422713456}. Best is trial 57 with value: 5.814135065477887.\n",
      "[I 2026-04-16 04:03:30,587] Trial 76 finished with value: 5.798355126340087 and parameters: {'x0': 0.29438864084832306, 'x1': 0.4189884897002142, 'x2': 0.8020438715203809, 'x3': 0.040231449510150175, 'x4': 0.413176034206021, 'x5': 0.9337675545683125}. Best is trial 57 with value: 5.814135065477887.\n",
      "[I 2026-04-16 04:03:30,607] Trial 77 finished with value: 5.698022092668206 and parameters: {'x0': 0.45506704845577406, 'x1': 0.48683148813285704, 'x2': 0.813058196901784, 'x3': 0.08760621404679249, 'x4': 0.42893635581801526, 'x5': 0.8667310064710573}. Best is trial 57 with value: 5.814135065477887.\n",
      "[I 2026-04-16 04:03:30,625] Trial 78 finished with value: 5.755248277851102 and parameters: {'x0': 0.3199504451215021, 'x1': 0.17487829988135556, 'x2': 0.6907111877620399, 'x3': 0.13892440286208585, 'x4': 0.5040932352426606, 'x5': 0.9543091229348056}. Best is trial 57 with value: 5.814135065477887.\n",
      "[I 2026-04-16 04:03:30,641] Trial 79 finished with value: 5.701449755233116 and parameters: {'x0': 0.5294114239801778, 'x1': 0.4297033453832073, 'x2': 0.7984051094850203, 'x3': 0.03666732048207161, 'x4': 0.34185649584644956, 'x5': 0.9402075457797463}. Best is trial 57 with value: 5.814135065477887.\n",
      "[I 2026-04-16 04:03:30,661] Trial 80 finished with value: 5.681846078142492 and parameters: {'x0': 0.28565789073555015, 'x1': 0.4171311608919201, 'x2': 0.6601990523768285, 'x3': 0.1070057597556325, 'x4': 0.2879431215168795, 'x5': 0.9784651154727233}. Best is trial 57 with value: 5.814135065477887.\n",
      "[I 2026-04-16 04:03:30,682] Trial 81 finished with value: 5.782997685035891 and parameters: {'x0': 0.2293949078002923, 'x1': 0.4726702825474775, 'x2': 0.7604252229349426, 'x3': 0.07361890056505693, 'x4': 0.22811482943557648, 'x5': 0.9030464738590598}. Best is trial 57 with value: 5.814135065477887.\n",
      "[I 2026-04-16 04:03:30,703] Trial 82 finished with value: 5.574042973512258 and parameters: {'x0': 0.22276057946645303, 'x1': 0.27948444990256655, 'x2': 0.5105363922175343, 'x3': 0.07156552656017368, 'x4': 0.1658448593757585, 'x5': 0.8909770695913873}. Best is trial 57 with value: 5.814135065477887.\n",
      "[I 2026-04-16 04:03:30,723] Trial 83 finished with value: 5.749275059092792 and parameters: {'x0': 0.3049896417425585, 'x1': 0.4594217281226026, 'x2': 0.7590338102525915, 'x3': 0.03527523252581599, 'x4': 0.21203485925331003, 'x5': 0.8115412222707861}. Best is trial 57 with value: 5.814135065477887.\n",
