{
 "cells": [
  {
   "cell_type": "code",
   "execution_count": 1,
   "id": "2dd7f429-41a8-4d62-9c74-cc1177303f82",
   "metadata": {},
   "outputs": [
    {
     "name": "stderr",
     "output_type": "stream",
     "text": [
      "/Users/martindufour/opt/anaconda3/lib/python3.9/site-packages/scipy/__init__.py:146: UserWarning: A NumPy version >=1.16.5 and <1.23.0 is required for this version of SciPy (detected version 1.26.4\n",
      "  warnings.warn(f\"A NumPy version >={np_minversion} and <{np_maxversion}\"\n"
     ]
    }
   ],
   "source": [
    "import numpy as np\n",
    "import matplotlib.pyplot as plt\n",
    "from sklearn.gaussian_process import GaussianProcessRegressor\n",
    "from sklearn.gaussian_process.kernels import RBF, ConstantKernel\n",
    "from scipy.stats import norm\n",
    "from scipy.optimize import minimize\n",
    "import warnings\n",
    "warnings.filterwarnings('ignore')\n",
    "\n",
    "# Set random seed for reproducibility\n",
    "np.random.seed(42)"
   ]
  },
  {
   "cell_type": "code",
   "execution_count": 2,
   "id": "98317995-a0ed-4590-b348-3fbb8f0e1b5b",
   "metadata": {},
   "outputs": [
    {
     "name": "stdout",
     "output_type": "stream",
     "text": [
      "Function 7\n",
      "[[0.27262382 0.32449536 0.89710881 0.83295115 0.15406269 0.79586362]\n",
      " [0.54300258 0.9246939  0.34156746 0.64648585 0.71844033 0.34313266]\n",
      " [0.09083225 0.66152938 0.06593091 0.25857701 0.96345285 0.6402654 ]\n",
      " [0.11886697 0.61505494 0.90581639 0.8553003  0.41363143 0.58523563]\n",
      " [0.63021764 0.8380969  0.68001305 0.73189509 0.52673671 0.34842921]\n",
      " [0.76491917 0.25588292 0.60908422 0.21807904 0.32294277 0.09579366]\n",
      " [0.05789554 0.49167222 0.24742222 0.21811844 0.42042833 0.73096984]\n",
      " [0.19525188 0.07922665 0.55458046 0.17056682 0.01494418 0.10703171]\n",
      " [0.64230298 0.83687455 0.02179269 0.10148801 0.68307083 0.6924164 ]\n",
      " [0.78994255 0.19554501 0.57562333 0.07365919 0.25904917 0.05109986]\n",
      " [0.52849733 0.45742436 0.36009569 0.36204551 0.81689098 0.63747637]\n",
      " [0.72261522 0.01181284 0.06364591 0.16517311 0.07924415 0.35995166]\n",
      " [0.07566492 0.33450212 0.13273274 0.60831236 0.91838592 0.82233079]\n",
      " [0.94245084 0.37743962 0.48612233 0.22879108 0.08263175 0.71195755]\n",
      " [0.14864702 0.03394336 0.72880565 0.31606646 0.02176938 0.51691776]\n",
      " [0.81711239 0.54816823 0.10334758 0.12436955 0.72823482 0.44967361]\n",
      " [0.41762629 0.06409998 0.24566877 0.5590408  0.19153138 0.25464092]\n",
      " [0.72628566 0.46489581 0.92457051 0.8072454  0.6354384  0.14341787]\n",
      " [0.31981043 0.52009759 0.29067775 0.87670668 0.49503469 0.6190825 ]\n",
      " [0.87987128 0.39796199 0.00363456 0.95699064 0.26451373 0.11486924]\n",
      " [0.54124078 0.63140314 0.03190205 0.44998156 0.79865282 0.63370429]\n",
      " [0.22634792 0.11502581 0.82474966 0.94538372 0.90531153 0.95101392]\n",
      " [0.68685257 0.04101721 0.00757301 0.285009   0.69156848 0.6555429 ]\n",
      " [0.17597754 0.6244165  0.29554198 0.46955276 0.09776977 0.72814108]\n",
      " [0.88164674 0.20445019 0.41447436 0.42038468 0.26491501 0.73066019]\n",
      " [0.06661051 0.52804507 0.8160952  0.96101714 0.08650933 0.77778822]\n",
      " [0.93246638 0.48881189 0.25860774 0.95624344 0.19042781 0.51985176]\n",
      " [0.84686697 0.14242917 0.06066859 0.75629213 0.5523983  0.08130609]\n",
      " [0.80628208 0.32412237 0.72607601 0.14871213 0.7193764  0.36288398]\n",
      " [0.47682313 0.34094195 0.01433523 0.88013956 0.9986547  0.07966402]]\n",
      "[0.6044327  0.56275307 0.00750324 0.0614243  0.2730468  0.08374657\n",
      " 1.3649683  0.09264495 0.0178696  0.03356494 0.0735163  0.2063097\n",
      " 0.00882563 0.26840032 0.61152553 0.01479818 0.27489251 0.06676325\n",
      " 0.04211835 0.00270147 0.01820907 0.00701603 0.10050661 0.47539552\n",
      " 0.67514163 0.51645722 0.00377748 0.00313433 0.02134252 0.09541116]\n",
      "/n\n"
     ]
    }
   ],
   "source": [
    "# Function 7\n",
    "print('Function 7')\n",
    "func7_inputs = np.load('./initial_data/function_7/initial_inputs.npy')\n",
    "print(func7_inputs)\n",
    "\n",
    "func7_outputs = np.load('./initial_data/function_7/initial_outputs.npy')\n",
    "print(func7_outputs)\n",
    "print('/n')"
   ]
  },
  {
   "cell_type": "code",
   "execution_count": 3,
   "id": "ea9c6082",
   "metadata": {},
   "outputs": [],
   "source": [
    "# Week 1 Input and Output Data\n",
    "week_1_inputs = [ np.array([0.155793, 0.528435]), np.array([0.224164, 0.812385]), np.array([0.830919, 0.158523, 0.528406]), np.array([0.912533, 0.052672, 0.771239, 0.219812]), np.array([0.234189, 0.83648 , 0.884484, 0.873516]), np.array([0.490808, 0.618683, 0.277824, 0.900494, 0.106596]), np.array([0.067896, 0.486672, 0.255422, 0.215118, 0.427428, 0.72097 ]), np.array([0.061447, 0.062956, 0.029929, 0.036786, 0.407935, 0.795055, 0.496307,0.888085]) ]\n",
    "week_1_outputs = [np.float64(1.5311489892413605e-58), np.float64(0.04614596805685454), np.float64(-0.04591165123945737), np.float64(-24.387232512869755), np.float64(1049.4420694211206), np.float64(-0.849252655626155), np.float64(1.3793294734939503), np.float64(9.598780741169)]\n",
    "\n",
    "week_2_inputs = [np.array([0.946399, 0.18731 ]), np.array([0.712637, 0.921564]), np.array([0.765104, 0.052672, 0.438597]), np.array([0.380965, 0.771701, 0.089479, 0.536968]), np.array([0.219189, 0.85148 , 0.874484, 0.883516]), np.array([0.114755, 0.697421, 0.354179, 0.887624, 0.589139]), np.array([0.070896, 0.484672, 0.259422, 0.216118, 0.427428, 0.72297 ]), np.array([0.062447, 0.061956, 0.030929, 0.035786, 0.408935, 0.794055, 0.497307, 0.887085])]\n",
    "week_2_outputs = [np.float64(2.338449488843798e-206), np.float64(0.5728372778652475), np.float64(-0.10235480701941752), np.float64(-13.368584815829887), np.float64(1109.9883069580462), np.float64(-1.492909868264592), np.float64(1.3944037721068683), np.float64(9.598978827169)]\n",
    "\n",
    "week_3_inputs = [np.array([0.583738, 0.706798]), np.array([0.699637, 0.928564]), np.array([0.123457, 0.876543, 0.5     ]), np.array([0.230785, 0.914568, 0.102938, 0.657322]), np.array([0.214189, 0.85648 , 0.869484, 0.888516]), np.array([0.051235, 0.987654, 0.43211 , 0.123457, 0.765432]), np.array([0.071896, 0.483672, 0.261422, 0.217118, 0.426428, 0.72497 ]), np.array([0.063447, 0.060956, 0.031929, 0.034786, 0.409935, 0.793055, 0.498307, 0.886085])]\n",
    "week_3_outputs = [np.float64(9.817718646044271e-07), np.float64(0.49978778689465564), np.float64(-0.04054152149606349), np.float64(-21.112987453792396), np.float64(1132.5255136709882), np.float64(-2.4679805862566795), np.float64(1.4059619293543582), np.float64(9.599155713169)]\n",
    "\n",
    "week_4_inputs = [np.array([0.867072, 0.913241]), np.array([0.83604 , 0.696071]), np.array([0.447658, 0.395195, 0.505344]), np.array([0.422706, 0.385497, 0.37529 , 0.410833]), np.array([0.157706, 0.912326, 0.830158, 0.925715]), np.array([0.275401, 0.      , 0.568079, 1.      , 0.121326]), np.array([0.124679, 0.389027, 0.389012, 0.23686 , 0.379036, 0.802247]), np.array([0.077447, 0.21029 , 0.114032, 0.159535, 0.695924, 0.531316,0.178973, 0.57168 ])]\n",
    "week_4_outputs = [np.float64(-1.0508862613282513e-96), np.float64(0.20657541488475104), np.float64(-0.03229682155733878), np.float64(0.4964978124935766), np.float64(1445.380906735266), np.float64(-0.8152779914672599), np.float64(2.0217812896063525), np.float64(9.987130922543)]\n",
    "\n",
    "week_5_inputs = [np.array([0.065052, 0.948886]), np.array([0.388677, 0.271349]), np.array([1.      , 0.136717, 0.850593]), np.array([0.908266, 0.239562, 0.144895, 0.489453]), np.array([0.115614, 0.955641, 0.820859, 0.938174]), np.array([0.568442, 0.      , 1.      , 1.      , 1.      ]), np.array([0.134015, 0.028783, 0.755137, 0.62031 , 0.70408 , 0.212964]), np.array([0.127008, 0.292876, 0.06967 , 0.277582, 0.553407, 0.547258,0.220835, 0.443146])]\n",
    "week_5_outputs = [np.float64(2.0262778967114778e-283), np.float64(0.016418658339648333), np.float64(-0.054388754089278846), np.float64(-17.161465002411145), np.float64(1779.8600577462366), np.float64(-1.9906490554141107), np.float64(0.052467603616080494), np.float64(9.9149654065019)]\n",
    "\n",
    "week_6_inputs = [np.array([0.17701 , 0.088703]), np.array([0.593592, 0.679102]), np.array([0.7536, 1.    , 1.    ]), np.array([0.370348, 0.379959, 0.430216, 0.444351]), np.array([0.169493, 0.556801, 0.936155, 0.69603 ]), np.array([0.366464, 0.316099, 1.      , 1.      , 0.      ]), np.array([0.123574, 0.270452, 0.482301, 0.208163, 0.330398, 0.872733]), np.array([0.3191  , 0.828915, 0.037008, 0.59627 , 0.230009, 0.120567,0.076953, 0.696289])]\n",
    "week_6_outputs = [np.float64(-2.3725238219366144e-119), np.float64(0.06836721478932847), np.float64(-0.48310415434111403), np.float64(0.18076540708623456), np.float64(282.83820524691396), np.float64(-0.8214281898088153), np.float64(2.075605759888563), np.float64(8.8803427965834)]\n",
    "\n",
    "week_7_inputs = [np.array([0.065052, 0.948886]), np.array([0.140924, 0.802197]), np.array([1., 1., 0.]), np.array([0.32078 , 0.186519, 0.040775, 0.590893]), np.array([0.548734, 0.691895, 0.651961, 0.224269]), np.array([0.368433, 0.      , 1.      , 1.      , 0.428022]), np.array([0.139689, 0.317433, 0.463608, 0.250431, 0.325485, 0.810756]), np.array([0.      , 0.202823, 0.231703, 0.      , 1.      , 1.      ,\n",
    "       0.288474, 1.      ])]\n",
    "week_7_outputs = [np.float64(2.0262778967114778e-283), np.float64(-0.10826299524356352), np.float64(-0.16354530625442043), np.float64(-11.58523458824008), np.float64(1.9931553503870212), np.float64(-1.2796687884296385), np.float64(2.462201676843452), np.float64(9.622023932692)]\n",
    "\n",
    "week_8_inputs = [np.array([0.000788, 0.033717]), np.array([0.914607, 0.789979]), np.array([0.317253, 0.002183, 0.963506]), np.array([0.008334, 0.234163, 0.946857, 0.993453]), np.array([0.078217, 0.973099, 0.868006, 0.933352]), np.array([0.426158, 0.348959, 0.616644, 0.692851, 0.024814]), np.array([0.269889, 0.346609, 0.467584, 0.256632, 0.302654, 0.800092]), np.array([0.066269, 0.029193, 0.143059, 0.209133, 0.840619, 0.604919,\n",
    "       0.230297, 0.701468])]\n",
    "week_8_outputs = [np.float64(1.5608341712501477e-228), np.float64(0.0347797753016137), np.float64(-0.3756702789549372), np.float64(-33.661790988299735), np.float64(2151.3700669834334), np.float64(-0.23000336822278494), np.float64(2.4516632535923746), np.float64(9.9644234438351)]"
   ]
  },
  {
   "cell_type": "code",
   "execution_count": 4,
   "id": "497c8393-07df-4fa2-b538-e23e004bae81",
   "metadata": {},
   "outputs": [
    {
     "name": "stdout",
     "output_type": "stream",
     "text": [
      "Function 7\n",
      "Shape of initial input data: (30, 6)\n",
      "Shape of initial output data: (30,)\n",
      "Week 1 inputs: [0.067896 0.486672 0.255422 0.215118 0.427428 0.72097 ]\n",
      "Week 2 inputs: [0.070896 0.484672 0.259422 0.216118 0.427428 0.72297 ]\n",
      "Week 3 inputs: [0.071896 0.483672 0.261422 0.217118 0.426428 0.72497 ]\n",
      "Week 4 inputs: [0.124679 0.389027 0.389012 0.23686  0.379036 0.802247]\n",
      "Week 5 inputs: [0.134015 0.028783 0.755137 0.62031  0.70408  0.212964]\n",
      "Week 6 inputs: [0.123574 0.270452 0.482301 0.208163 0.330398 0.872733]\n",
      "Week 7 inputs: [0.139689 0.317433 0.463608 0.250431 0.325485 0.810756]\n",
      "Week 8 inputs: [0.269889 0.346609 0.467584 0.256632 0.302654 0.800092]\n",
      "Number of input data points: 38\n",
      "Combined input data\n",
      "[[0.27262382 0.32449536 0.89710881 0.83295115 0.15406269 0.79586362]\n",
      " [0.54300258 0.9246939  0.34156746 0.64648585 0.71844033 0.34313266]\n",
      " [0.09083225 0.66152938 0.06593091 0.25857701 0.96345285 0.6402654 ]\n",
      " [0.11886697 0.61505494 0.90581639 0.8553003  0.41363143 0.58523563]\n",
      " [0.63021764 0.8380969  0.68001305 0.73189509 0.52673671 0.34842921]\n",
      " [0.76491917 0.25588292 0.60908422 0.21807904 0.32294277 0.09579366]\n",
      " [0.05789554 0.49167222 0.24742222 0.21811844 0.42042833 0.73096984]\n",
      " [0.19525188 0.07922665 0.55458046 0.17056682 0.01494418 0.10703171]\n",
      " [0.64230298 0.83687455 0.02179269 0.10148801 0.68307083 0.6924164 ]\n",
      " [0.78994255 0.19554501 0.57562333 0.07365919 0.25904917 0.05109986]\n",
      " [0.52849733 0.45742436 0.36009569 0.36204551 0.81689098 0.63747637]\n",
      " [0.72261522 0.01181284 0.06364591 0.16517311 0.07924415 0.35995166]\n",
      " [0.07566492 0.33450212 0.13273274 0.60831236 0.91838592 0.82233079]\n",
      " [0.94245084 0.37743962 0.48612233 0.22879108 0.08263175 0.71195755]\n",
      " [0.14864702 0.03394336 0.72880565 0.31606646 0.02176938 0.51691776]\n",
      " [0.81711239 0.54816823 0.10334758 0.12436955 0.72823482 0.44967361]\n",
      " [0.41762629 0.06409998 0.24566877 0.5590408  0.19153138 0.25464092]\n",
      " [0.72628566 0.46489581 0.92457051 0.8072454  0.6354384  0.14341787]\n",
      " [0.31981043 0.52009759 0.29067775 0.87670668 0.49503469 0.6190825 ]\n",
      " [0.87987128 0.39796199 0.00363456 0.95699064 0.26451373 0.11486924]\n",
      " [0.54124078 0.63140314 0.03190205 0.44998156 0.79865282 0.63370429]\n",
      " [0.22634792 0.11502581 0.82474966 0.94538372 0.90531153 0.95101392]\n",
      " [0.68685257 0.04101721 0.00757301 0.285009   0.69156848 0.6555429 ]\n",
      " [0.17597754 0.6244165  0.29554198 0.46955276 0.09776977 0.72814108]\n",
      " [0.88164674 0.20445019 0.41447436 0.42038468 0.26491501 0.73066019]\n",
      " [0.06661051 0.52804507 0.8160952  0.96101714 0.08650933 0.77778822]\n",
      " [0.93246638 0.48881189 0.25860774 0.95624344 0.19042781 0.51985176]\n",
      " [0.84686697 0.14242917 0.06066859 0.75629213 0.5523983  0.08130609]\n",
      " [0.80628208 0.32412237 0.72607601 0.14871213 0.7193764  0.36288398]\n",
      " [0.47682313 0.34094195 0.01433523 0.88013956 0.9986547  0.07966402]\n",
      " [0.067896   0.486672   0.255422   0.215118   0.427428   0.72097   ]\n",
      " [0.070896   0.484672   0.259422   0.216118   0.427428   0.72297   ]\n",
      " [0.071896   0.483672   0.261422   0.217118   0.426428   0.72497   ]\n",
      " [0.124679   0.389027   0.389012   0.23686    0.379036   0.802247  ]\n",
      " [0.134015   0.028783   0.755137   0.62031    0.70408    0.212964  ]\n",
      " [0.123574   0.270452   0.482301   0.208163   0.330398   0.872733  ]\n",
      " [0.139689   0.317433   0.463608   0.250431   0.325485   0.810756  ]\n",
      " [0.269889   0.346609   0.467584   0.256632   0.302654   0.800092  ]]\n",
      "Number of output data points: 38\n",
      "Combined output data\n",
      "[0.6044327  0.56275307 0.00750324 0.0614243  0.2730468  0.08374657\n",
      " 1.3649683  0.09264495 0.0178696  0.03356494 0.0735163  0.2063097\n",
      " 0.00882563 0.26840032 0.61152553 0.01479818 0.27489251 0.06676325\n",
      " 0.04211835 0.00270147 0.01820907 0.00701603 0.10050661 0.47539552\n",
      " 0.67514163 0.51645722 0.00377748 0.00313433 0.02134252 0.09541116\n",
      " 1.37932947 1.39440377 1.40596193 2.02178129 0.0524676  2.07560576\n",
      " 2.46220168 2.45166325]\n"
     ]
    }
   ],
   "source": [
    "# Function 7\n",
    "print('Function 7')\n",
    "# Load inputs from previous run\n",
    "# Loads initial data\n",
    "week_0_func7_inputs = np.load('./initial_data/function_7/initial_inputs.npy')\n",
    "week_0_func7_outputs = np.load('./initial_data/function_7/initial_outputs.npy')\n",
    "\n",
    "print(f'Shape of initial input data: {week_0_func7_inputs.shape}')\n",
    "print(f'Shape of initial output data: {week_0_func7_outputs.shape}')\n",
    "\n",
    "print(f'Week 1 inputs: {week_1_inputs[6]}')\n",
    "print(f'Week 2 inputs: {week_2_inputs[6]}')\n",
    "print(f'Week 3 inputs: {week_3_inputs[6]}')\n",
    "print(f'Week 4 inputs: {week_4_inputs[6]}')\n",
    "print(f'Week 5 inputs: {week_5_inputs[6]}')\n",
    "print(f'Week 6 inputs: {week_6_inputs[6]}')\n",
    "print(f'Week 7 inputs: {week_7_inputs[6]}')\n",
    "print(f'Week 8 inputs: {week_8_inputs[6]}')\n",
    "\n",
    "combined_func7_inputs = np.vstack([\n",
    "    week_0_func7_inputs,\n",
    "    week_1_inputs[6],\n",
    "    week_2_inputs[6],\n",
    "    week_3_inputs[6],\n",
    "    week_4_inputs[6],\n",
    "    week_5_inputs[6],\n",
    "    week_6_inputs[6],\n",
    "    week_7_inputs[6],\n",
    "    week_8_inputs[6]\n",
    "])\n",
    "print(f'Number of input data points: {len(combined_func7_inputs)}')\n",
    "print('Combined input data')\n",
    "print(combined_func7_inputs)\n",
    "\n",
    "# Load outputs from previous run\n",
    "week_func7_output = week_1_outputs[6]\n",
    "combined_func7_outputs = np.concatenate([\n",
    "    week_0_func7_outputs,\n",
    "    [week_1_outputs[6]],\n",
    "    [week_2_outputs[6]],\n",
    "    [week_3_outputs[6]],\n",
    "    [week_4_outputs[6]],\n",
    "    [week_5_outputs[6]],\n",
    "    [week_6_outputs[6]],\n",
    "    [week_7_outputs[6]],\n",
    "    [week_8_outputs[6]]\n",
    "])\n",
    "print(f'Number of output data points: {len(combined_func7_outputs)}')\n",
    "print('Combined output data')\n",
    "print(combined_func7_outputs)"
   ]
  },
  {
   "cell_type": "code",
   "execution_count": 5,
   "id": "bfe48d60-c548-4df7-9797-df341bafcc6c",
   "metadata": {},
   "outputs": [
    {
     "name": "stdout",
     "output_type": "stream",
     "text": [
      "============================================================\n",
      "OPTUNA-BASED BAYESIAN OPTIMIZATION FOR FUNCTION 7\n",
      "============================================================\n",
      "\n",
      "Initial training data shape: X=(30, 6), y=(30,)\n",
      "Initial best observation: 1.364968e+00\n"
     ]
    }
   ],
   "source": [
    "### ====== OPTUNA-BASED BAYESIAN OPTIMIZATION FOR FUNCTION 7 ======\n",
    "# Import the OptunaBayesianOptimizer class\n",
    "import sys\n",
    "sys.path.insert(0, './bayesian_optimization_challenge-md')\n",
    "from bo_optuna import OptunaBayesianOptimizer\n",
    "\n",
    "# Create optimizer instance with initial Function 7 data\n",
    "print(\"=\" * 60)\n",
    "print(\"OPTUNA-BASED BAYESIAN OPTIMIZATION FOR FUNCTION 7\")\n",
    "print(\"=\" * 60)\n",
    "\n",
    "X_func7_initial = week_0_func7_inputs\n",
    "y_func7_initial = week_0_func7_outputs\n",
    "bounds_func7 = [(0, 1)] * X_func7_initial.shape[1]\n",
    "\n",
    "optimizer_func7 = OptunaBayesianOptimizer(\n",
    "    X_initial=X_func7_initial,\n",
    "    y_initial=y_func7_initial,\n",
    "    bounds=bounds_func7,\n",
    "    optimize_hp=True,  # Enable hyperparameter tuning\n",
    "    random_state=42,\n",
    "    acquisition=\"ucb\"\n",
    ")\n",
    "\n",
    "print(f\"\\nInitial training data shape: X={optimizer_func7.X_train.shape}, y={optimizer_func7.y_train.shape}\")\n",
    "print(f\"Initial best observation: {optimizer_func7.get_best_observation()[1]:.6e}\")\n"
   ]
  },
  {
   "cell_type": "code",
   "execution_count": 6,
   "id": "0e1bba09",
   "metadata": {},
   "outputs": [
    {
     "name": "stdout",
     "output_type": "stream",
     "text": [
      "\n",
      "Running Optuna-based BO for 8 iterations...\n",
      "------------------------------------------------------------\n",
      "\n",
      "Week 1:\n",
      "  Actual observation: y = 1.379329e+00\n"
     ]
    },
    {
     "name": "stderr",
     "output_type": "stream",
     "text": [
      "[I 2026-04-16 04:03:25,144] A new study created in memory with name: no-name-c46234a2-6463-4e83-8740-ca011af44e4d\n",
      "[I 2026-04-16 04:03:25,147] Trial 0 finished with value: 4.9206490455682825 and parameters: {'x0': 0.3745401188473625, 'x1': 0.9507143064099162, 'x2': 0.7319939418114051, 'x3': 0.5986584841970366, 'x4': 0.15601864044243652, 'x5': 0.15599452033620265}. Best is trial 0 with value: 4.9206490455682825.\n",
      "[I 2026-04-16 04:03:25,149] Trial 1 finished with value: 4.661802505309786 and parameters: {'x0': 0.05808361216819946, 'x1': 0.8661761457749352, 'x2': 0.6011150117432088, 'x3': 0.7080725777960455, 'x4': 0.020584494295802447, 'x5': 0.9699098521619943}. Best is trial 0 with value: 4.9206490455682825.\n",
      "[I 2026-04-16 04:03:25,151] Trial 2 finished with value: 3.3305697976248236 and parameters: {'x0': 0.8324426408004217, 'x1': 0.21233911067827616, 'x2': 0.18182496720710062, 'x3': 0.18340450985343382, 'x4': 0.3042422429595377, 'x5': 0.5247564316322378}. Best is trial 0 with value: 4.9206490455682825.\n",
      "[I 2026-04-16 04:03:25,153] Trial 3 finished with value: 4.250400356176572 and parameters: {'x0': 0.43194501864211576, 'x1': 0.2912291401980419, 'x2': 0.6118528947223795, 'x3': 0.13949386065204183, 'x4': 0.29214464853521815, 'x5': 0.3663618432936917}. Best is trial 0 with value: 4.9206490455682825.\n",
      "[I 2026-04-16 04:03:25,157] Trial 4 finished with value: 4.660126254086096 and parameters: {'x0': 0.45606998421703593, 'x1': 0.7851759613930136, 'x2': 0.19967378215835974, 'x3': 0.5142344384136116, 'x4': 0.5924145688620425, 'x5': 0.046450412719997725}. Best is trial 0 with value: 4.9206490455682825.\n",
      "[I 2026-04-16 04:03:25,160] Trial 5 finished with value: 4.992015073267438 and parameters: {'x0': 0.6075448519014384, 'x1': 0.17052412368729153, 'x2': 0.06505159298527952, 'x3': 0.9488855372533332, 'x4': 0.9656320330745594, 'x5': 0.8083973481164611}. Best is trial 5 with value: 4.992015073267438.\n",
      "[I 2026-04-16 04:03:25,162] Trial 6 finished with value: 3.1708071956008252 and parameters: {'x0': 0.3046137691733707, 'x1': 0.09767211400638387, 'x2': 0.6842330265121569, 'x3': 0.4401524937396013, 'x4': 0.12203823484477883, 'x5': 0.4951769101112702}. Best is trial 5 with value: 4.992015073267438.\n",
