      "[I 2026-04-16 04:03:32,165] Trial 53 finished with value: 5.673610816563305 and parameters: {'x0': 0.2219026577399651, 'x1': 0.6312592094288793, 'x2': 0.8727650195761809, 'x3': 0.17392578368056283, 'x4': 0.5199732474712437, 'x5': 0.30574401419300656}. Best is trial 44 with value: 5.760800790692676.\n",
      "[I 2026-04-16 04:03:32,180] Trial 54 finished with value: 5.788403739789995 and parameters: {'x0': 0.04584791600015096, 'x1': 0.2875603322193904, 'x2': 0.9340019885598796, 'x3': 0.19394899534951754, 'x4': 0.6124472733660773, 'x5': 0.5381719698573904}. Best is trial 54 with value: 5.788403739789995.\n",
      "[I 2026-04-16 04:03:32,196] Trial 55 finished with value: 5.328457363358001 and parameters: {'x0': 0.1753439177961657, 'x1': 0.26672903317671764, 'x2': 0.9974460120224864, 'x3': 0.4967032507667431, 'x4': 0.4638941780489248, 'x5': 0.5608206852455645}. Best is trial 54 with value: 5.788403739789995.\n",
      "[I 2026-04-16 04:03:32,213] Trial 56 finished with value: 5.760566158497085 and parameters: {'x0': 0.04118663921279794, 'x1': 0.3202978455751897, 'x2': 0.934024215989776, 'x3': 0.3073978075736936, 'x4': 0.5656033557828147, 'x5': 0.6340926086472933}. Best is trial 54 with value: 5.788403739789995.\n",
      "[I 2026-04-16 04:03:32,232] Trial 57 finished with value: 5.623524640441228 and parameters: {'x0': 0.04876997009293223, 'x1': 0.14664559813327913, 'x2': 0.9284533973068166, 'x3': 0.3004000545019396, 'x4': 0.4243173724322267, 'x5': 0.645931279338953}. Best is trial 54 with value: 5.788403739789995.\n",
      "[I 2026-04-16 04:03:32,253] Trial 58 finished with value: 5.860979424506756 and parameters: {'x0': 0.13633332383563146, 'x1': 0.2058839917330194, 'x2': 0.9503258687565577, 'x3': 0.20687498466866605, 'x4': 0.4936743471921531, 'x5': 0.9725691318816678}. Best is trial 58 with value: 5.860979424506756.\n",
      "[I 2026-04-16 04:03:32,272] Trial 59 finished with value: 5.762485919132433 and parameters: {'x0': 0.12904122579724833, 'x1': 0.19497484019576466, 'x2': 0.9556871760509452, 'x3': 0.3461420336193727, 'x4': 0.350673914537599, 'x5': 0.9669981921015829}. Best is trial 58 with value: 5.860979424506756.\n",
      "[I 2026-04-16 04:03:32,289] Trial 60 finished with value: 5.757833160252175 and parameters: {'x0': 0.12327424467173331, 'x1': 0.19157627819272274, 'x2': 0.9562002650180461, 'x3': 0.3568244952405055, 'x4': 0.3488012221342626, 'x5': 0.9769178674974288}. Best is trial 58 with value: 5.860979424506756.\n",
      "[I 2026-04-16 04:03:32,312] Trial 61 finished with value: 5.738534300275147 and parameters: {'x0': 0.13206357338359415, 'x1': 0.1864622523164165, 'x2': 0.9616517112571348, 'x3': 0.3764222779630585, 'x4': 0.3608091265171524, 'x5': 0.9812680520987769}. Best is trial 58 with value: 5.860979424506756.\n",
      "[I 2026-04-16 04:03:32,332] Trial 62 finished with value: 5.464499007289274 and parameters: {'x0': 0.29866589271121, 'x1': 0.21177537572704042, 'x2': 0.9299233805030114, 'x3': 0.42314413359678266, 'x4': 0.27161840336666304, 'x5': 0.9467977357154088}. Best is trial 58 with value: 5.860979424506756.\n",
      "[I 2026-04-16 04:03:32,353] Trial 63 finished with value: 5.686771755679799 and parameters: {'x0': 0.204387166480584, 'x1': 0.14813912226539602, 'x2': 0.9615224589674924, 'x3': 0.3310080542387269, 'x4': 0.3229286053540912, 'x5': 0.9185283543310832}. Best is trial 58 with value: 5.860979424506756.\n",
      "[I 2026-04-16 04:03:32,375] Trial 64 finished with value: 5.870576824470314 and parameters: {'x0': 0.11827200473124244, 'x1': 0.27802908611739385, 'x2': 0.8885305881395608, 'x3': 0.22139223561833657, 'x4': 0.42732140958043485, 'x5': 0.8609030771728927}. Best is trial 64 with value: 5.870576824470314.\n",
      "[I 2026-04-16 04:03:32,389] Trial 65 finished with value: 5.485771710631705 and parameters: {'x0': 0.12790643394651496, 'x1': 0.07899051547571417, 'x2': 0.9865922251931287, 'x3': 0.223376906607015, 'x4': 0.179651701943179, 'x5': 0.8530874873346652}. Best is trial 64 with value: 5.870576824470314.\n",
      "[I 2026-04-16 04:03:32,411] Trial 66 finished with value: 4.949665760636914 and parameters: {'x0': 0.16755906728618525, 'x1': 0.2835386235393635, 'x2': 0.9115510189993905, 'x3': 0.49832920190893276, 'x4': 0.27559395734945563, 'x5': 0.7749264823729449}. Best is trial 64 with value: 5.870576824470314.\n",
      "[I 2026-04-16 04:03:32,434] Trial 67 finished with value: 5.784406915876054 and parameters: {'x0': 0.03533949042562036, 'x1': 0.2199093701888629, 'x2': 0.9320570070106455, 'x3': 0.36950055657740677, 'x4': 0.3503266040650583, 'x5': 0.9421121179031436}. Best is trial 64 with value: 5.870576824470314.\n",
      "[I 2026-04-16 04:03:32,462] Trial 68 finished with value: 5.822909290450294 and parameters: {'x0': 0.04010369918112651, 'x1': 0.22315948732825217, 'x2': 0.7525293987010426, 'x3': 0.2618609875107151, 'x4': 0.4142898318473363, 'x5': 0.8660139937298935}. Best is trial 64 with value: 5.870576824470314.\n",
      "[I 2026-04-16 04:03:32,480] Trial 69 finished with value: 5.821482047214692 and parameters: {'x0': 0.03751704918928388, 'x1': 0.22256809119181603, 'x2': 0.7402577962614486, 'x3': 0.26429661314155284, 'x4': 0.42596336617062847, 'x5': 0.8685866472375048}. Best is trial 64 with value: 5.870576824470314.\n",
      "[I 2026-04-16 04:03:32,498] Trial 70 finished with value: 5.801806675713938 and parameters: {'x0': 0.36292544032807994, 'x1': 0.1223381888153841, 'x2': 0.6423975660382246, 'x3': 0.2573638560779895, 'x4': 0.4158465799027113, 'x5': 0.8771540768795664}. Best is trial 64 with value: 5.870576824470314.\n",
      "[I 2026-04-16 04:03:32,518] Trial 71 finished with value: 5.826830525604484 and parameters: {'x0': 0.031060441265782543, 'x1': 0.13948355070466828, 'x2': 0.7650172957276855, 'x3': 0.26820961800781395, 'x4': 0.3999452712781673, 'x5': 0.8671303120809613}. Best is trial 64 with value: 5.870576824470314.\n",
      "[I 2026-04-16 04:03:32,537] Trial 72 finished with value: 5.816923332244431 and parameters: {'x0': 0.3867016598760475, 'x1': 0.11559737219176772, 'x2': 0.7420398207866101, 'x3': 0.2599245182145718, 'x4': 0.39760086105945547, 'x5': 0.868840672728844}. Best is trial 64 with value: 5.870576824470314.\n",
      "[I 2026-04-16 04:03:32,556] Trial 73 finished with value: 5.829331617158926 and parameters: {'x0': 0.3729585110943115, 'x1': 0.03778428319734439, 'x2': 0.6585806602216039, 'x3': 0.2525281753604541, 'x4': 0.383063016711623, 'x5': 0.8709704206784152}. Best is trial 64 with value: 5.870576824470314.\n",
      "[I 2026-04-16 04:03:32,572] Trial 74 finished with value: 5.82492802182601 and parameters: {'x0': 0.40030716119467397, 'x1': 0.034204958888468015, 'x2': 0.6435834463924601, 'x3': 0.25907234663278156, 'x4': 0.3931408608311077, 'x5': 0.8650093500317061}. Best is trial 64 with value: 5.870576824470314.\n",
      "[I 2026-04-16 04:03:32,589] Trial 75 finished with value: 5.744431885361478 and parameters: {'x0': 0.43369377892535266, 'x1': 0.04246957933963605, 'x2': 0.7595890099766438, 'x3': 0.2692050874764078, 'x4': 0.386751868304987, 'x5': 0.8036601165574668}. Best is trial 64 with value: 5.870576824470314.\n",
      "[I 2026-04-16 04:03:32,616] Trial 76 finished with value: 5.721582567646552 and parameters: {'x0': 0.48430616509354285, 'x1': 0.04674188177071584, 'x2': 0.5764787324310845, 'x3': 0.23346018892552017, 'x4': 0.4040251566460746, 'x5': 0.8295487929895298}. Best is trial 64 with value: 5.870576824470314.\n",
      "[I 2026-04-16 04:03:32,637] Trial 77 finished with value: 5.39387695157615 and parameters: {'x0': 0.6391704645320946, 'x1': 0.1003043973343845, 'x2': 0.7434638651563765, 'x3': 0.29965378029276624, 'x4': 0.43698256813547853, 'x5': 0.7178589191004617}. Best is trial 64 with value: 5.870576824470314.\n",
      "[I 2026-04-16 04:03:32,661] Trial 78 finished with value: 5.47353505501206 and parameters: {'x0': 0.5381248922542083, 'x1': 0.06865514919003954, 'x2': 0.5802203293979877, 'x3': 0.7029755744075015, 'x4': 0.47194349511482914, 'x5': 0.8933547993401597}. Best is trial 64 with value: 5.870576824470314.\n",
      "[I 2026-04-16 04:03:32,681] Trial 79 finished with value: 5.703380604033668 and parameters: {'x0': 0.36522168190209614, 'x1': 0.12311046401351455, 'x2': 0.6622365027264677, 'x3': 0.24112371039237634, 'x4': 0.389506547171514, 'x5': 0.7927849467593842}. Best is trial 64 with value: 5.870576824470314.\n",
      "[I 2026-04-16 04:03:32,698] Trial 80 finished with value: 5.788574187329176 and parameters: {'x0': 0.39261579717564954, 'x1': 0.16033883500616353, 'x2': 0.8150036206314344, 'x3': 0.20854658882377294, 'x4': 0.3150000092392027, 'x5': 0.8649321383424262}. Best is trial 64 with value: 5.870576824470314.\n",
      "[I 2026-04-16 04:03:32,717] Trial 81 finished with value: 5.848057520638763 and parameters: {'x0': 0.34334927241951607, 'x1': 0.0077495620765099665, 'x2': 0.6404152373376424, 'x3': 0.2573094723561962, 'x4': 0.41634222701877643, 'x5': 0.866380586672474}. Best is trial 64 with value: 5.870576824470314.\n",
      "[I 2026-04-16 04:03:32,742] Trial 82 finished with value: 5.834172263570758 and parameters: {'x0': 0.44934132077641314, 'x1': 0.010917854370761426, 'x2': 0.6358488864593851, 'x3': 0.2753517414066718, 'x4': 0.4442317364133132, 'x5': 0.9061542043128102}. Best is trial 64 with value: 5.870576824470314.\n",
      "[I 2026-04-16 04:03:32,761] Trial 83 finished with value: 5.794230779238817 and parameters: {'x0': 0.4609861577471356, 'x1': 0.0010179216774480124, 'x2': 0.6340115390202954, 'x3': 0.3154751149805612, 'x4': 0.33284286825784687, 'x5': 0.9125175817972419}. Best is trial 64 with value: 5.870576824470314.\n",
      "[I 2026-04-16 04:03:32,779] Trial 84 finished with value: 5.822729468117149 and parameters: {'x0': 0.5125387452427399, 'x1': 0.02917995954733818, 'x2': 0.6837181056792403, 'x3': 0.2848147543534765, 'x4': 0.4374245591899675, 'x5': 0.997159018133581}. Best is trial 64 with value: 5.870576824470314.\n",
      "[I 2026-04-16 04:03:32,798] Trial 85 finished with value: 5.711926552861909 and parameters: {'x0': 0.5356041018136861, 'x1': 0.03363527795523296, 'x2': 0.5775789347123004, 'x3': 0.4020713205337353, 'x4': 0.4516058605212974, 'x5': 0.9988920151550239}. Best is trial 64 with value: 5.870576824470314.\n",
      "[I 2026-04-16 04:03:32,819] Trial 86 finished with value: 5.789262350108898 and parameters: {'x0': 0.4360697164612266, 'x1': 0.05891242293878818, 'x2': 0.6753735089426773, 'x3': 0.22131253555166408, 'x4': 0.49870442438052975, 'x5': 0.8265822438456711}. Best is trial 64 with value: 5.870576824470314.\n",
      "[I 2026-04-16 04:03:32,837] Trial 87 finished with value: 5.781101982323362 and parameters: {'x0': 0.3290439166648854, 'x1': 0.020169211847098405, 'x2': 0.6996471116112708, 'x3': 0.29190959013360473, 'x4': 0.28728389838519575, 'x5': 0.9297754403155416}. Best is trial 64 with value: 5.870576824470314.\n",
      "[I 2026-04-16 04:03:32,854] Trial 88 finished with value: 4.693940980885129 and parameters: {'x0': 0.7530518660433021, 'x1': 0.08509491709408096, 'x2': 0.6050467953272631, 'x3': 0.45764037414777936, 'x4': 0.47362514120088894, 'x5': 0.7636441854288841}. Best is trial 64 with value: 5.870576824470314.\n",
      "[I 2026-04-16 04:03:32,877] Trial 89 finished with value: 5.8365740987534185 and parameters: {'x0': 0.4089812259898072, 'x1': 0.024391326387476823, 'x2': 0.6328038756517488, 'x3': 0.3283927189415492, 'x4': 0.44823537847196576, 'x5': 0.9033218404011919}. Best is trial 64 with value: 5.870576824470314.\n",
      "[I 2026-04-16 04:03:32,899] Trial 90 finished with value: 5.852364410949007 and parameters: {'x0': 0.41393866119680733, 'x1': 0.0014619070275960011, 'x2': 0.6385981245724803, 'x3': 0.23847605650444367, 'x4': 0.37438027409254127, 'x5': 0.8966841895611849}. Best is trial 64 with value: 5.870576824470314.\n",
      "[I 2026-04-16 04:03:32,919] Trial 91 finished with value: 5.833696994414388 and parameters: {'x0': 0.33782472559240845, 'x1': 0.059064393089022, 'x2': 0.6337909279391439, 'x3': 0.3278998420454221, 'x4': 0.3826320112572376, 'x5': 0.9049308273040017}. Best is trial 64 with value: 5.870576824470314.\n",
      "[I 2026-04-16 04:03:32,936] Trial 92 finished with value: 5.81585253585774 and parameters: {'x0': 0.4061758014798505, 'x1': 0.055670549761733155, 'x2': 0.6404095057123772, 'x3': 0.3294744376776503, 'x4': 0.3749323123962675, 'x5': 0.9028766582955001}. Best is trial 64 with value: 5.870576824470314.\n",
      "[I 2026-04-16 04:03:32,955] Trial 93 finished with value: 5.916940196392815 and parameters: {'x0': 0.32018885918753887, 'x1': 0.008428558298457626, 'x2': 0.5459632407828374, 'x3': 0.2443122491389665, 'x4': 0.3813543189872968, 'x5': 0.9531866270074512}. Best is trial 93 with value: 5.916940196392815.\n",
      "[I 2026-04-16 04:03:32,978] Trial 94 finished with value: 5.837708553512918 and parameters: {'x0': 0.3355070522261532, 'x1': 0.00737188003588688, 'x2': 0.5530967068729858, 'x3': 0.20428021998977003, 'x4': 0.4879343910331845, 'x5': 0.8343894713061795}. Best is trial 93 with value: 5.916940196392815.\n",
      "[I 2026-04-16 04:03:32,998] Trial 95 finished with value: 5.910006590016154 and parameters: {'x0': 0.2710230887879884, 'x1': 0.004697766961484579, 'x2': 0.5514534997629804, 'x3': 0.20544472658064133, 'x4': 0.5001119863806945, 'x5': 0.9542266286634056}. Best is trial 93 with value: 5.916940196392815.\n",
      "[I 2026-04-16 04:03:33,018] Trial 96 finished with value: 5.890368647745766 and parameters: {'x0': 0.2765041267332605, 'x1': 0.000168323749868627, 'x2': 0.5505485245733571, 'x3': 0.16527422677926115, 'x4': 0.5659003899967123, 'x5': 0.9563937959432981}. Best is trial 93 with value: 5.916940196392815.\n",
      "[I 2026-04-16 04:03:33,036] Trial 97 finished with value: 5.912039261050649 and parameters: {'x0': 0.27559669994254704, 'x1': 0.0003856954310010093, 'x2': 0.549471898453393, 'x3': 0.1894241128094922, 'x4': 0.49894743404004993, 'x5': 0.9524208553630491}. Best is trial 93 with value: 5.916940196392815.\n",
      "[I 2026-04-16 04:03:33,053] Trial 98 finished with value: 5.881778879200571 and parameters: {'x0': 0.27316674540605645, 'x1': 0.0003439573351481243, 'x2': 0.4890370614833409, 'x3': 0.1478172018267861, 'x4': 0.5644698946291414, 'x5': 0.9548442716277514}. Best is trial 93 with value: 5.916940196392815.\n",
      "[I 2026-04-16 04:03:33,074] Trial 99 finished with value: 5.870989738911595 and parameters: {'x0': 0.27256385607677236, 'x1': 0.00524692673848883, 'x2': 0.47726614417573077, 'x3': 0.155067978036808, 'x4': 0.5646697179945112, 'x5': 0.9446569791121003}. Best is trial 93 with value: 5.916940196392815.\n"
     ]
    },
    {
     "name": "stdout",
     "output_type": "stream",
     "text": [
      "[Iteration 0] Proposed: [0.32018886 0.00842856 0.54596324 0.24431225 0.38135432 0.95318663], UCB: 5.916940\n",
      "  Best so far (Optuna): 2.021781e+00\n",
      "\n",
      "Week 5:\n",
      "  Actual observation: y = 5.246760e-02\n"
     ]
    },
    {
     "name": "stderr",
     "output_type": "stream",
     "text": [
      "[I 2026-04-16 04:03:33,378] A new study created in memory with name: no-name-7fcd107f-9952-4aa4-9b05-8d9adea319ec\n",
      "[I 2026-04-16 04:03:33,380] Trial 0 finished with value: 6.215229341702612 and parameters: {'x0': 0.3745401188473625, 'x1': 0.9507143064099162, 'x2': 0.7319939418114051, 'x3': 0.5986584841970366, 'x4': 0.15601864044243652, 'x5': 0.15599452033620265}. Best is trial 0 with value: 6.215229341702612.\n",
      "[I 2026-04-16 04:03:33,382] Trial 1 finished with value: 5.876650814401117 and parameters: {'x0': 0.05808361216819946, 'x1': 0.8661761457749352, 'x2': 0.6011150117432088, 'x3': 0.7080725777960455, 'x4': 0.020584494295802447, 'x5': 0.9699098521619943}. Best is trial 0 with value: 6.215229341702612.\n",
      "[I 2026-04-16 04:03:33,384] Trial 2 finished with value: 3.9129027692790737 and parameters: {'x0': 0.8324426408004217, 'x1': 0.21233911067827616, 'x2': 0.18182496720710062, 'x3': 0.18340450985343382, 'x4': 0.3042422429595377, 'x5': 0.5247564316322378}. Best is trial 0 with value: 6.215229341702612.\n",
      "[I 2026-04-16 04:03:33,386] Trial 3 finished with value: 5.017586883797895 and parameters: {'x0': 0.43194501864211576, 'x1': 0.2912291401980419, 'x2': 0.6118528947223795, 'x3': 0.13949386065204183, 'x4': 0.29214464853521815, 'x5': 0.3663618432936917}. Best is trial 0 with value: 6.215229341702612.\n",
      "[I 2026-04-16 04:03:33,389] Trial 4 finished with value: 5.731753863326988 and parameters: {'x0': 0.45606998421703593, 'x1': 0.7851759613930136, 'x2': 0.19967378215835974, 'x3': 0.5142344384136116, 'x4': 0.5924145688620425, 'x5': 0.046450412719997725}. Best is trial 0 with value: 6.215229341702612.\n",
      "[I 2026-04-16 04:03:33,394] Trial 5 finished with value: 6.371618255087882 and parameters: {'x0': 0.6075448519014384, 'x1': 0.17052412368729153, 'x2': 0.06505159298527952, 'x3': 0.9488855372533332, 'x4': 0.9656320330745594, 'x5': 0.8083973481164611}. Best is trial 5 with value: 6.371618255087882.\n",
      "[I 2026-04-16 04:03:33,397] Trial 6 finished with value: 3.7425438526460386 and parameters: {'x0': 0.3046137691733707, 'x1': 0.09767211400638387, 'x2': 0.6842330265121569, 'x3': 0.4401524937396013, 'x4': 0.12203823484477883, 'x5': 0.4951769101112702}. Best is trial 5 with value: 6.371618255087882.\n",
      "[I 2026-04-16 04:03:33,399] Trial 7 finished with value: 5.5147294267358316 and parameters: {'x0': 0.034388521115218396, 'x1': 0.9093204020787821, 'x2': 0.2587799816000169, 'x3': 0.662522284353982, 'x4': 0.31171107608941095, 'x5': 0.5200680211778108}. Best is trial 5 with value: 6.371618255087882.\n",
      "[I 2026-04-16 04:03:33,402] Trial 8 finished with value: 5.482148379711493 and parameters: {'x0': 0.5467102793432796, 'x1': 0.18485445552552704, 'x2': 0.9695846277645586, 'x3': 0.7751328233611146, 'x4': 0.9394989415641891, 'x5': 0.8948273504276488}. Best is trial 5 with value: 6.371618255087882.\n",
      "[I 2026-04-16 04:03:33,404] Trial 9 finished with value: 6.661186167289876 and parameters: {'x0': 0.5978999788110851, 'x1': 0.9218742350231168, 'x2': 0.0884925020519195, 'x3': 0.1959828624191452, 'x4': 0.045227288910538066, 'x5': 0.32533033076326434}. Best is trial 9 with value: 6.661186167289876.\n",
      "[I 2026-04-16 04:03:33,417] Trial 10 finished with value: 4.3481632616972 and parameters: {'x0': 0.9534661403809405, 'x1': 0.5659360709459067, 'x2': 0.3687287727210974, 'x3': 0.0179618756148196, 'x4': 0.6370920485539681, 'x5': 0.28946106293079776}. Best is trial 9 with value: 6.661186167289876.\n",
      "[I 2026-04-16 04:03:33,430] Trial 11 finished with value: 6.280294391699219 and parameters: {'x0': 0.6791966817577344, 'x1': 0.4342874673832779, 'x2': 0.022252480246067956, 'x3': 0.98167925229322, 'x4': 0.967536434376218, 'x5': 0.7473941873052088}. Best is trial 9 with value: 6.661186167289876.\n",
      "[I 2026-04-16 04:03:33,439] Trial 12 finished with value: 1.8526724588776928 and parameters: {'x0': 0.6671009561203396, 'x1': 0.6921988934258363, 'x2': 0.031055010822738954, 'x3': 0.34926630919468094, 'x4': 0.7650911879541404, 'x5': 0.6880988980130585}. Best is trial 9 with value: 6.661186167289876.\n",
      "[I 2026-04-16 04:03:33,451] Trial 13 finished with value: 4.796586930989018 and parameters: {'x0': 0.6840994328847403, 'x1': 0.4099397786361344, 'x2': 0.3987681088924525, 'x3': 0.998764709368317, 'x4': 0.45580160842501527, 'x5': 0.7433439992566937}. Best is trial 9 with value: 6.661186167289876.\n",
      "[I 2026-04-16 04:03:33,467] Trial 14 finished with value: 6.221748476474714 and parameters: {'x0': 0.18976199056627951, 'x1': 0.03358588493447223, 'x2': 0.12455413144368038, 'x3': 0.34279928826631634, 'x4': 0.8469961233886654, 'x5': 0.3275415153764192}. Best is trial 9 with value: 6.661186167289876.\n",
      "[I 2026-04-16 04:03:33,482] Trial 15 finished with value: 3.252737690244341 and parameters: {'x0': 0.5643700126830635, 'x1': 0.5831308193790049, 'x2': 0.3439037582728547, 'x3': 0.8543132377666622, 'x4': 0.4970853936108525, 'x5': 0.6446736852680854}. Best is trial 9 with value: 6.661186167289876.\n",
      "[I 2026-04-16 04:03:33,501] Trial 16 finished with value: 4.5524887851183715 and parameters: {'x0': 0.8147225208023963, 'x1': 0.30344630088855795, 'x2': 0.09787990861896796, 'x3': 0.23255202699064112, 'x4': 0.7359553767526543, 'x5': 0.8484697407922026}. Best is trial 9 with value: 6.661186167289876.\n",
      "[I 2026-04-16 04:03:33,513] Trial 17 finished with value: 5.604742881021424 and parameters: {'x0': 0.813751709037171, 'x1': 0.7155673030511578, 'x2': 0.4723219616672015, 'x3': 0.028208764638047307, 'x4': 0.5895985018457592, 'x5': 0.18969594234069842}. Best is trial 9 with value: 6.661186167289876.\n",
      "[I 2026-04-16 04:03:33,527] Trial 18 finished with value: 4.882483203716648 and parameters: {'x0': 0.25254583603197417, 'x1': 0.5186142063329878, 'x2': 0.26690375207555295, 'x3': 0.8629273218532529, 'x4': 0.015510381994227163, 'x5': 0.5995018382569194}. Best is trial 9 with value: 6.661186167289876.\n",
      "[I 2026-04-16 04:03:33,537] Trial 19 finished with value: 4.003523022345897 and parameters: {'x0': 0.5880231748874889, 'x1': 0.009526505560575188, 'x2': 0.0008168190370633488, 'x3': 0.323074372412948, 'x4': 0.4463746333134184, 'x5': 0.4017020460365729}. Best is trial 9 with value: 6.661186167289876.\n",
      "[I 2026-04-16 04:03:33,550] Trial 20 finished with value: 6.243879568004994 and parameters: {'x0': 0.9704750429999299, 'x1': 0.666586046817748, 'x2': 0.9002148367830045, 'x3': 0.4306332633544112, 'x4': 0.22234635690112775, 'x5': 0.023695411505832153}. Best is trial 9 with value: 6.661186167289876.\n",
      "[I 2026-04-16 04:03:33,566] Trial 21 finished with value: 6.402087129608491 and parameters: {'x0': 0.6903069554674334, 'x1': 0.39547487332420234, 'x2': 0.07343945013219283, 'x3': 0.9752906639932957, 'x4': 0.9993385783092377, 'x5': 0.7919990022621105}. Best is trial 9 with value: 6.661186167289876.\n",
