      "[I 2026-04-16 04:03:27,959] Trial 46 finished with value: 4.685783576811719 and parameters: {'x0': 0.43666931760802535, 'x1': 0.6252732063454987, 'x2': 0.04680334392375949, 'x3': 0.5147085133093154, 'x4': 0.14403662271386192, 'x5': 0.9919564653632482}. Best is trial 45 with value: 5.318408264083592.\n",
      "[I 2026-04-16 04:03:27,975] Trial 47 finished with value: 5.103002455458931 and parameters: {'x0': 0.6386591335639245, 'x1': 0.8156357145592396, 'x2': 0.19637065068054002, 'x3': 0.42370012263193957, 'x4': 0.21830728201163452, 'x5': 0.17109274300360325}. Best is trial 45 with value: 5.318408264083592.\n",
      "[I 2026-04-16 04:03:27,995] Trial 48 finished with value: 5.051719174554407 and parameters: {'x0': 0.9426773191465176, 'x1': 0.7651500824267456, 'x2': 0.10195505338652508, 'x3': 0.49248276592953655, 'x4': 0.33098555707788696, 'x5': 0.07019331209911672}. Best is trial 45 with value: 5.318408264083592.\n",
      "[I 2026-04-16 04:03:28,013] Trial 49 finished with value: 5.31769885285389 and parameters: {'x0': 0.3825215029344592, 'x1': 0.8987808637244797, 'x2': 0.04633931262726281, 'x3': 0.5437512128416525, 'x4': 0.08651694061907816, 'x5': 0.11159083070549553}. Best is trial 45 with value: 5.318408264083592.\n",
      "[I 2026-04-16 04:03:28,028] Trial 50 finished with value: 5.040592036340242 and parameters: {'x0': 0.7284723897977873, 'x1': 0.9210250453323263, 'x2': 0.05914002981747081, 'x3': 0.6666962871630615, 'x4': 0.07296813577201469, 'x5': 0.4762601318390209}. Best is trial 45 with value: 5.318408264083592.\n",
      "[I 2026-04-16 04:03:28,046] Trial 51 finished with value: 5.287395117464088 and parameters: {'x0': 0.40227417882796035, 'x1': 0.8708572014607374, 'x2': 0.036782375108231, 'x3': 0.5806414068486068, 'x4': 0.10022169169534013, 'x5': 0.12258501121282028}. Best is trial 45 with value: 5.318408264083592.\n",
      "[I 2026-04-16 04:03:28,066] Trial 52 finished with value: 5.290879698285756 and parameters: {'x0': 0.2767771020290798, 'x1': 0.8773812204093538, 'x2': 0.10071031007443432, 'x3': 0.5624394098611014, 'x4': 0.09701333613138738, 'x5': 0.12046426013246314}. Best is trial 45 with value: 5.318408264083592.\n",
      "[I 2026-04-16 04:03:28,085] Trial 53 finished with value: 5.2971018593959425 and parameters: {'x0': 0.27479652194211057, 'x1': 0.8917196071648646, 'x2': 0.11949972466563512, 'x3': 0.5736105622064761, 'x4': 0.10591478689367273, 'x5': 0.11244746909495618}. Best is trial 45 with value: 5.318408264083592.\n",
      "[I 2026-04-16 04:03:28,106] Trial 54 finished with value: 5.301153382377295 and parameters: {'x0': 0.26899299855583975, 'x1': 0.8812099266772841, 'x2': 0.11374580269357569, 'x3': 0.5688176998681455, 'x4': 0.1007138682871702, 'x5': 0.10558921956218073}. Best is trial 45 with value: 5.318408264083592.\n",
      "[I 2026-04-16 04:03:28,125] Trial 55 finished with value: 5.32906708415637 and parameters: {'x0': 0.27713557284547535, 'x1': 0.8875168170663122, 'x2': 0.11451474920284747, 'x3': 0.6463158199891395, 'x4': 0.022525659019078673, 'x5': 0.04638816634927311}. Best is trial 55 with value: 5.32906708415637.\n",
      "[I 2026-04-16 04:03:28,144] Trial 56 finished with value: 5.36435046219741 and parameters: {'x0': 0.0014500117927535028, 'x1': 0.9499142397662088, 'x2': 0.11956806594654573, 'x3': 0.5533014838909986, 'x4': 0.026386285789894173, 'x5': 0.05204301497732604}. Best is trial 56 with value: 5.36435046219741.\n",
      "[I 2026-04-16 04:03:28,165] Trial 57 finished with value: 5.349033564094845 and parameters: {'x0': 0.02647839283254974, 'x1': 0.9333745955309917, 'x2': 0.1964464887072389, 'x3': 0.6432387047338562, 'x4': 0.016104699343989837, 'x5': 0.05097574775012588}. Best is trial 56 with value: 5.36435046219741.\n",
      "[I 2026-04-16 04:03:28,184] Trial 58 finished with value: 5.351567628289638 and parameters: {'x0': 0.011437885012806855, 'x1': 0.9562536879483187, 'x2': 0.18745327299348816, 'x3': 0.6309833931942779, 'x4': 0.020984904740818155, 'x5': 0.06239225814316182}. Best is trial 56 with value: 5.36435046219741.\n",
      "[I 2026-04-16 04:03:28,203] Trial 59 finished with value: 5.348923819031883 and parameters: {'x0': 0.009579935010225422, 'x1': 0.9521122806835093, 'x2': 0.20657294247570585, 'x3': 0.6498638889417674, 'x4': 0.023238431279095317, 'x5': 0.06450198695271851}. Best is trial 56 with value: 5.36435046219741.\n",
      "[I 2026-04-16 04:03:28,221] Trial 60 finished with value: 5.35773652390491 and parameters: {'x0': 0.0035113268266189854, 'x1': 0.9712494405373455, 'x2': 0.27279482228574875, 'x3': 0.646143358028418, 'x4': 0.02167682715997472, 'x5': 0.03990505389231962}. Best is trial 56 with value: 5.36435046219741.\n",
      "[I 2026-04-16 04:03:28,237] Trial 61 finished with value: 5.355427613034892 and parameters: {'x0': 0.022720877453065787, 'x1': 0.9476076396814399, 'x2': 0.19657506553915965, 'x3': 0.6471663095118, 'x4': 0.018432774569725727, 'x5': 0.041021009694269805}. Best is trial 56 with value: 5.36435046219741.\n",
      "[I 2026-04-16 04:03:28,258] Trial 62 finished with value: 5.358377400569523 and parameters: {'x0': 0.011067799330946135, 'x1': 0.9620861845714247, 'x2': 0.22006165453306464, 'x3': 0.645168326653702, 'x4': 0.021811479305573447, 'x5': 0.0388419311417592}. Best is trial 56 with value: 5.36435046219741.\n",
      "[I 2026-04-16 04:03:28,277] Trial 63 finished with value: 5.352528534069781 and parameters: {'x0': 0.011087112088763689, 'x1': 0.949816695477026, 'x2': 0.2688115141545491, 'x3': 0.7641438005715675, 'x4': 0.00944850802199116, 'x5': 0.04399513079368552}. Best is trial 56 with value: 5.36435046219741.\n",
      "[I 2026-04-16 04:03:28,295] Trial 64 finished with value: 4.706000397302813 and parameters: {'x0': 0.069161176884544, 'x1': 0.9958392279744299, 'x2': 0.27041780320045133, 'x3': 0.73236891110739, 'x4': 0.016061039503017797, 'x5': 0.8609030771728927}. Best is trial 56 with value: 5.36435046219741.\n",
      "[I 2026-04-16 04:03:28,311] Trial 65 finished with value: 5.355951437678411 and parameters: {'x0': 0.05594952353229767, 'x1': 0.9582287637504561, 'x2': 0.24791107514726246, 'x3': 0.771120048444598, 'x4': 0.0038986355632966967, 'x5': 0.02996087840010064}. Best is trial 56 with value: 5.36435046219741.\n",
      "[I 2026-04-16 04:03:28,327] Trial 66 finished with value: 5.351219077601111 and parameters: {'x0': 0.0696825260321057, 'x1': 0.9621292321255912, 'x2': 0.35764338625029213, 'x3': 0.7968438514619975, 'x4': 0.0014179066103032559, 'x5': 0.03446667482763915}. Best is trial 56 with value: 5.36435046219741.\n",
      "[I 2026-04-16 04:03:28,343] Trial 67 finished with value: 5.3674817158720165 and parameters: {'x0': 0.11448783385092122, 'x1': 0.9974320265110818, 'x2': 0.2542867958940776, 'x3': 0.6894495853188959, 'x4': 0.045399984925596895, 'x5': 0.010403747286087603}. Best is trial 67 with value: 5.3674817158720165.\n",
      "[I 2026-04-16 04:03:28,362] Trial 68 finished with value: 5.378870232409313 and parameters: {'x0': 0.09655284703624006, 'x1': 0.9956365925446253, 'x2': 0.24778206523053217, 'x3': 0.6863766010275465, 'x4': 0.13394363865145814, 'x5': 0.0011329284490207044}. Best is trial 68 with value: 5.378870232409313.\n",
      "[I 2026-04-16 04:03:28,382] Trial 69 finished with value: 5.351384972207498 and parameters: {'x0': 0.14943186288299487, 'x1': 0.9940160934558163, 'x2': 0.43996903150535227, 'x3': 0.678382968832682, 'x4': 0.1369271752444487, 'x5': 0.0034604155300793785}. Best is trial 68 with value: 5.378870232409313.\n",
      "[I 2026-04-16 04:03:28,400] Trial 70 finished with value: 5.319205739007941 and parameters: {'x0': 0.10109742503584333, 'x1': 0.9162883201653589, 'x2': 0.298508320585144, 'x3': 0.7311989302302404, 'x4': 0.04585269493001941, 'x5': 0.07884241652431086}. Best is trial 68 with value: 5.378870232409313.\n",
      "[I 2026-04-16 04:03:28,417] Trial 71 finished with value: 5.363912261927721 and parameters: {'x0': 0.04394868363488049, 'x1': 0.9989891702820145, 'x2': 0.24847757050215968, 'x3': 0.7508326319542116, 'x4': 0.040156421835158884, 'x5': 0.03198399082873549}. Best is trial 68 with value: 5.378870232409313.\n",
      "[I 2026-04-16 04:03:28,435] Trial 72 finished with value: 5.364850566425701 and parameters: {'x0': 0.04745941681370257, 'x1': 0.9751239692039253, 'x2': 0.23398255640143775, 'x3': 0.7915439443239173, 'x4': 0.07081377417825949, 'x5': 0.02471945560221011}. Best is trial 68 with value: 5.378870232409313.\n",
      "[I 2026-04-16 04:03:28,455] Trial 73 finished with value: 5.372702419208731 and parameters: {'x0': 0.052118041280735924, 'x1': 0.978598837994184, 'x2': 0.2348171832019871, 'x3': 0.8388829690705278, 'x4': 0.19090384665067828, 'x5': 0.013557137829568518}. Best is trial 68 with value: 5.378870232409313.\n",
      "[I 2026-04-16 04:03:28,481] Trial 74 finished with value: 5.37044239578658 and parameters: {'x0': 0.09911633925942792, 'x1': 0.9929353861752742, 'x2': 0.29394663526917664, 'x3': 0.8223482843205292, 'x4': 0.18716031737493383, 'x5': 0.002078613186940992}. Best is trial 68 with value: 5.378870232409313.\n",
      "[I 2026-04-16 04:03:28,500] Trial 75 finished with value: 5.363289215102415 and parameters: {'x0': 0.09069965304825003, 'x1': 0.996711727957416, 'x2': 0.3670838207407344, 'x3': 0.8306263933408247, 'x4': 0.18872794933316303, 'x5': 0.0026456866555320743}. Best is trial 68 with value: 5.378870232409313.\n",
      "[I 2026-04-16 04:03:28,519] Trial 76 finished with value: 5.293109922776449 and parameters: {'x0': 0.17918623347492948, 'x1': 0.9188658201982547, 'x2': 0.3716698744905478, 'x3': 0.9515459205755985, 'x4': 0.36693546944326305, 'x5': 0.006139748785179667}. Best is trial 68 with value: 5.378870232409313.\n",
      "[I 2026-04-16 04:03:28,536] Trial 77 finished with value: 5.325483602750807 and parameters: {'x0': 0.09570529320816179, 'x1': 0.9872326292402258, 'x2': 0.3038459981029689, 'x3': 0.8293464146453047, 'x4': 0.27171206092304223, 'x5': 0.08351706320839133}. Best is trial 68 with value: 5.378870232409313.\n",
      "[I 2026-04-16 04:03:28,553] Trial 78 finished with value: 5.357572411749274 and parameters: {'x0': 0.15937198770270306, 'x1': 0.9965369284269345, 'x2': 0.34217446676633784, 'x3': 0.8509693873859374, 'x4': 0.19061305701376538, 'x5': 0.0012418422316809105}. Best is trial 68 with value: 5.378870232409313.\n",
      "[I 2026-04-16 04:03:28,569] Trial 79 finished with value: 4.95108823711675 and parameters: {'x0': 0.05153464402919933, 'x1': 0.9995340740241209, 'x2': 0.15995626638947152, 'x3': 0.8172903240142234, 'x4': 0.24245429653278294, 'x5': 0.5972220506975958}. Best is trial 68 with value: 5.378870232409313.\n",
      "[I 2026-04-16 04:03:28,590] Trial 80 finished with value: 5.241657327394308 and parameters: {'x0': 0.11671876585642414, 'x1': 0.9282814758955948, 'x2': 0.38318322058701226, 'x3': 0.9329469547689183, 'x4': 0.14229528125750243, 'x5': 0.1803858136287394}. Best is trial 68 with value: 5.378870232409313.\n",
      "[I 2026-04-16 04:03:28,609] Trial 81 finished with value: 5.312012226037816 and parameters: {'x0': 0.08147044021520364, 'x1': 0.9707575893682707, 'x2': 0.2380427430357076, 'x3': 0.7501650138894947, 'x4': 0.17323895204689138, 'x5': 0.1391951524562863}. Best is trial 68 with value: 5.378870232409313.\n",
      "[I 2026-04-16 04:03:28,629] Trial 82 finished with value: 5.331768732427437 and parameters: {'x0': 0.04338384631052066, 'x1': 0.9311611714721383, 'x2': 0.31078983379718517, 'x3': 0.7847321123147839, 'x4': 0.13053469168176746, 'x5': 0.08187412826777085}. Best is trial 68 with value: 5.378870232409313.\n",
      "[I 2026-04-16 04:03:28,650] Trial 83 finished with value: 5.323631450858237 and parameters: {'x0': 0.1283878469904354, 'x1': 0.8454181537993414, 'x2': 0.23167772904764977, 'x3': 0.8492435386509153, 'x4': 0.19189408752792964, 'x5': 0.026532121503864917}. Best is trial 68 with value: 5.378870232409313.\n",
      "[I 2026-04-16 04:03:28,676] Trial 84 finished with value: 5.36146941051561 and parameters: {'x0': 0.20295477510794036, 'x1': 0.9670502023418538, 'x2': 0.21551546263497545, 'x3': 0.6118794243137875, 'x4': 0.0772234152872982, 'x5': 0.023453557431080456}. Best is trial 68 with value: 5.378870232409313.\n",
      "[I 2026-04-16 04:03:28,699] Trial 85 finished with value: 5.0091720718595765 and parameters: {'x0': 0.20695366471574678, 'x1': 0.9131671670933924, 'x2': 0.14610627282865998, 'x3': 0.6946695990242719, 'x4': 0.9985364655754743, 'x5': 0.08583512020739838}. Best is trial 68 with value: 5.378870232409313.\n",
      "[I 2026-04-16 04:03:28,717] Trial 86 finished with value: 4.969601887672701 and parameters: {'x0': 0.17069878359813656, 'x1': 0.25049705758792173, 'x2': 0.40713242120770554, 'x3': 0.9151924597569938, 'x4': 0.21453929020599374, 'x5': 0.015703498038699536}. Best is trial 68 with value: 5.378870232409313.\n",
      "[I 2026-04-16 04:03:28,736] Trial 87 finished with value: 5.305859249094029 and parameters: {'x0': 0.08465306835451483, 'x1': 0.9747062967640452, 'x2': 0.2879637741249423, 'x3': 0.7427446990069377, 'x4': 0.07134519600893519, 'x5': 0.13918909714663563}. Best is trial 68 with value: 5.378870232409313.\n",
      "[I 2026-04-16 04:03:28,759] Trial 88 finished with value: 4.729785866675594 and parameters: {'x0': 0.11272396827869856, 'x1': 0.3392108702129234, 'x2': 0.33720997049030965, 'x3': 0.6015761289080025, 'x4': 0.15111087189012834, 'x5': 0.0005931947908467128}. Best is trial 68 with value: 5.378870232409313.\n",
      "[I 2026-04-16 04:03:28,782] Trial 89 finished with value: 5.342158355597793 and parameters: {'x0': 0.0380187352242941, 'x1': 0.9701999096257918, 'x2': 0.44843361838445844, 'x3': 0.6112776113876667, 'x4': 0.12004189403553132, 'x5': 0.07351975873387065}. Best is trial 68 with value: 5.378870232409313.\n",
      "[I 2026-04-16 04:03:28,800] Trial 90 finished with value: 5.307443884716822 and parameters: {'x0': 0.1459180435187235, 'x1': 0.9341964640260665, 'x2': 0.17185109250531305, 'x3': 0.827000117622982, 'x4': 0.2484988009867933, 'x5': 0.09776166533430142}. Best is trial 68 with value: 5.378870232409313.\n",
      "[I 2026-04-16 04:03:28,817] Trial 91 finished with value: 5.3609913940175264 and parameters: {'x0': 0.07060348258389146, 'x1': 0.9692002411156154, 'x2': 0.21390291090221353, 'x3': 0.6865062691070027, 'x4': 0.044716417126395964, 'x5': 0.029929565181004383}. Best is trial 68 with value: 5.378870232409313.\n",
      "[I 2026-04-16 04:03:28,838] Trial 92 finished with value: 5.366547390397136 and parameters: {'x0': 0.06109888514822615, 'x1': 0.9991698439462012, 'x2': 0.21782575385761582, 'x3': 0.7032749341553599, 'x4': 0.04693695256659132, 'x5': 0.02733662413148036}. Best is trial 68 with value: 5.378870232409313.\n",
      "[I 2026-04-16 04:03:28,861] Trial 93 finished with value: 5.346750589612278 and parameters: {'x0': 0.20330251188303658, 'x1': 0.9987606554147649, 'x2': 0.25139145581350836, 'x3': 0.7171369426619361, 'x4': 0.06987484116412729, 'x5': 0.06018080518847419}. Best is trial 68 with value: 5.378870232409313.\n",
      "[I 2026-04-16 04:03:28,884] Trial 94 finished with value: 5.346865323468709 and parameters: {'x0': 0.09562562945800257, 'x1': 0.9040980891115614, 'x2': 0.28912812747519206, 'x3': 0.8665431320577806, 'x4': 0.0871326193573344, 'x5': 0.0245210890324997}. Best is trial 68 with value: 5.378870232409313.\n",
      "[I 2026-04-16 04:03:28,905] Trial 95 finished with value: 5.295422186542491 and parameters: {'x0': 0.23659147341658132, 'x1': 0.9393894484980678, 'x2': 0.14199401938367598, 'x3': 0.7947095099581234, 'x4': 0.11940595283324833, 'x5': 0.12704319552168877}. Best is trial 68 with value: 5.378870232409313.\n",
      "[I 2026-04-16 04:03:28,942] Trial 96 finished with value: 5.197168824348436 and parameters: {'x0': 0.046125582158892627, 'x1': 0.5180096354082121, 'x2': 0.1779743671497824, 'x3': 0.47738637126841, 'x4': 0.16518727321424015, 'x5': 0.05646025921438088}. Best is trial 68 with value: 5.378870232409313.\n",
      "[I 2026-04-16 04:03:28,964] Trial 97 finished with value: 4.572432150338714 and parameters: {'x0': 0.13448972344608318, 'x1': 0.981572110690037, 'x2': 0.3189357707024098, 'x3': 0.7711175371848374, 'x4': 0.04948645314378236, 'x5': 0.7060446236353909}. Best is trial 68 with value: 5.378870232409313.\n",
      "[I 2026-04-16 04:03:28,986] Trial 98 finished with value: 5.331840220335138 and parameters: {'x0': 0.11522661783625619, 'x1': 0.8546923309239719, 'x2': 0.24742164319028445, 'x3': 0.8134703994482941, 'x4': 0.19137444783822896, 'x5': 0.022220779221336317}. Best is trial 68 with value: 5.378870232409313.\n",
      "[I 2026-04-16 04:03:29,006] Trial 99 finished with value: 5.376732097636461 and parameters: {'x0': 0.08410651199591902, 'x1': 0.9071012494601315, 'x2': 0.2203884068843835, 'x3': 0.6689131539995362, 'x4': 0.29652879765842066, 'x5': 0.0011933556000028507}. Best is trial 68 with value: 5.378870232409313.\n"
     ]
    },
    {
     "name": "stdout",
     "output_type": "stream",
     "text": [
      "[Iteration 0] Proposed: [0.09655285 0.99563659 0.24778207 0.6863766  0.13394364 0.00113293], UCB: 5.378870\n",
      "  Best so far (Optuna): 1.394404e+00\n",
      "\n",
      "Week 3:\n",
      "  Actual observation: y = 1.405962e+00\n"
     ]
    },
    {
     "name": "stderr",
     "output_type": "stream",
     "text": [
      "[I 2026-04-16 04:03:29,311] A new study created in memory with name: no-name-56459962-4edd-48a2-9ba2-854b30bf76a2\n",
      "[I 2026-04-16 04:03:29,315] Trial 0 finished with value: 5.281489512624691 and parameters: {'x0': 0.3745401188473625, 'x1': 0.9507143064099162, 'x2': 0.7319939418114051, 'x3': 0.5986584841970366, 'x4': 0.15601864044243652, 'x5': 0.15599452033620265}. Best is trial 0 with value: 5.281489512624691.\n",
      "[I 2026-04-16 04:03:29,317] Trial 1 finished with value: 5.102815878875697 and parameters: {'x0': 0.05808361216819946, 'x1': 0.8661761457749352, 'x2': 0.6011150117432088, 'x3': 0.7080725777960455, 'x4': 0.020584494295802447, 'x5': 0.9699098521619943}. Best is trial 0 with value: 5.281489512624691.\n",
      "[I 2026-04-16 04:03:29,319] Trial 2 finished with value: 3.9080599016275195 and parameters: {'x0': 0.8324426408004217, 'x1': 0.21233911067827616, 'x2': 0.18182496720710062, 'x3': 0.18340450985343382, 'x4': 0.3042422429595377, 'x5': 0.5247564316322378}. Best is trial 0 with value: 5.281489512624691.\n",
      "[I 2026-04-16 04:03:29,325] Trial 3 finished with value: 4.693867039965237 and parameters: {'x0': 0.43194501864211576, 'x1': 0.2912291401980419, 'x2': 0.6118528947223795, 'x3': 0.13949386065204183, 'x4': 0.29214464853521815, 'x5': 0.3663618432936917}. Best is trial 0 with value: 5.281489512624691.\n",
      "[I 2026-04-16 04:03:29,331] Trial 4 finished with value: 5.0346576508050465 and parameters: {'x0': 0.45606998421703593, 'x1': 0.7851759613930136, 'x2': 0.19967378215835974, 'x3': 0.5142344384136116, 'x4': 0.5924145688620425, 'x5': 0.046450412719997725}. Best is trial 0 with value: 5.281489512624691.\n",
      "[I 2026-04-16 04:03:29,334] Trial 5 finished with value: 5.349565388753184 and parameters: {'x0': 0.6075448519014384, 'x1': 0.17052412368729153, 'x2': 0.06505159298527952, 'x3': 0.9488855372533332, 'x4': 0.9656320330745594, 'x5': 0.8083973481164611}. Best is trial 5 with value: 5.349565388753184.\n",
      "[I 2026-04-16 04:03:29,337] Trial 6 finished with value: 3.662835705676522 and parameters: {'x0': 0.3046137691733707, 'x1': 0.09767211400638387, 'x2': 0.6842330265121569, 'x3': 0.4401524937396013, 'x4': 0.12203823484477883, 'x5': 0.4951769101112702}. Best is trial 5 with value: 5.349565388753184.\n",
      "[I 2026-04-16 04:03:29,342] Trial 7 finished with value: 4.986933598105376 and parameters: {'x0': 0.034388521115218396, 'x1': 0.9093204020787821, 'x2': 0.2587799816000169, 'x3': 0.662522284353982, 'x4': 0.31171107608941095, 'x5': 0.5200680211778108}. Best is trial 5 with value: 5.349565388753184.\n",
      "[I 2026-04-16 04:03:29,345] Trial 8 finished with value: 4.75665599901412 and parameters: {'x0': 0.5467102793432796, 'x1': 0.18485445552552704, 'x2': 0.9695846277645586, 'x3': 0.7751328233611146, 'x4': 0.9394989415641891, 'x5': 0.8948273504276488}. Best is trial 5 with value: 5.349565388753184.\n",
      "[I 2026-04-16 04:03:29,348] Trial 9 finished with value: 5.525198089101115 and parameters: {'x0': 0.5978999788110851, 'x1': 0.9218742350231168, 'x2': 0.0884925020519195, 'x3': 0.1959828624191452, 'x4': 0.045227288910538066, 'x5': 0.32533033076326434}. Best is trial 9 with value: 5.525198089101115.\n",
      "[I 2026-04-16 04:03:29,363] Trial 10 finished with value: 4.090188222959332 and parameters: {'x0': 0.9534661403809405, 'x1': 0.5659360709459067, 'x2': 0.3687287727210974, 'x3': 0.0179618756148196, 'x4': 0.6370920485539681, 'x5': 0.28946106293079776}. Best is trial 9 with value: 5.525198089101115.\n",
      "[I 2026-04-16 04:03:29,376] Trial 11 finished with value: 5.296527005988559 and parameters: {'x0': 0.6791966817577344, 'x1': 0.4342874673832779, 'x2': 0.022252480246067956, 'x3': 0.98167925229322, 'x4': 0.967536434376218, 'x5': 0.7473941873052088}. Best is trial 9 with value: 5.525198089101115.\n",
      "[I 2026-04-16 04:03:29,392] Trial 12 finished with value: 1.8485701616566197 and parameters: {'x0': 0.6671009561203396, 'x1': 0.6921988934258363, 'x2': 0.031055010822738954, 'x3': 0.34926630919468094, 'x4': 0.7650911879541404, 'x5': 0.6880988980130585}. Best is trial 9 with value: 5.525198089101115.\n",
      "[I 2026-04-16 04:03:29,410] Trial 13 finished with value: 4.416223970117395 and parameters: {'x0': 0.6840994328847403, 'x1': 0.4099397786361344, 'x2': 0.3987681088924525, 'x3': 0.998764709368317, 'x4': 0.45580160842501527, 'x5': 0.7433439992566937}. Best is trial 9 with value: 5.525198089101115.\n",
