      "[I 2026-04-16 04:03:34,988] Trial 92 finished with value: 7.067799133901824 and parameters: {'x0': 0.2774461697839708, 'x1': 0.7388878608206753, 'x2': 0.8610977327587719, 'x3': 0.1821255633229375, 'x4': 0.14045225140780773, 'x5': 0.8403804812997631}. Best is trial 84 with value: 7.240139059486755.\n",
      "[I 2026-04-16 04:03:35,009] Trial 93 finished with value: 7.225305680850449 and parameters: {'x0': 0.28354491489570754, 'x1': 0.8163863850870706, 'x2': 0.8351280479360266, 'x3': 0.07545426582212164, 'x4': 0.19838545449645567, 'x5': 0.9278966154815247}. Best is trial 84 with value: 7.240139059486755.\n",
      "[I 2026-04-16 04:03:35,029] Trial 94 finished with value: 7.155185897411082 and parameters: {'x0': 0.3481225105351038, 'x1': 0.8186223074466075, 'x2': 0.7787273882527713, 'x3': 0.07083815198982694, 'x4': 0.21316830063861666, 'x5': 0.9156607645921628}. Best is trial 84 with value: 7.240139059486755.\n",
      "[I 2026-04-16 04:03:35,050] Trial 95 finished with value: 7.2022027809292934 and parameters: {'x0': 0.33335871327440136, 'x1': 0.8241185685172787, 'x2': 0.7746726127281638, 'x3': 0.026430628125198113, 'x4': 0.21065841407022035, 'x5': 0.9323742866536937}. Best is trial 84 with value: 7.240139059486755.\n",
      "[I 2026-04-16 04:03:35,068] Trial 96 finished with value: 7.077642492438586 and parameters: {'x0': 0.3636013329203602, 'x1': 0.6467113828058305, 'x2': 0.7081431346726466, 'x3': 0.026277403290588516, 'x4': 0.20668170226608373, 'x5': 0.9231112820906953}. Best is trial 84 with value: 7.240139059486755.\n",
      "[I 2026-04-16 04:03:35,084] Trial 97 finished with value: 7.189708876870412 and parameters: {'x0': 0.34919913315542994, 'x1': 0.7499187118281267, 'x2': 0.7771159097081687, 'x3': 0.027813700782320025, 'x4': 0.28114889173585206, 'x5': 0.9029284638959146}. Best is trial 84 with value: 7.240139059486755.\n",
      "[I 2026-04-16 04:03:35,101] Trial 98 finished with value: 6.510996162784248 and parameters: {'x0': 0.3926880447091826, 'x1': 0.6829219643302943, 'x2': 0.45131609051205723, 'x3': 0.0282864498520791, 'x4': 0.2632797336643786, 'x5': 0.8986742806309217}. Best is trial 84 with value: 7.240139059486755.\n",
      "[I 2026-04-16 04:03:35,126] Trial 99 finished with value: 7.259346994423332 and parameters: {'x0': 0.2785741556036448, 'x1': 0.7386880961186799, 'x2': 0.8188995812698914, 'x3': 0.0016254692845553108, 'x4': 0.30234150952375627, 'x5': 0.8722815758039844}. Best is trial 99 with value: 7.259346994423332.\n"
     ]
    },
    {
     "name": "stdout",
     "output_type": "stream",
     "text": [
      "[Iteration 0] Proposed: [0.27857416 0.7386881  0.81889958 0.00162547 0.30234151 0.87228158], UCB: 7.259347\n",
      "  Best so far (Optuna): 2.021781e+00\n",
      "\n",
      "Week 6:\n",
      "  Actual observation: y = 2.075606e+00\n"
     ]
    },
    {
     "name": "stderr",
     "output_type": "stream",
     "text": [
      "[I 2026-04-16 04:03:35,462] A new study created in memory with name: no-name-b6bc0a28-0a60-4272-ae00-8ae4f33f5067\n",
      "[I 2026-04-16 04:03:35,463] Trial 0 finished with value: 6.121642288702549 and parameters: {'x0': 0.3745401188473625, 'x1': 0.9507143064099162, 'x2': 0.7319939418114051, 'x3': 0.5986584841970366, 'x4': 0.15601864044243652, 'x5': 0.15599452033620265}. Best is trial 0 with value: 6.121642288702549.\n",
      "[I 2026-04-16 04:03:35,466] Trial 1 finished with value: 5.7941571040778035 and parameters: {'x0': 0.05808361216819946, 'x1': 0.8661761457749352, 'x2': 0.6011150117432088, 'x3': 0.7080725777960455, 'x4': 0.020584494295802447, 'x5': 0.9699098521619943}. Best is trial 0 with value: 6.121642288702549.\n",
      "[I 2026-04-16 04:03:35,469] Trial 2 finished with value: 3.8775899340041304 and parameters: {'x0': 0.8324426408004217, 'x1': 0.21233911067827616, 'x2': 0.18182496720710062, 'x3': 0.18340450985343382, 'x4': 0.3042422429595377, 'x5': 0.5247564316322378}. Best is trial 0 with value: 6.121642288702549.\n",
      "[I 2026-04-16 04:03:35,472] Trial 3 finished with value: 4.962058996436846 and parameters: {'x0': 0.43194501864211576, 'x1': 0.2912291401980419, 'x2': 0.6118528947223795, 'x3': 0.13949386065204183, 'x4': 0.29214464853521815, 'x5': 0.3663618432936917}. Best is trial 0 with value: 6.121642288702549.\n",
      "[I 2026-04-16 04:03:35,478] Trial 4 finished with value: 5.655359175171795 and parameters: {'x0': 0.45606998421703593, 'x1': 0.7851759613930136, 'x2': 0.19967378215835974, 'x3': 0.5142344384136116, 'x4': 0.5924145688620425, 'x5': 0.046450412719997725}. Best is trial 0 with value: 6.121642288702549.\n",
      "[I 2026-04-16 04:03:35,481] Trial 5 finished with value: 6.273419365249536 and parameters: {'x0': 0.6075448519014384, 'x1': 0.17052412368729153, 'x2': 0.06505159298527952, 'x3': 0.9488855372533332, 'x4': 0.9656320330745594, 'x5': 0.8083973481164611}. Best is trial 5 with value: 6.273419365249536.\n",
      "[I 2026-04-16 04:03:35,483] Trial 6 finished with value: 3.680433224058526 and parameters: {'x0': 0.3046137691733707, 'x1': 0.09767211400638387, 'x2': 0.6842330265121569, 'x3': 0.4401524937396013, 'x4': 0.12203823484477883, 'x5': 0.4951769101112702}. Best is trial 5 with value: 6.273419365249536.\n",
      "[I 2026-04-16 04:03:35,485] Trial 7 finished with value: 5.439986329035586 and parameters: {'x0': 0.034388521115218396, 'x1': 0.9093204020787821, 'x2': 0.2587799816000169, 'x3': 0.662522284353982, 'x4': 0.31171107608941095, 'x5': 0.5200680211778108}. Best is trial 5 with value: 6.273419365249536.\n",
      "[I 2026-04-16 04:03:35,487] Trial 8 finished with value: 5.40313373601908 and parameters: {'x0': 0.5467102793432796, 'x1': 0.18485445552552704, 'x2': 0.9695846277645586, 'x3': 0.7751328233611146, 'x4': 0.9394989415641891, 'x5': 0.8948273504276488}. Best is trial 5 with value: 6.273419365249536.\n",
      "[I 2026-04-16 04:03:35,489] Trial 9 finished with value: 6.55555534115698 and parameters: {'x0': 0.5978999788110851, 'x1': 0.9218742350231168, 'x2': 0.0884925020519195, 'x3': 0.1959828624191452, 'x4': 0.045227288910538066, 'x5': 0.32533033076326434}. Best is trial 9 with value: 6.55555534115698.\n",
      "[I 2026-04-16 04:03:35,504] Trial 10 finished with value: 4.295901143885519 and parameters: {'x0': 0.9534661403809405, 'x1': 0.5659360709459067, 'x2': 0.3687287727210974, 'x3': 0.0179618756148196, 'x4': 0.6370920485539681, 'x5': 0.28946106293079776}. Best is trial 9 with value: 6.55555534115698.\n",
      "[I 2026-04-16 04:03:35,519] Trial 11 finished with value: 6.184796145714961 and parameters: {'x0': 0.6791966817577344, 'x1': 0.4342874673832779, 'x2': 0.022252480246067956, 'x3': 0.98167925229322, 'x4': 0.967536434376218, 'x5': 0.7473941873052088}. Best is trial 9 with value: 6.55555534115698.\n",
      "[I 2026-04-16 04:03:35,532] Trial 12 finished with value: 1.8341374918182793 and parameters: {'x0': 0.6671009561203396, 'x1': 0.6921988934258363, 'x2': 0.031055010822738954, 'x3': 0.34926630919468094, 'x4': 0.7650911879541404, 'x5': 0.6880988980130585}. Best is trial 9 with value: 6.55555534115698.\n",
      "[I 2026-04-16 04:03:35,543] Trial 13 finished with value: 4.738197737327976 and parameters: {'x0': 0.6840994328847403, 'x1': 0.4099397786361344, 'x2': 0.3987681088924525, 'x3': 0.998764709368317, 'x4': 0.45580160842501527, 'x5': 0.7433439992566937}. Best is trial 9 with value: 6.55555534115698.\n",
      "[I 2026-04-16 04:03:35,553] Trial 14 finished with value: 6.035483073058451 and parameters: {'x0': 0.18976199056627951, 'x1': 0.03358588493447223, 'x2': 0.12455413144368038, 'x3': 0.34279928826631634, 'x4': 0.8469961233886654, 'x5': 0.3275415153764192}. Best is trial 9 with value: 6.55555534115698.\n",
      "[I 2026-04-16 04:03:35,566] Trial 15 finished with value: 3.2199191710587365 and parameters: {'x0': 0.5643700126830635, 'x1': 0.5831308193790049, 'x2': 0.3439037582728547, 'x3': 0.8543132377666622, 'x4': 0.4970853936108525, 'x5': 0.6446736852680854}. Best is trial 9 with value: 6.55555534115698.\n",
      "[I 2026-04-16 04:03:35,582] Trial 16 finished with value: 4.496258711702132 and parameters: {'x0': 0.8147225208023963, 'x1': 0.30344630088855795, 'x2': 0.09787990861896796, 'x3': 0.23255202699064112, 'x4': 0.7359553767526543, 'x5': 0.8484697407922026}. Best is trial 9 with value: 6.55555534115698.\n",
      "[I 2026-04-16 04:03:35,595] Trial 17 finished with value: 5.526724924089115 and parameters: {'x0': 0.813751709037171, 'x1': 0.7155673030511578, 'x2': 0.4723219616672015, 'x3': 0.028208764638047307, 'x4': 0.5895985018457592, 'x5': 0.18969594234069842}. Best is trial 9 with value: 6.55555534115698.\n",
      "[I 2026-04-16 04:03:35,608] Trial 18 finished with value: 4.823251607800015 and parameters: {'x0': 0.25254583603197417, 'x1': 0.5186142063329878, 'x2': 0.26690375207555295, 'x3': 0.8629273218532529, 'x4': 0.015510381994227163, 'x5': 0.5995018382569194}. Best is trial 9 with value: 6.55555534115698.\n",
      "[I 2026-04-16 04:03:35,622] Trial 19 finished with value: 3.9623169766318886 and parameters: {'x0': 0.5880231748874889, 'x1': 0.009526505560575188, 'x2': 0.0008168190370633488, 'x3': 0.323074372412948, 'x4': 0.4463746333134184, 'x5': 0.4017020460365729}. Best is trial 9 with value: 6.55555534115698.\n",
      "[I 2026-04-16 04:03:35,636] Trial 20 finished with value: 6.145997795223048 and parameters: {'x0': 0.9704750429999299, 'x1': 0.666586046817748, 'x2': 0.9002148367830045, 'x3': 0.4306332633544112, 'x4': 0.22234635690112775, 'x5': 0.023695411505832153}. Best is trial 9 with value: 6.55555534115698.\n",
      "[I 2026-04-16 04:03:35,648] Trial 21 finished with value: 6.302632950844458 and parameters: {'x0': 0.6903069554674334, 'x1': 0.39547487332420234, 'x2': 0.07343945013219283, 'x3': 0.9752906639932957, 'x4': 0.9993385783092377, 'x5': 0.7919990022621105}. Best is trial 9 with value: 6.55555534115698.\n",
      "[I 2026-04-16 04:03:35,661] Trial 22 finished with value: 6.0691016219839655 and parameters: {'x0': 0.7299028405705869, 'x1': 0.37300357597246003, 'x2': 0.11534621165017213, 'x3': 0.9026571487153402, 'x4': 0.8653138785947546, 'x5': 0.8458296750854951}. Best is trial 9 with value: 6.55555534115698.\n",
      "[I 2026-04-16 04:03:35,680] Trial 23 finished with value: 5.710486171791076 and parameters: {'x0': 0.5046308162185387, 'x1': 0.16512282024675884, 'x2': 0.24827732445999434, 'x3': 0.7974978504463676, 'x4': 0.9934145450829662, 'x5': 0.939726721016585}. Best is trial 9 with value: 6.55555534115698.\n",
      "[I 2026-04-16 04:03:35,696] Trial 24 finished with value: 5.663561746242664 and parameters: {'x0': 0.5905817783716171, 'x1': 0.2918891115225003, 'x2': 0.10087922983598407, 'x3': 0.9134291931087097, 'x4': 0.8766012324747308, 'x5': 0.759125892967334}. Best is trial 9 with value: 6.55555534115698.\n",
      "[I 2026-04-16 04:03:35,716] Trial 25 finished with value: 4.313599348536849 and parameters: {'x0': 0.7521435358980619, 'x1': 0.43530170634027665, 'x2': 0.1909074687269969, 'x3': 0.5647304025311302, 'x4': 0.7310438442903455, 'x5': 0.24007849287373734}. Best is trial 9 with value: 6.55555534115698.\n",
      "[I 2026-04-16 04:03:35,733] Trial 26 finished with value: 5.05342319209009 and parameters: {'x0': 0.9008717125571895, 'x1': 0.8297102238154348, 'x2': 0.3136097407139682, 'x3': 0.775228279167604, 'x4': 0.38082782102992474, 'x5': 0.43694130936129205}. Best is trial 9 with value: 6.55555534115698.\n",
      "[I 2026-04-16 04:03:35,746] Trial 27 finished with value: 4.97526499148647 and parameters: {'x0': 0.6353687005341495, 'x1': 0.986377401445569, 'x2': 0.4866311939064875, 'x3': 0.6710451670115523, 'x4': 0.8194102243153862, 'x5': 0.5957379148909056}. Best is trial 9 with value: 6.55555534115698.\n",
      "[I 2026-04-16 04:03:35,759] Trial 28 finished with value: 5.8729412032104875 and parameters: {'x0': 0.40344286539018015, 'x1': 0.11369327857411171, 'x2': 0.05894200918150555, 'x3': 0.9396718703550053, 'x4': 0.6447450831827691, 'x5': 0.8193914534613911}. Best is trial 9 with value: 6.55555534115698.\n",
      "[I 2026-04-16 04:03:35,774] Trial 29 finished with value: 6.8433043190564335 and parameters: {'x0': 0.35541514248302675, 'x1': 0.3406152432078766, 'x2': 0.8134174575589901, 'x3': 0.11196127773788578, 'x4': 0.159270736385348, 'x5': 0.9945502078901489}. Best is trial 29 with value: 6.8433043190564335.\n",
      "[I 2026-04-16 04:03:35,790] Trial 30 finished with value: 5.390148093221102 and parameters: {'x0': 0.340663701636831, 'x1': 0.3574290708855584, 'x2': 0.8305522958967522, 'x3': 0.09087535113478581, 'x4': 0.09134832825060099, 'x5': 0.11211255029254164}. Best is trial 29 with value: 6.8433043190564335.\n",
      "[I 2026-04-16 04:03:35,807] Trial 31 finished with value: 6.791737870817435 and parameters: {'x0': 0.46224279261125895, 'x1': 0.4876103277482613, 'x2': 0.7595117656212718, 'x3': 0.1187746172472758, 'x4': 0.2017538943091081, 'x5': 0.9661153623168672}. Best is trial 29 with value: 6.8433043190564335.\n",
      "[I 2026-04-16 04:03:35,822] Trial 32 finished with value: 6.663334441248372 and parameters: {'x0': 0.1719602074463561, 'x1': 0.494504905854244, 'x2': 0.7921149552319438, 'x3': 0.23110662061970766, 'x4': 0.21740853600862264, 'x5': 0.9838402821128933}. Best is trial 29 with value: 6.8433043190564335.\n",
      "[I 2026-04-16 04:03:35,834] Trial 33 finished with value: 6.665964048578213 and parameters: {'x0': 0.1167376250792933, 'x1': 0.494235231850066, 'x2': 0.7670725012029121, 'x3': 0.22731375258208175, 'x4': 0.17467332761565313, 'x5': 0.99525231331674}. Best is trial 29 with value: 6.8433043190564335.\n",
      "[I 2026-04-16 04:03:35,850] Trial 34 finished with value: 6.593053039457321 and parameters: {'x0': 0.10771991902231738, 'x1': 0.48208363615871297, 'x2': 0.7798517142084342, 'x3': 0.27198363813594667, 'x4': 0.20072024394049082, 'x5': 0.9909776637868204}. Best is trial 29 with value: 6.8433043190564335.\n",
      "[I 2026-04-16 04:03:35,871] Trial 35 finished with value: 6.70091202566553 and parameters: {'x0': 0.12652268937123562, 'x1': 0.6042576123301739, 'x2': 0.6811197363903216, 'x3': 0.12519765164340918, 'x4': 0.1899004892383871, 'x5': 0.9232148043546327}. Best is trial 29 with value: 6.8433043190564335.\n",
      "[I 2026-04-16 04:03:35,889] Trial 36 finished with value: 6.7793744040594195 and parameters: {'x0': 0.09753073704501211, 'x1': 0.6360978974466184, 'x2': 0.6737576656583377, 'x3': 0.12149772297748988, 'x4': 0.14644686598655623, 'x5': 0.9168324517911921}. Best is trial 29 with value: 6.8433043190564335.\n",
      "[I 2026-04-16 04:03:35,911] Trial 37 finished with value: 6.752026543259623 and parameters: {'x0': 0.009805750570173369, 'x1': 0.6224543798910076, 'x2': 0.6742099498454943, 'x3': 0.13217642261257007, 'x4': 0.2883576084170799, 'x5': 0.9093824646156249}. Best is trial 29 with value: 6.8433043190564335.\n",
      "[I 2026-04-16 04:03:35,931] Trial 38 finished with value: 6.778848507093257 and parameters: {'x0': 0.018168558001059126, 'x1': 0.7617890679042301, 'x2': 0.5948742422799195, 'x3': 0.0752282447455013, 'x4': 0.28275851183384465, 'x5': 0.8768501790723187}. Best is trial 29 with value: 6.8433043190564335.\n",
      "[I 2026-04-16 04:03:35,946] Trial 39 finished with value: 6.7831447596141725 and parameters: {'x0': 0.2616242090653944, 'x1': 0.8057478377663642, 'x2': 0.5989732393431892, 'x3': 0.05590241813978675, 'x4': 0.1138680862061795, 'x5': 0.8738508996098164}. Best is trial 29 with value: 6.8433043190564335.\n",
      "[I 2026-04-16 04:03:35,964] Trial 40 finished with value: 6.790356981759706 and parameters: {'x0': 0.2728719161302226, 'x1': 0.8585819495807901, 'x2': 0.5736752864551886, 'x3': 0.073733060665961, 'x4': 0.11299626491799282, 'x5': 0.9475264617730413}. Best is trial 29 with value: 6.8433043190564335.\n",
      "[I 2026-04-16 04:03:35,984] Trial 41 finished with value: 6.76864124058367 and parameters: {'x0': 0.26757694013831534, 'x1': 0.8536286220464547, 'x2': 0.5623054375950445, 'x3': 0.0752652331996724, 'x4': 0.10725318795553491, 'x5': 0.9509070429948632}. Best is trial 29 with value: 6.8433043190564335.\n",
      "[I 2026-04-16 04:03:36,004] Trial 42 finished with value: 6.889735530942989 and parameters: {'x0': 0.3590309481101672, 'x1': 0.7815021411837798, 'x2': 0.6377266353066882, 'x3': 0.0032395848379431352, 'x4': 0.06288907906466587, 'x5': 0.872065123301826}. Best is trial 42 with value: 6.889735530942989.\n",
      "[I 2026-04-16 04:03:36,022] Trial 43 finished with value: 6.659424860052984 and parameters: {'x0': 0.46734011644946427, 'x1': 0.800074665410415, 'x2': 0.5536249421590536, 'x3': 0.01463231983356865, 'x4': 0.06403522695780492, 'x5': 0.8638176073480336}. Best is trial 42 with value: 6.889735530942989.\n",
      "[I 2026-04-16 04:03:36,039] Trial 44 finished with value: 6.399026744748857 and parameters: {'x0': 0.35796105822745883, 'x1': 0.8848666283000732, 'x2': 0.6246375401443365, 'x3': 0.1707202220128626, 'x4': 0.0026750371770340453, 'x5': 0.702478254083564}. Best is trial 42 with value: 6.889735530942989.\n",
      "[I 2026-04-16 04:03:36,054] Trial 45 finished with value: 7.119075349087992 and parameters: {'x0': 0.29019022149883766, 'x1': 0.7367694269035578, 'x2': 0.8549163392773373, 'x3': 0.04676628481467558, 'x4': 0.058528465421090387, 'x5': 0.9572487839330872}. Best is trial 45 with value: 7.119075349087992.\n",
      "[I 2026-04-16 04:03:36,070] Trial 46 finished with value: 6.958898324546612 and parameters: {'x0': 0.4135042551102816, 'x1': 0.7338642429721267, 'x2': 0.8664436032165079, 'x3': 0.17623899696870265, 'x4': 0.06292858449875151, 'x5': 0.9424254276946045}. Best is trial 45 with value: 7.119075349087992.\n",
      "[I 2026-04-16 04:03:36,087] Trial 47 finished with value: 6.854832276040206 and parameters: {'x0': 0.4119271566744249, 'x1': 0.745142205422605, 'x2': 0.8697192382945886, 'x3': 0.17363196926224755, 'x4': 0.06578754566864353, 'x5': 0.7981048691116318}. Best is trial 45 with value: 7.119075349087992.\n",
      "[I 2026-04-16 04:03:36,110] Trial 48 finished with value: 6.954695563124618 and parameters: {'x0': 0.3936886775838951, 'x1': 0.7597810786596598, 'x2': 0.9982469489719512, 'x3': 0.1771521017195481, 'x4': 0.052873000280375435, 'x5': 0.786789528010853}. Best is trial 45 with value: 7.119075349087992.\n",
      "[I 2026-04-16 04:03:36,131] Trial 49 finished with value: 6.929379440976437 and parameters: {'x0': 0.4212911004255069, 'x1': 0.7359955087685163, 'x2': 0.9858991147789439, 'x3': 0.18055468959390053, 'x4': 0.0536856433162377, 'x5': 0.7873838247306271}. Best is trial 45 with value: 7.119075349087992.\n",
      "[I 2026-04-16 04:03:36,149] Trial 50 finished with value: 6.566284779660633 and parameters: {'x0': 0.5205727133584959, 'x1': 0.7126668779241653, 'x2': 0.9997489326218606, 'x3': 0.4192364713877221, 'x4': 0.053704882949627, 'x5': 0.720478913866571}. Best is trial 45 with value: 7.119075349087992.\n",
      "[I 2026-04-16 04:03:36,170] Trial 51 finished with value: 6.893718835655844 and parameters: {'x0': 0.43196676333617107, 'x1': 0.7519122449482918, 'x2': 0.9201202319174123, 'x3': 0.16528288896815707, 'x4': 0.04455242796033165, 'x5': 0.7947521077678361}. Best is trial 45 with value: 7.119075349087992.\n",
      "[I 2026-04-16 04:03:36,188] Trial 52 finished with value: 6.7982035741293 and parameters: {'x0': 0.31533727338379963, 'x1': 0.7660579152577458, 'x2': 0.9224076401338172, 'x3': 0.2988327778068837, 'x4': 0.001967814205810575, 'x5': 0.7846346219189181}. Best is trial 45 with value: 7.119075349087992.\n",
      "[I 2026-04-16 04:03:36,212] Trial 53 finished with value: 6.936569235965642 and parameters: {'x0': 0.4006419923545281, 'x1': 0.6658209925117673, 'x2': 0.9471489671474095, 'x3': 0.1734419328395659, 'x4': 0.04348134129589726, 'x5': 0.833620331564556}. Best is trial 45 with value: 7.119075349087992.\n",
      "[I 2026-04-16 04:03:36,234] Trial 54 finished with value: 6.508064873503644 and parameters: {'x0': 0.4078495683810847, 'x1': 0.6774449223996836, 'x2': 0.9435166675619869, 'x3': 0.37907192906305764, 'x4': 0.0344367781988604, 'x5': 0.6736062538349387}. Best is trial 45 with value: 7.119075349087992.\n",
      "[I 2026-04-16 04:03:36,250] Trial 55 finished with value: 6.818763115686745 and parameters: {'x0': 0.21800444849468437, 'x1': 0.7253796989529566, 'x2': 0.8688971308160977, 'x3': 0.2717306691642894, 'x4': 0.08923610134774101, 'x5': 0.8305791545366065}. Best is trial 45 with value: 7.119075349087992.\n",
      "[I 2026-04-16 04:03:36,268] Trial 56 finished with value: 6.836399992149377 and parameters: {'x0': 0.45343109976160234, 'x1': 0.9444437416604331, 'x2': 0.9748114339793978, 'x3': 0.19238847576751952, 'x4': 0.13992624811687104, 'x5': 0.6177787571835359}. Best is trial 45 with value: 7.119075349087992.\n",
      "[I 2026-04-16 04:03:36,287] Trial 57 finished with value: 6.784894054496945 and parameters: {'x0': 0.3000840094720309, 'x1': 0.555070508770198, 'x2': 0.8667442904507349, 'x3': 0.1588355137064108, 'x4': 0.0333034240316524, 'x5': 0.7622024620305491}. Best is trial 45 with value: 7.119075349087992.\n",
      "[I 2026-04-16 04:03:36,311] Trial 58 finished with value: 6.515789792345389 and parameters: {'x0': 0.5295494428377568, 'x1': 0.6518658835725255, 'x2': 0.9457899349934303, 'x3': 0.21428170856953288, 'x4': 0.24241768834789595, 'x5': 0.5602863779920043}. Best is trial 45 with value: 7.119075349087992.\n",
      "[I 2026-04-16 04:03:36,326] Trial 59 finished with value: 6.137695371065921 and parameters: {'x0': 0.48355675139731874, 'x1': 0.8223425580830187, 'x2': 0.9992355109481716, 'x3': 0.4969868920101421, 'x4': 0.35331663989728423, 'x5': 0.7184099615738373}. Best is trial 45 with value: 7.119075349087992.\n",
      "[I 2026-04-16 04:03:36,342] Trial 60 finished with value: 6.63856929633055 and parameters: {'x0': 0.3897437045257171, 'x1': 0.7010878617847306, 'x2': 0.9001561501401452, 'x3': 0.2775643265992873, 'x4': 0.08346122234607092, 'x5': 0.6724384915837223}. Best is trial 45 with value: 7.119075349087992.\n",
