      "[I 2026-04-16 04:03:40,642] Trial 67 finished with value: 7.868869509789087 and parameters: {'x0': 0.22464078782843294, 'x1': 0.9606801329497688, 'x2': 0.6789502195853312, 'x3': 0.2410331193418797, 'x4': 0.5160466640356669, 'x5': 0.26982147711706}. Best is trial 67 with value: 7.868869509789087.\n",
      "[I 2026-04-16 04:03:40,664] Trial 68 finished with value: 7.863587917429136 and parameters: {'x0': 0.1726462111991468, 'x1': 0.9541873299239116, 'x2': 0.782117902511156, 'x3': 0.1350376786157593, 'x4': 0.5102417525349473, 'x5': 0.2729291124854319}. Best is trial 67 with value: 7.868869509789087.\n",
      "[I 2026-04-16 04:03:40,684] Trial 69 finished with value: 7.862881906471146 and parameters: {'x0': 0.19265602545478983, 'x1': 0.9385593398775108, 'x2': 0.7987651847769106, 'x3': 0.23256427491467205, 'x4': 0.5373508592662607, 'x5': 0.27245531154785196}. Best is trial 67 with value: 7.868869509789087.\n",
      "[I 2026-04-16 04:03:40,706] Trial 70 finished with value: 7.888697699614979 and parameters: {'x0': 0.1380742017310142, 'x1': 0.897163091385626, 'x2': 0.6709559931162069, 'x3': 0.14259796143637163, 'x4': 0.46850367321522846, 'x5': 0.350840326383082}. Best is trial 70 with value: 7.888697699614979.\n",
      "[I 2026-04-16 04:03:40,728] Trial 71 finished with value: 7.8877562388077855 and parameters: {'x0': 0.13785071865653253, 'x1': 0.8976141917788333, 'x2': 0.6642851198429622, 'x3': 0.14070954935426597, 'x4': 0.4926911556663818, 'x5': 0.36971844520315755}. Best is trial 70 with value: 7.888697699614979.\n",
      "[I 2026-04-16 04:03:40,749] Trial 72 finished with value: 7.887867978516236 and parameters: {'x0': 0.15016072232059643, 'x1': 0.8944619787384072, 'x2': 0.6687294145743147, 'x3': 0.14267975985613215, 'x4': 0.487139479069559, 'x5': 0.35703735905180417}. Best is trial 70 with value: 7.888697699614979.\n",
      "[I 2026-04-16 04:03:40,771] Trial 73 finished with value: 7.894900595684165 and parameters: {'x0': 0.04912175551126968, 'x1': 0.8975563837369722, 'x2': 0.683083808393988, 'x3': 0.14491079411760868, 'x4': 0.44592270388516014, 'x5': 0.38171791580466813}. Best is trial 73 with value: 7.894900595684165.\n",
      "[I 2026-04-16 04:03:40,795] Trial 74 finished with value: 7.90604175087593 and parameters: {'x0': 0.13324944908487535, 'x1': 0.8886310995995936, 'x2': 0.6704363327513885, 'x3': 0.1382121845069639, 'x4': 0.4569697068905975, 'x5': 0.45974849804368056}. Best is trial 74 with value: 7.90604175087593.\n",
      "[I 2026-04-16 04:03:40,820] Trial 75 finished with value: 7.896397186351739 and parameters: {'x0': 0.048492884983715984, 'x1': 0.8963613509183564, 'x2': 0.6909084652279636, 'x3': 0.049584247507610674, 'x4': 0.4601809398198413, 'x5': 0.4732840283747094}. Best is trial 74 with value: 7.90604175087593.\n",
      "[I 2026-04-16 04:03:40,842] Trial 76 finished with value: 7.89717370073922 and parameters: {'x0': 0.12742561659288776, 'x1': 0.8993568064060324, 'x2': 0.7056113440616536, 'x3': 0.048894078025512926, 'x4': 0.4609503537546078, 'x5': 0.49228535075753255}. Best is trial 74 with value: 7.90604175087593.\n",
      "[I 2026-04-16 04:03:40,865] Trial 77 finished with value: 7.907457988602997 and parameters: {'x0': 0.051323079434945094, 'x1': 0.8888641955213028, 'x2': 0.6687614332063906, 'x3': 0.050312678759259995, 'x4': 0.46528223363557714, 'x5': 0.5583738552540155}. Best is trial 77 with value: 7.907457988602997.\n",
      "[I 2026-04-16 04:03:40,893] Trial 78 finished with value: 7.909802574352523 and parameters: {'x0': 0.06794664225595079, 'x1': 0.8841703020844428, 'x2': 0.7228906759618191, 'x3': 0.0449134545563198, 'x4': 0.46646988681015056, 'x5': 0.5698731768394547}. Best is trial 78 with value: 7.909802574352523.\n",
      "[I 2026-04-16 04:03:40,917] Trial 79 finished with value: 7.91146808015024 and parameters: {'x0': 0.04478617069495633, 'x1': 0.8799492570517762, 'x2': 0.732126395187588, 'x3': 0.041824372422996976, 'x4': 0.4568602584609675, 'x5': 0.559527044693667}. Best is trial 79 with value: 7.91146808015024.\n",
      "[I 2026-04-16 04:03:40,937] Trial 80 finished with value: 7.913095966553588 and parameters: {'x0': 0.04106192331732933, 'x1': 0.8777405803622148, 'x2': 0.752987808451392, 'x3': 0.03972899121466847, 'x4': 0.44410673014237284, 'x5': 0.5619835085160845}. Best is trial 80 with value: 7.913095966553588.\n",
      "[I 2026-04-16 04:03:40,955] Trial 81 finished with value: 7.908404511191242 and parameters: {'x0': 0.053416735311747426, 'x1': 0.86846639335127, 'x2': 0.7420201083082869, 'x3': 0.005356071683074885, 'x4': 0.4519916754609814, 'x5': 0.5620928333600415}. Best is trial 80 with value: 7.913095966553588.\n",
      "[I 2026-04-16 04:03:40,976] Trial 82 finished with value: 7.888454661830597 and parameters: {'x0': 0.04709973549517362, 'x1': 0.8412298756460439, 'x2': 0.7449069125101834, 'x3': 0.003122016272293471, 'x4': 0.5570334609417653, 'x5': 0.5638935150602704}. Best is trial 80 with value: 7.913095966553588.\n",
      "[I 2026-04-16 04:03:41,001] Trial 83 finished with value: 7.885045078258946 and parameters: {'x0': 0.06311981772879462, 'x1': 0.8774074252909192, 'x2': 0.8841192439911214, 'x3': 0.059481932035045135, 'x4': 0.4466375116507882, 'x5': 0.4899265494923862}. Best is trial 80 with value: 7.913095966553588.\n",
      "[I 2026-04-16 04:03:41,023] Trial 84 finished with value: 7.935444896743086 and parameters: {'x0': 0.03273501801130678, 'x1': 0.8609379055734228, 'x2': 0.7184173237332515, 'x3': 0.041825171960999254, 'x4': 0.4276582680580116, 'x5': 0.6273912594128754}. Best is trial 84 with value: 7.935444896743086.\n",
      "[I 2026-04-16 04:03:41,046] Trial 85 finished with value: 7.938978308031008 and parameters: {'x0': 0.02805981086603139, 'x1': 0.8506011612624105, 'x2': 0.716491478881631, 'x3': 0.03184420139437774, 'x4': 0.4243927837113315, 'x5': 0.6318009410164912}. Best is trial 85 with value: 7.938978308031008.\n",
      "[I 2026-04-16 04:03:41,066] Trial 86 finished with value: 7.9316101554208345 and parameters: {'x0': 0.025393495905702473, 'x1': 0.861177221094242, 'x2': 0.7487172938286315, 'x3': 0.033224723929342725, 'x4': 0.4221034630257899, 'x5': 0.6320548413873343}. Best is trial 85 with value: 7.938978308031008.\n",
      "[I 2026-04-16 04:03:41,083] Trial 87 finished with value: 7.947852147177203 and parameters: {'x0': 0.017827645607171115, 'x1': 0.8286611060987762, 'x2': 0.7460548141319772, 'x3': 0.024980896262198987, 'x4': 0.41938298668758395, 'x5': 0.6501786600907584}. Best is trial 87 with value: 7.947852147177203.\n",
      "[I 2026-04-16 04:03:41,104] Trial 88 finished with value: 7.946658292921722 and parameters: {'x0': 0.026315985004832634, 'x1': 0.821521347776198, 'x2': 0.7580187834808289, 'x3': 0.021642854328399463, 'x4': 0.42811350037773077, 'x5': 0.6604298043457507}. Best is trial 87 with value: 7.947852147177203.\n",
      "[I 2026-04-16 04:03:41,128] Trial 89 finished with value: 7.92354083531706 and parameters: {'x0': 0.018533469995916547, 'x1': 0.8347964582235513, 'x2': 0.8491826336481958, 'x3': 0.018524859721172543, 'x4': 0.406208769876793, 'x5': 0.6671932273131316}. Best is trial 87 with value: 7.947852147177203.\n",
      "[I 2026-04-16 04:03:41,147] Trial 90 finished with value: 7.989968086208444 and parameters: {'x0': 0.023546740508661217, 'x1': 0.7722307402916652, 'x2': 0.8442454633907128, 'x3': 0.10560240363154359, 'x4': 0.41570868091273694, 'x5': 0.6663599278123098}. Best is trial 90 with value: 7.989968086208444.\n",
      "[I 2026-04-16 04:03:41,165] Trial 91 finished with value: 7.949880350835315 and parameters: {'x0': 0.020977805689742543, 'x1': 0.7660411430440093, 'x2': 0.8831721064545509, 'x3': 0.026855348909936586, 'x4': 0.41715394058112837, 'x5': 0.6716421838804759}. Best is trial 90 with value: 7.989968086208444.\n",
      "[I 2026-04-16 04:03:41,184] Trial 92 finished with value: 7.9894121829823606 and parameters: {'x0': 0.020095273383107036, 'x1': 0.7701844623220887, 'x2': 0.8422245760201127, 'x3': 0.10758376716224255, 'x4': 0.42355913330318845, 'x5': 0.6657327922558056}. Best is trial 90 with value: 7.989968086208444.\n",
      "[I 2026-04-16 04:03:41,206] Trial 93 finished with value: 7.982582598404079 and parameters: {'x0': 0.013259683868284744, 'x1': 0.7745867575059868, 'x2': 0.8479735367808235, 'x3': 0.11115601612464364, 'x4': 0.4277030442365739, 'x5': 0.6731024587555063}. Best is trial 90 with value: 7.989968086208444.\n",
      "[I 2026-04-16 04:03:41,230] Trial 94 finished with value: 8.05147632047428 and parameters: {'x0': 0.003632020326698352, 'x1': 0.6927002578421162, 'x2': 0.8504064996083226, 'x3': 0.11000805809135965, 'x4': 0.41883087367351407, 'x5': 0.6813014669667374}. Best is trial 94 with value: 8.05147632047428.\n",
      "[I 2026-04-16 04:03:41,248] Trial 95 finished with value: 7.931286519550936 and parameters: {'x0': 0.004294833769661895, 'x1': 0.7707363684318064, 'x2': 0.9613454734038184, 'x3': 0.10015943274319904, 'x4': 0.4248512520144535, 'x5': 0.7261540433706064}. Best is trial 94 with value: 8.05147632047428.\n",
      "[I 2026-04-16 04:03:41,265] Trial 96 finished with value: 8.080705169705995 and parameters: {'x0': 0.09722176453489084, 'x1': 0.7141663012583551, 'x2': 0.8419507819489808, 'x3': 0.08741162847220772, 'x4': 0.2881143590839728, 'x5': 0.6259420663828859}. Best is trial 96 with value: 8.080705169705995.\n",
      "[I 2026-04-16 04:03:41,284] Trial 97 finished with value: 8.09237924782815 and parameters: {'x0': 0.09870076530010488, 'x1': 0.6808461365565499, 'x2': 0.8409083213778764, 'x3': 0.08192916630424205, 'x4': 0.3748103512266913, 'x5': 0.7089059651471251}. Best is trial 97 with value: 8.09237924782815.\n",
      "[I 2026-04-16 04:03:41,304] Trial 98 finished with value: 8.117050899576942 and parameters: {'x0': 0.09019846901907484, 'x1': 0.6805589260853042, 'x2': 0.8517476670514025, 'x3': 0.08007584375033573, 'x4': 0.2984736011128777, 'x5': 0.7011925480116487}. Best is trial 98 with value: 8.117050899576942.\n",
      "[I 2026-04-16 04:03:41,324] Trial 99 finished with value: 8.017669762842687 and parameters: {'x0': 0.10554808496830814, 'x1': 0.6877778824220279, 'x2': 0.9356392167955401, 'x3': 0.08076364203138262, 'x4': 0.3718146283155601, 'x5': 0.7946537957239622}. Best is trial 98 with value: 8.117050899576942.\n"
     ]
    },
    {
     "name": "stdout",
     "output_type": "stream",
     "text": [
      "[Iteration 0] Proposed: [0.09019847 0.68055893 0.85174767 0.08007584 0.2984736  0.70119255], UCB: 8.117051\n",
      "  Best so far (Optuna): 2.462202e+00\n",
      "\n",
      "============================================================\n",
      "OPTUNA-BASED BO COMPLETED FOR FUNCTION 7\n",
      "============================================================\n"
     ]
    }
   ],
   "source": [
    "# Run Optuna-based BO for 8 weeks (8 iterations)\n",
    "print(\"\\nRunning Optuna-based BO for 8 iterations...\")\n",
    "print(\"-\" * 60)\n",
    "\n",
    "# Get all weekly data\n",
    "weekly_data = [\n",
    "    (week_1_inputs[6], week_1_outputs[6]),\n",
    "    (week_2_inputs[6], week_2_outputs[6]),\n",
    "    (week_3_inputs[6], week_3_outputs[6]),\n",
    "    (week_4_inputs[6], week_4_outputs[6]),\n",
    "    (week_5_inputs[6], week_5_outputs[6]),\n",
    "    (week_6_inputs[6], week_6_outputs[6]),\n",
    "    (week_7_inputs[6], week_7_outputs[6]),\n",
    "    (week_8_inputs[6], week_8_outputs[6])\n",
    "]\n",
    "\n",
    "optuna_proposals_func7 = []\n",
    "manual_best_func7 = week_0_func7_outputs.max()\n",
    "optuna_best_func7 = y_func7_initial.max()\n",
    "\n",
    "for week, (x_actual, y_actual) in enumerate(weekly_data, start=1):\n",
    "    print(f\"\\nWeek {week}:\")\n",
    "    print(f\"  Actual observation: y = {y_actual:.6e}\")\n",
    "    \n",
    "    # Get Optuna proposal\n",
    "    proposals = optimizer_func7.optimize(\n",
    "        n_iterations=1,\n",
    "        optimize_hp_every=1 if week % 2 == 0 else 0,  # Tune HP every other week\n",
    "        optimize_hp_n_trials=30,\n",
    "        acq_n_trials=100,\n",
    "        verbose=True\n",
    "    )\n",
    "    \n",
    "    x_proposed = proposals[0]\n",
    "    optuna_proposals_func7.append(x_proposed)\n",
    "    \n",
    "    # Update optimizer with actual observation\n",
    "    optimizer_func7.update(x_actual, y_actual)\n",
    "    \n",
    "    # Track best values\n",
    "    manual_best_func7 = max(manual_best_func7, y_actual)\n",
    "    optuna_best_func7 = max(optuna_best_func7, y_actual)\n",
    "    \n",
    "    print(f\"  Best so far (Optuna): {optuna_best_func7:.6e}\")\n",
    "\n",
    "print(\"\\n\" + \"=\" * 60)\n",
    "print(\"OPTUNA-BASED BO COMPLETED FOR FUNCTION 7\")\n",
    "print(\"=\" * 60)\n"
   ]
  },
  {
   "cell_type": "code",
   "execution_count": null,
   "id": "71bafe43",
   "metadata": {},
   "outputs": [],
   "source": []
  }
 ],
 "metadata": {
  "kernelspec": {
   "display_name": "Python 3 (ipykernel)",
   "language": "python",
   "name": "python3"
  },
  "language_info": {
   "codemirror_mode": {
    "name": "ipython",
    "version": 3
   },
   "file_extension": ".py",
   "mimetype": "text/x-python",
   "name": "python",
   "nbconvert_exporter": "python",
   "pygments_lexer": "ipython3",
   "version": "3.9.7"
  }
 },
 "nbformat": 4,
 "nbformat_minor": 5
}
