      "[I 2026-04-16 04:03:26,552] Trial 77 finished with value: 5.445083894434356 and parameters: {'x0': 0.030929349908721426, 'x1': 0.8805156877902562, 'x2': 0.660238153811337, 'x3': 0.06207466326223194, 'x4': 0.1331978402648576, 'x5': 0.8327935860358647}. Best is trial 59 with value: 5.563135166151769.\n",
      "[I 2026-04-16 04:03:26,574] Trial 78 finished with value: 5.551979202969724 and parameters: {'x0': 0.12416610399484912, 'x1': 0.8071671824136464, 'x2': 0.7661831284751696, 'x3': 0.026400864261674373, 'x4': 0.400744896201305, 'x5': 0.8922018044272567}. Best is trial 59 with value: 5.563135166151769.\n",
      "[I 2026-04-16 04:03:26,591] Trial 79 finished with value: 5.296517966784621 and parameters: {'x0': 0.6184783434623533, 'x1': 0.7627161883552743, 'x2': 0.8781351121655117, 'x3': 0.11056660525461606, 'x4': 0.28569963027544537, 'x5': 0.8832525594821906}. Best is trial 59 with value: 5.563135166151769.\n",
      "[I 2026-04-16 04:03:26,610] Trial 80 finished with value: 5.478174885946026 and parameters: {'x0': 0.09510035625568695, 'x1': 0.8025357038556546, 'x2': 0.7639996329601453, 'x3': 0.21273663961198713, 'x4': 0.3985316165010965, 'x5': 0.939507785645317}. Best is trial 59 with value: 5.563135166151769.\n",
      "[I 2026-04-16 04:03:26,628] Trial 81 finished with value: 5.528222184904173 and parameters: {'x0': 0.1233409406501362, 'x1': 0.8419832717230282, 'x2': 0.7315925023276668, 'x3': 0.035121298593305525, 'x4': 0.5083117295517169, 'x5': 0.81950959400059}. Best is trial 59 with value: 5.563135166151769.\n",
      "[I 2026-04-16 04:03:26,659] Trial 82 finished with value: 5.524686936717043 and parameters: {'x0': 0.1439866669854587, 'x1': 0.8542720154563648, 'x2': 0.7343075461001206, 'x3': 0.02861497315939908, 'x4': 0.5106869446666654, 'x5': 0.8188912994636893}. Best is trial 59 with value: 5.563135166151769.\n",
      "[I 2026-04-16 04:03:26,681] Trial 83 finished with value: 5.490207953152398 and parameters: {'x0': 0.15727282107294094, 'x1': 0.6563587827878488, 'x2': 0.733167439283133, 'x3': 0.027307136581752402, 'x4': 0.5108424510853402, 'x5': 0.8240409993232186}. Best is trial 59 with value: 5.563135166151769.\n",
      "[I 2026-04-16 04:03:26,702] Trial 84 finished with value: 5.540368596869624 and parameters: {'x0': 0.047934380872069124, 'x1': 0.7577829396002803, 'x2': 0.8280404067195106, 'x3': 0.00028634100989150023, 'x4': 0.611715221474389, 'x5': 0.8813343036611831}. Best is trial 59 with value: 5.563135166151769.\n",
      "[I 2026-04-16 04:03:26,719] Trial 85 finished with value: 5.469614631078406 and parameters: {'x0': 0.049924909013772265, 'x1': 0.8597508547240387, 'x2': 0.9703107490956874, 'x3': 0.0873123705915899, 'x4': 0.6359981851569215, 'x5': 0.973277425773292}. Best is trial 59 with value: 5.563135166151769.\n",
      "[I 2026-04-16 04:03:26,744] Trial 86 finished with value: 5.518365126380268 and parameters: {'x0': 0.12979379175311023, 'x1': 0.7628813719325311, 'x2': 0.9370425554293672, 'x3': 0.0004473971721179384, 'x4': 0.49330248337045285, 'x5': 0.8839752347798977}. Best is trial 59 with value: 5.563135166151769.\n",
      "[I 2026-04-16 04:03:26,764] Trial 87 finished with value: 4.661592492875386 and parameters: {'x0': 0.03461043681815021, 'x1': 0.8340215861850442, 'x2': 0.8308807304768606, 'x3': 0.9029926180339594, 'x4': 0.6086841993332676, 'x5': 0.926068363791082}. Best is trial 59 with value: 5.563135166151769.\n",
      "[I 2026-04-16 04:03:26,780] Trial 88 finished with value: 5.429233589918967 and parameters: {'x0': 0.29719723135420173, 'x1': 0.8476689067130012, 'x2': 0.7850037206249787, 'x3': 0.0551079658899, 'x4': 0.5180016684990575, 'x5': 0.678704715696493}. Best is trial 59 with value: 5.563135166151769.\n",
      "[I 2026-04-16 04:03:26,800] Trial 89 finished with value: 5.133487477664558 and parameters: {'x0': 0.7532210373638848, 'x1': 0.743427775517024, 'x2': 0.83889214611314, 'x3': 0.1461828111735261, 'x4': 0.4550650741081866, 'x5': 0.8160153512345776}. Best is trial 59 with value: 5.563135166151769.\n",
      "[I 2026-04-16 04:03:26,818] Trial 90 finished with value: 5.504956280888317 and parameters: {'x0': 0.15038522009368308, 'x1': 0.7897441144537365, 'x2': 0.7312382135774422, 'x3': 0.08034711830926368, 'x4': 0.3895630604610442, 'x5': 0.8440190548727354}. Best is trial 59 with value: 5.563135166151769.\n",
      "[I 2026-04-16 04:03:26,838] Trial 91 finished with value: 5.512031016429012 and parameters: {'x0': 0.06826814362835361, 'x1': 0.8820901361923936, 'x2': 0.8009488753382041, 'x3': 0.027163327976832467, 'x4': 0.6511484603421152, 'x5': 0.8988252954610132}. Best is trial 59 with value: 5.563135166151769.\n",
      "[I 2026-04-16 04:03:26,857] Trial 92 finished with value: 5.28696677263636 and parameters: {'x0': 0.05604295092441769, 'x1': 0.6752659775023363, 'x2': 0.5944158922057639, 'x3': 0.024972735834998157, 'x4': 0.9986874709649205, 'x5': 0.9558548445045403}. Best is trial 59 with value: 5.563135166151769.\n",
      "[I 2026-04-16 04:03:26,874] Trial 93 finished with value: 5.525913688466499 and parameters: {'x0': 0.02225507836367678, 'x1': 0.8181930140857536, 'x2': 0.8575712758073231, 'x3': 0.052312098465296976, 'x4': 0.5891726690828681, 'x5': 0.9961910481582402}. Best is trial 59 with value: 5.563135166151769.\n",
      "[I 2026-04-16 04:03:26,894] Trial 94 finished with value: 5.550568756574957 and parameters: {'x0': 0.025662309124856755, 'x1': 0.6034003144288994, 'x2': 0.8595038426316304, 'x3': 0.1083402150862841, 'x4': 0.5927825786789035, 'x5': 0.9802365007264711}. Best is trial 59 with value: 5.563135166151769.\n",
      "[I 2026-04-16 04:03:26,915] Trial 95 finished with value: 5.532177395798325 and parameters: {'x0': 0.02033260857111591, 'x1': 0.7395304698836972, 'x2': 0.8577362596826628, 'x3': 0.10504995186655086, 'x4': 0.6015564531633328, 'x5': 0.9950373457988262}. Best is trial 59 with value: 5.563135166151769.\n",
      "[I 2026-04-16 04:03:26,937] Trial 96 finished with value: 5.4687491176066 and parameters: {'x0': 0.10350666726744767, 'x1': 0.530929122428336, 'x2': 0.9239635864191217, 'x3': 0.13496098581386964, 'x4': 0.7289486347723724, 'x5': 0.9591696924993742}. Best is trial 59 with value: 5.563135166151769.\n",
      "[I 2026-04-16 04:03:26,954] Trial 97 finished with value: 5.402133896605314 and parameters: {'x0': 0.3666584137880888, 'x1': 0.6173108391942048, 'x2': 0.991861348070788, 'x3': 0.1029170702264626, 'x4': 0.6227280796902783, 'x5': 0.9213020093058488}. Best is trial 59 with value: 5.563135166151769.\n",
      "[I 2026-04-16 04:03:26,970] Trial 98 finished with value: 5.50982462561277 and parameters: {'x0': 0.02840196119310809, 'x1': 0.7454816299144399, 'x2': 0.7674311140577148, 'x3': 0.07726199405947658, 'x4': 0.676072781777018, 'x5': 0.8729621942727692}. Best is trial 59 with value: 5.563135166151769.\n",
      "[I 2026-04-16 04:03:26,988] Trial 99 finished with value: 5.490547657844886 and parameters: {'x0': 0.045192719483512805, 'x1': 0.6917620412853994, 'x2': 0.8085774094136443, 'x3': 0.159088791304498, 'x4': 0.7189557596767273, 'x5': 0.9856582575088643}. Best is trial 59 with value: 5.563135166151769.\n"
     ]
    },
    {
     "name": "stdout",
     "output_type": "stream",
     "text": [
      "[Iteration 0] Proposed: [4.33420937e-02 8.92261707e-01 6.91625855e-01 8.04354156e-04\n",
      " 4.14603701e-01 9.56284111e-01], UCB: 5.563135\n",
      "  Best so far (Optuna): 1.379329e+00\n",
      "\n",
      "Week 2:\n",
      "  Actual observation: y = 1.394404e+00\n"
     ]
    },
    {
     "name": "stderr",
     "output_type": "stream",
     "text": [
      "[I 2026-04-16 04:03:27,275] A new study created in memory with name: no-name-816f2c0e-b9f7-4dd8-b31a-6035e7a97a5c\n",
      "[I 2026-04-16 04:03:27,277] Trial 0 finished with value: 4.9258645328838675 and parameters: {'x0': 0.3745401188473625, 'x1': 0.9507143064099162, 'x2': 0.7319939418114051, 'x3': 0.5986584841970366, 'x4': 0.15601864044243652, 'x5': 0.15599452033620265}. Best is trial 0 with value: 4.9258645328838675.\n",
      "[I 2026-04-16 04:03:27,280] Trial 1 finished with value: 4.66849867840519 and parameters: {'x0': 0.05808361216819946, 'x1': 0.8661761457749352, 'x2': 0.6011150117432088, 'x3': 0.7080725777960455, 'x4': 0.020584494295802447, 'x5': 0.9699098521619943}. Best is trial 0 with value: 4.9258645328838675.\n",
      "[I 2026-04-16 04:03:27,283] Trial 2 finished with value: 3.3713161445350477 and parameters: {'x0': 0.8324426408004217, 'x1': 0.21233911067827616, 'x2': 0.18182496720710062, 'x3': 0.18340450985343382, 'x4': 0.3042422429595377, 'x5': 0.5247564316322378}. Best is trial 0 with value: 4.9258645328838675.\n",
      "[I 2026-04-16 04:03:27,286] Trial 3 finished with value: 4.147283635962864 and parameters: {'x0': 0.43194501864211576, 'x1': 0.2912291401980419, 'x2': 0.6118528947223795, 'x3': 0.13949386065204183, 'x4': 0.29214464853521815, 'x5': 0.3663618432936917}. Best is trial 0 with value: 4.9258645328838675.\n",
      "[I 2026-04-16 04:03:27,288] Trial 4 finished with value: 4.674252773964231 and parameters: {'x0': 0.45606998421703593, 'x1': 0.7851759613930136, 'x2': 0.19967378215835974, 'x3': 0.5142344384136116, 'x4': 0.5924145688620425, 'x5': 0.046450412719997725}. Best is trial 0 with value: 4.9258645328838675.\n",
      "[I 2026-04-16 04:03:27,292] Trial 5 finished with value: 4.980626312046061 and parameters: {'x0': 0.6075448519014384, 'x1': 0.17052412368729153, 'x2': 0.06505159298527952, 'x3': 0.9488855372533332, 'x4': 0.9656320330745594, 'x5': 0.8083973481164611}. Best is trial 5 with value: 4.980626312046061.\n",
      "[I 2026-04-16 04:03:27,295] Trial 6 finished with value: 3.203691668832127 and parameters: {'x0': 0.3046137691733707, 'x1': 0.09767211400638387, 'x2': 0.6842330265121569, 'x3': 0.4401524937396013, 'x4': 0.12203823484477883, 'x5': 0.4951769101112702}. Best is trial 5 with value: 4.980626312046061.\n",
      "[I 2026-04-16 04:03:27,297] Trial 7 finished with value: 4.709858121336208 and parameters: {'x0': 0.034388521115218396, 'x1': 0.9093204020787821, 'x2': 0.2587799816000169, 'x3': 0.662522284353982, 'x4': 0.31171107608941095, 'x5': 0.5200680211778108}. Best is trial 5 with value: 4.980626312046061.\n",
      "[I 2026-04-16 04:03:27,299] Trial 8 finished with value: 4.34930017812948 and parameters: {'x0': 0.5467102793432796, 'x1': 0.18485445552552704, 'x2': 0.9695846277645586, 'x3': 0.7751328233611146, 'x4': 0.9394989415641891, 'x5': 0.8948273504276488}. Best is trial 5 with value: 4.980626312046061.\n",
      "[I 2026-04-16 04:03:27,303] Trial 9 finished with value: 5.27626727296087 and parameters: {'x0': 0.5978999788110851, 'x1': 0.9218742350231168, 'x2': 0.0884925020519195, 'x3': 0.1959828624191452, 'x4': 0.045227288910538066, 'x5': 0.32533033076326434}. Best is trial 9 with value: 5.27626727296087.\n",
      "[I 2026-04-16 04:03:27,319] Trial 10 finished with value: 3.5774103566764395 and parameters: {'x0': 0.9534661403809405, 'x1': 0.5659360709459067, 'x2': 0.3687287727210974, 'x3': 0.0179618756148196, 'x4': 0.6370920485539681, 'x5': 0.28946106293079776}. Best is trial 9 with value: 5.27626727296087.\n",
      "[I 2026-04-16 04:03:27,338] Trial 11 finished with value: 4.906956003460433 and parameters: {'x0': 0.6791966817577344, 'x1': 0.4342874673832779, 'x2': 0.022252480246067956, 'x3': 0.98167925229322, 'x4': 0.967536434376218, 'x5': 0.7473941873052088}. Best is trial 9 with value: 5.27626727296087.\n",
      "[I 2026-04-16 04:03:27,353] Trial 12 finished with value: 1.5368509805657269 and parameters: {'x0': 0.6671009561203396, 'x1': 0.6921988934258363, 'x2': 0.031055010822738954, 'x3': 0.34926630919468094, 'x4': 0.7650911879541404, 'x5': 0.6880988980130585}. Best is trial 9 with value: 5.27626727296087.\n",
      "[I 2026-04-16 04:03:27,368] Trial 13 finished with value: 3.8985328964465067 and parameters: {'x0': 0.6840994328847403, 'x1': 0.4099397786361344, 'x2': 0.3987681088924525, 'x3': 0.998764709368317, 'x4': 0.45580160842501527, 'x5': 0.7433439992566937}. Best is trial 9 with value: 5.27626727296087.\n",
      "[I 2026-04-16 04:03:27,383] Trial 14 finished with value: 4.997653964167214 and parameters: {'x0': 0.18976199056627951, 'x1': 0.03358588493447223, 'x2': 0.12455413144368038, 'x3': 0.34279928826631634, 'x4': 0.8469961233886654, 'x5': 0.3275415153764192}. Best is trial 9 with value: 5.27626727296087.\n",
      "[I 2026-04-16 04:03:27,409] Trial 15 finished with value: 5.097445484146434 and parameters: {'x0': 0.21787859075113258, 'x1': 0.004515791849010631, 'x2': 0.3289607580180741, 'x3': 0.29685920444849606, 'x4': 0.797994869079017, 'x5': 0.31003722710560155}. Best is trial 9 with value: 5.27626727296087.\n",
      "[I 2026-04-16 04:03:27,429] Trial 16 finished with value: 4.885386566843234 and parameters: {'x0': 0.22645752350147566, 'x1': 0.6073184440721843, 'x2': 0.3221311060582089, 'x3': 0.23862410019990912, 'x4': 0.7552621872370429, 'x5': 0.1981119546547005}. Best is trial 9 with value: 5.27626727296087.\n",
      "[I 2026-04-16 04:03:27,445] Trial 17 finished with value: 3.0811249800553187 and parameters: {'x0': 0.8132056682306046, 'x1': 0.34332907211948216, 'x2': 0.4723219616672015, 'x3': 0.04253909778885179, 'x4': 0.4436771677675861, 'x5': 0.007108708422050525}. Best is trial 9 with value: 5.27626727296087.\n",
      "[I 2026-04-16 04:03:27,460] Trial 18 finished with value: 4.3933392415835595 and parameters: {'x0': 0.12782432428264007, 'x1': 0.7171972515277557, 'x2': 0.26690375207555295, 'x3': 0.2816529803203053, 'x4': 0.6092599562105125, 'x5': 0.4373608477652492}. Best is trial 9 with value: 5.27626727296087.\n",
      "[I 2026-04-16 04:03:27,477] Trial 19 finished with value: 4.7450897074036895 and parameters: {'x0': 0.31987257359688775, 'x1': 0.5349287329810126, 'x2': 0.48471577332400884, 'x3': 0.11980479280681214, 'x4': 0.007228406279891235, 'x5': 0.6326071360435217}. Best is trial 9 with value: 5.27626727296087.\n",
      "[I 2026-04-16 04:03:27,495] Trial 20 finished with value: 4.846737031336979 and parameters: {'x0': 0.537602066382381, 'x1': 0.9871201364525798, 'x2': 0.9002148367830045, 'x3': 0.4572122162910785, 'x4': 0.7430130348093794, 'x5': 0.20847960930209142}. Best is trial 9 with value: 5.27626727296087.\n",
      "[I 2026-04-16 04:03:27,512] Trial 21 finished with value: 5.023670758166067 and parameters: {'x0': 0.18709936561304125, 'x1': 0.004625241564351615, 'x2': 0.1453458099324725, 'x3': 0.3390269345093433, 'x4': 0.8135228646260756, 'x5': 0.33826903315104995}. Best is trial 9 with value: 5.27626727296087.\n",
      "[I 2026-04-16 04:03:27,531] Trial 22 finished with value: 4.992916090543584 and parameters: {'x0': 0.22855143787125043, 'x1': 0.021132106081950198, 'x2': 0.1378560106269525, 'x3': 0.35670396970807094, 'x4': 0.8466194505101632, 'x5': 0.28802052115706195}. Best is trial 9 with value: 5.27626727296087.\n",
      "[I 2026-04-16 04:03:27,549] Trial 23 finished with value: 4.995190265184217 and parameters: {'x0': 0.11107920959887918, 'x1': 0.10081620384193146, 'x2': 0.2366903087360046, 'x3': 0.24140263281576407, 'x4': 0.8779918501706228, 'x5': 0.40775429439517646}. Best is trial 9 with value: 5.27626727296087.\n",
      "[I 2026-04-16 04:03:27,565] Trial 24 finished with value: 4.842635784921268 and parameters: {'x0': 0.311486040462299, 'x1': 0.28204903877826615, 'x2': 0.10441329792656148, 'x3': 0.3917533880288906, 'x4': 0.6702421004847781, 'x5': 0.12491991697654681}. Best is trial 9 with value: 5.27626727296087.\n",
      "[I 2026-04-16 04:03:27,583] Trial 25 finished with value: 3.6996964217524986 and parameters: {'x0': 0.41625212761283015, 'x1': 0.10219531014361295, 'x2': 0.3299702984426982, 'x3': 0.5647304025311302, 'x4': 0.5173525652140668, 'x5': 0.24007849287373734}. Best is trial 9 with value: 5.27626727296087.\n",
      "[I 2026-04-16 04:03:27,601] Trial 26 finished with value: 4.85270629487416 and parameters: {'x0': 0.13876993943059895, 'x1': 0.011620961627553272, 'x2': 0.1672330867414742, 'x3': 0.27547432356819934, 'x4': 0.7315375636913836, 'x5': 0.5970446750394403}. Best is trial 9 with value: 5.27626727296087.\n",
      "[I 2026-04-16 04:03:27,619] Trial 27 finished with value: 3.6578591352057934 and parameters: {'x0': 0.8039015812761505, 'x1': 0.4587850835852234, 'x2': 0.413778165233116, 'x3': 0.1041936430474932, 'x4': 0.5367773033334609, 'x5': 0.09228004951613056}. Best is trial 9 with value: 5.27626727296087.\n",
      "[I 2026-04-16 04:03:27,642] Trial 28 finished with value: 4.498824932916641 and parameters: {'x0': 0.26747708968350664, 'x1': 0.6667070841315819, 'x2': 0.29600681899484504, 'x3': 0.18854940592110642, 'x4': 0.41457840323172185, 'x5': 0.41837237703531227}. Best is trial 9 with value: 5.27626727296087.\n",
      "[I 2026-04-16 04:03:27,660] Trial 29 finished with value: 5.275836947318502 and parameters: {'x0': 0.37406966957903687, 'x1': 0.827548533400184, 'x2': 0.07064311434205778, 'x3': 0.43269156430954425, 'x4': 0.1756507850616341, 'x5': 0.1619332714275744}. Best is trial 9 with value: 5.27626727296087.\n",
      "[I 2026-04-16 04:03:27,679] Trial 30 finished with value: 5.231074067409475 and parameters: {'x0': 0.38294906028050596, 'x1': 0.8417406708697053, 'x2': 0.08118166412066255, 'x3': 0.5307139807251453, 'x4': 0.16623639602310547, 'x5': 0.16009826537321903}. Best is trial 9 with value: 5.27626727296087.\n",
      "[I 2026-04-16 04:03:27,700] Trial 31 finished with value: 5.243573029893673 and parameters: {'x0': 0.38199961179064884, 'x1': 0.7936851421015135, 'x2': 0.009062482990757181, 'x3': 0.5251858689961899, 'x4': 0.14561326838242533, 'x5': 0.16355022700125887}. Best is trial 9 with value: 5.27626727296087.\n",
      "[I 2026-04-16 04:03:27,721] Trial 32 finished with value: 5.234714113739414 and parameters: {'x0': 0.3641792243130691, 'x1': 0.8099806071302594, 'x2': 0.008958106708083028, 'x3': 0.618454693887274, 'x4': 0.10860394632751472, 'x5': 0.14981963981847773}. Best is trial 9 with value: 5.27626727296087.\n",
      "[I 2026-04-16 04:03:27,742] Trial 33 finished with value: 5.22855806082818 and parameters: {'x0': 0.49396981631611225, 'x1': 0.8051706412628327, 'x2': 0.0003117432527726914, 'x3': 0.6314174354742024, 'x4': 0.08380793985644897, 'x5': 0.07045939583867498}. Best is trial 9 with value: 5.27626727296087.\n",
      "[I 2026-04-16 04:03:27,759] Trial 34 finished with value: 5.217312579813104 and parameters: {'x0': 0.3563810210697078, 'x1': 0.9098965713681499, 'x2': 0.07558040346230317, 'x3': 0.7607866137127741, 'x4': 0.2042752627138752, 'x5': 0.1474107177121654}. Best is trial 9 with value: 5.27626727296087.\n",
      "[I 2026-04-16 04:03:27,776] Trial 35 finished with value: 4.747220217262738 and parameters: {'x0': 0.5852600875829994, 'x1': 0.7650840324445329, 'x2': 0.2231815637033503, 'x3': 0.588831766537552, 'x4': 0.23541848522136627, 'x5': 0.24457578414861758}. Best is trial 9 with value: 5.27626727296087.\n",
      "[I 2026-04-16 04:03:27,793] Trial 36 finished with value: 5.288763208780204 and parameters: {'x0': 0.4675701155362369, 'x1': 0.8750728956295418, 'x2': 0.04632449967708628, 'x3': 0.710219248197312, 'x4': 0.0527920070888484, 'x5': 0.012706338728604272}. Best is trial 36 with value: 5.288763208780204.\n",
      "[I 2026-04-16 04:03:27,807] Trial 37 finished with value: 5.237172693901048 and parameters: {'x0': 0.47665677016747776, 'x1': 0.9812985061522167, 'x2': 0.5599993173196356, 'x3': 0.8874432378189304, 'x4': 0.05367914773377119, 'x5': 0.01680902394441111}. Best is trial 36 with value: 5.288763208780204.\n",
      "[I 2026-04-16 04:03:27,822] Trial 38 finished with value: 4.711018033334155 and parameters: {'x0': 0.4200686358938365, 'x1': 0.8961824820448233, 'x2': 0.7676544668550689, 'x3': 0.7175962966855536, 'x4': 0.2624429142315803, 'x5': 0.052911687602805735}. Best is trial 36 with value: 5.288763208780204.\n",
      "[I 2026-04-16 04:03:27,836] Trial 39 finished with value: 5.169828374499546 and parameters: {'x0': 0.6277261059856553, 'x1': 0.7399860106112335, 'x2': 0.07085309869916391, 'x3': 0.4542216849011833, 'x4': 0.17157847534003537, 'x5': 0.09790822521105233}. Best is trial 36 with value: 5.288763208780204.\n",
      "[I 2026-04-16 04:03:27,853] Trial 40 finished with value: 4.758019153121193 and parameters: {'x0': 0.5299929242758652, 'x1': 0.8585819495807903, 'x2': 0.16291800549612426, 'x3': 0.8845913075476817, 'x4': 0.31983314272887475, 'x5': 0.20204449667680568}. Best is trial 36 with value: 5.288763208780204.\n",
      "[I 2026-04-16 04:03:27,868] Trial 41 finished with value: 5.184060238362686 and parameters: {'x0': 0.4962130190497066, 'x1': 0.9528137437267495, 'x2': 0.6674834532568353, 'x3': 0.8549257553944924, 'x4': 0.040881818117766, 'x5': 0.025356598439426725}. Best is trial 36 with value: 5.288763208780204.\n",
      "[I 2026-04-16 04:03:27,883] Trial 42 finished with value: 5.236981087070585 and parameters: {'x0': 0.46378140823749986, 'x1': 0.9887662480392818, 'x2': 0.6081789160276566, 'x3': 0.8903249348127777, 'x4': 0.06143985806254927, 'x5': 0.0011257387368204877}. Best is trial 36 with value: 5.288763208780204.\n",
      "[I 2026-04-16 04:03:27,906] Trial 43 finished with value: 4.938387476326715 and parameters: {'x0': 0.7415294207056643, 'x1': 0.9437571684971958, 'x2': 0.5539513088686051, 'x3': 0.8046755771780068, 'x4': 0.11596170182893735, 'x5': 0.09488625931710754}. Best is trial 36 with value: 5.288763208780204.\n",
      "[I 2026-04-16 04:03:27,925] Trial 44 finished with value: 4.946394196286193 and parameters: {'x0': 0.5736770877417421, 'x1': 0.869598442153109, 'x2': 0.5424276662047522, 'x3': 0.6938389126235397, 'x4': 0.0012530552382498603, 'x5': 0.24797435693486886}. Best is trial 36 with value: 5.288763208780204.\n",
      "[I 2026-04-16 04:03:27,939] Trial 45 finished with value: 5.318408264083592 and parameters: {'x0': 0.4572351773244746, 'x1': 0.8328431243313064, 'x2': 0.03881492334224802, 'x3': 0.5111931512471628, 'x4': 0.06366480786871503, 'x5': 0.05250381773777729}. Best is trial 45 with value: 5.318408264083592.\n",
