      "[I 2026-04-16 04:03:39,327] Trial 99 finished with value: 6.776847324789813 and parameters: {'x0': 0.11746076753242955, 'x1': 0.6514856031048978, 'x2': 0.8766036090782217, 'x3': 0.11856912336870627, 'x4': 0.544751695731936, 'x5': 0.9703105067907969}. Best is trial 99 with value: 6.776847324789813.\n"
     ]
    },
    {
     "name": "stdout",
     "output_type": "stream",
     "text": [
      "[Iteration 0] Proposed: [0.11746077 0.6514856  0.87660361 0.11856912 0.5447517  0.97031051], UCB: 6.776847\n",
      "  Best so far (Optuna): 2.462202e+00\n",
      "\n",
      "Week 8:\n",
      "  Actual observation: y = 2.451663e+00\n"
     ]
    },
    {
     "name": "stderr",
     "output_type": "stream",
     "text": [
      "[I 2026-04-16 04:03:39,586] A new study created in memory with name: no-name-d3fcb8df-9450-4270-a150-60d205c0e1bd\n",
      "[I 2026-04-16 04:03:39,588] Trial 0 finished with value: 7.731362892626761 and parameters: {'x0': 0.3745401188473625, 'x1': 0.9507143064099162, 'x2': 0.7319939418114051, 'x3': 0.5986584841970366, 'x4': 0.15601864044243652, 'x5': 0.15599452033620265}. Best is trial 0 with value: 7.731362892626761.\n",
      "[I 2026-04-16 04:03:39,590] Trial 1 finished with value: 7.625715025088986 and parameters: {'x0': 0.05808361216819946, 'x1': 0.8661761457749352, 'x2': 0.6011150117432088, 'x3': 0.7080725777960455, 'x4': 0.020584494295802447, 'x5': 0.9699098521619943}. Best is trial 0 with value: 7.731362892626761.\n",
      "[I 2026-04-16 04:03:39,592] Trial 2 finished with value: 6.705992824062049 and parameters: {'x0': 0.8324426408004217, 'x1': 0.21233911067827616, 'x2': 0.18182496720710062, 'x3': 0.18340450985343382, 'x4': 0.3042422429595377, 'x5': 0.5247564316322378}. Best is trial 0 with value: 7.731362892626761.\n",
      "[I 2026-04-16 04:03:39,596] Trial 3 finished with value: 7.634464998890218 and parameters: {'x0': 0.43194501864211576, 'x1': 0.2912291401980419, 'x2': 0.6118528947223795, 'x3': 0.13949386065204183, 'x4': 0.29214464853521815, 'x5': 0.3663618432936917}. Best is trial 0 with value: 7.731362892626761.\n",
      "[I 2026-04-16 04:03:39,598] Trial 4 finished with value: 7.524893966466942 and parameters: {'x0': 0.45606998421703593, 'x1': 0.7851759613930136, 'x2': 0.19967378215835974, 'x3': 0.5142344384136116, 'x4': 0.5924145688620425, 'x5': 0.046450412719997725}. Best is trial 0 with value: 7.731362892626761.\n",
      "[I 2026-04-16 04:03:39,600] Trial 5 finished with value: 7.8059561617509425 and parameters: {'x0': 0.6075448519014384, 'x1': 0.17052412368729153, 'x2': 0.06505159298527952, 'x3': 0.9488855372533332, 'x4': 0.9656320330745594, 'x5': 0.8083973481164611}. Best is trial 5 with value: 7.8059561617509425.\n",
      "[I 2026-04-16 04:03:39,602] Trial 6 finished with value: 6.127544581186414 and parameters: {'x0': 0.3046137691733707, 'x1': 0.09767211400638387, 'x2': 0.6842330265121569, 'x3': 0.4401524937396013, 'x4': 0.12203823484477883, 'x5': 0.4951769101112702}. Best is trial 5 with value: 7.8059561617509425.\n",
      "[I 2026-04-16 04:03:39,604] Trial 7 finished with value: 7.545346893066509 and parameters: {'x0': 0.034388521115218396, 'x1': 0.9093204020787821, 'x2': 0.2587799816000169, 'x3': 0.662522284353982, 'x4': 0.31171107608941095, 'x5': 0.5200680211778108}. Best is trial 5 with value: 7.8059561617509425.\n",
      "[I 2026-04-16 04:03:39,606] Trial 8 finished with value: 7.302436459933328 and parameters: {'x0': 0.5467102793432796, 'x1': 0.18485445552552704, 'x2': 0.9695846277645586, 'x3': 0.7751328233611146, 'x4': 0.9394989415641891, 'x5': 0.8948273504276488}. Best is trial 5 with value: 7.8059561617509425.\n",
      "[I 2026-04-16 04:03:39,608] Trial 9 finished with value: 7.8334161290855775 and parameters: {'x0': 0.5978999788110851, 'x1': 0.9218742350231168, 'x2': 0.0884925020519195, 'x3': 0.1959828624191452, 'x4': 0.045227288910538066, 'x5': 0.32533033076326434}. Best is trial 9 with value: 7.8334161290855775.\n",
      "[I 2026-04-16 04:03:39,620] Trial 10 finished with value: 6.826084546572162 and parameters: {'x0': 0.9534661403809405, 'x1': 0.5659360709459067, 'x2': 0.3687287727210974, 'x3': 0.0179618756148196, 'x4': 0.6370920485539681, 'x5': 0.28946106293079776}. Best is trial 9 with value: 7.8334161290855775.\n",
      "[I 2026-04-16 04:03:39,636] Trial 11 finished with value: 7.782323857789462 and parameters: {'x0': 0.6791966817577344, 'x1': 0.4342874673832779, 'x2': 0.022252480246067956, 'x3': 0.98167925229322, 'x4': 0.967536434376218, 'x5': 0.7473941873052088}. Best is trial 9 with value: 7.8334161290855775.\n",
      "[I 2026-04-16 04:03:39,647] Trial 12 finished with value: 3.595847580059014 and parameters: {'x0': 0.6671009561203396, 'x1': 0.6921988934258363, 'x2': 0.031055010822738954, 'x3': 0.34926630919468094, 'x4': 0.7650911879541404, 'x5': 0.6880988980130585}. Best is trial 9 with value: 7.8334161290855775.\n",
      "[I 2026-04-16 04:03:39,659] Trial 13 finished with value: 7.182904725512664 and parameters: {'x0': 0.6840994328847403, 'x1': 0.4099397786361344, 'x2': 0.3987681088924525, 'x3': 0.998764709368317, 'x4': 0.45580160842501527, 'x5': 0.7433439992566937}. Best is trial 9 with value: 7.8334161290855775.\n",
      "[I 2026-04-16 04:03:39,672] Trial 14 finished with value: 7.793849204300405 and parameters: {'x0': 0.18976199056627951, 'x1': 0.03358588493447223, 'x2': 0.12455413144368038, 'x3': 0.34279928826631634, 'x4': 0.8469961233886654, 'x5': 0.3275415153764192}. Best is trial 9 with value: 7.8334161290855775.\n",
      "[I 2026-04-16 04:03:39,684] Trial 15 finished with value: 5.731525173092174 and parameters: {'x0': 0.5643700126830635, 'x1': 0.5831308193790049, 'x2': 0.3439037582728547, 'x3': 0.8543132377666622, 'x4': 0.4970853936108525, 'x5': 0.6446736852680854}. Best is trial 9 with value: 7.8334161290855775.\n",
      "[I 2026-04-16 04:03:39,696] Trial 16 finished with value: 6.850144837184364 and parameters: {'x0': 0.8147225208023963, 'x1': 0.30344630088855795, 'x2': 0.09787990861896796, 'x3': 0.23255202699064112, 'x4': 0.7359553767526543, 'x5': 0.8484697407922026}. Best is trial 9 with value: 7.8334161290855775.\n",
      "[I 2026-04-16 04:03:39,709] Trial 17 finished with value: 7.561743177281921 and parameters: {'x0': 0.813751709037171, 'x1': 0.7155673030511578, 'x2': 0.4723219616672015, 'x3': 0.028208764638047307, 'x4': 0.5895985018457592, 'x5': 0.18969594234069842}. Best is trial 9 with value: 7.8334161290855775.\n",
      "[I 2026-04-16 04:03:39,730] Trial 18 finished with value: 7.238853886047077 and parameters: {'x0': 0.25254583603197417, 'x1': 0.5186142063329878, 'x2': 0.26690375207555295, 'x3': 0.8629273218532529, 'x4': 0.015510381994227163, 'x5': 0.5995018382569194}. Best is trial 9 with value: 7.8334161290855775.\n",
      "[I 2026-04-16 04:03:39,746] Trial 19 finished with value: 6.674686340781424 and parameters: {'x0': 0.5880231748874889, 'x1': 0.009526505560575188, 'x2': 0.0008168190370633488, 'x3': 0.323074372412948, 'x4': 0.4463746333134184, 'x5': 0.4017020460365729}. Best is trial 9 with value: 7.8334161290855775.\n",
      "[I 2026-04-16 04:03:39,757] Trial 20 finished with value: 7.767193418445196 and parameters: {'x0': 0.9704750429999299, 'x1': 0.666586046817748, 'x2': 0.9002148367830045, 'x3': 0.4306332633544112, 'x4': 0.22234635690112775, 'x5': 0.023695411505832153}. Best is trial 9 with value: 7.8334161290855775.\n",
      "[I 2026-04-16 04:03:39,773] Trial 21 finished with value: 7.824590186702296 and parameters: {'x0': 0.18709936561304125, 'x1': 0.005211168526174991, 'x2': 0.12735380040917443, 'x3': 0.2783373412812331, 'x4': 0.802932231847159, 'x5': 0.279346397197809}. Best is trial 9 with value: 7.8334161290855775.\n",
      "[I 2026-04-16 04:03:39,787] Trial 22 finished with value: 7.8168805556555725 and parameters: {'x0': 0.16707678644186044, 'x1': 0.1274494240909617, 'x2': 0.1169465541783286, 'x3': 0.1491063875565367, 'x4': 0.8598834867771734, 'x5': 0.2407222601664224}. Best is trial 9 with value: 7.8334161290855775.\n",
      "[I 2026-04-16 04:03:39,802] Trial 23 finished with value: 7.831775350092396 and parameters: {'x0': 0.10236091655489164, 'x1': 0.10102865332920592, 'x2': 0.1445207925492326, 'x3': 0.1013785661321561, 'x4': 0.8246322255219807, 'x5': 0.21938497673688834}. Best is trial 9 with value: 7.8334161290855775.\n",
      "[I 2026-04-16 04:03:39,814] Trial 24 finished with value: 7.808953628039303 and parameters: {'x0': 0.10051922667334277, 'x1': 0.30353900922843735, 'x2': 0.26318272830870315, 'x3': 0.2588166097196416, 'x4': 0.7398967877216966, 'x5': 0.12515371487669477}. Best is trial 9 with value: 7.8334161290855775.\n",
      "[I 2026-04-16 04:03:39,830] Trial 25 finished with value: 7.566257681476046 and parameters: {'x0': 0.32866353958272587, 'x1': 0.9936972194925275, 'x2': 0.20334829970661933, 'x3': 0.09508546473726405, 'x4': 0.8375839826522967, 'x5': 0.4236507031404773}. Best is trial 9 with value: 7.8334161290855775.\n",
      "[I 2026-04-16 04:03:39,848] Trial 26 finished with value: 7.700290116818284 and parameters: {'x0': 0.13876993943059895, 'x1': 0.0783231952658977, 'x2': 0.4555177839199045, 'x3': 0.24894478377523865, 'x4': 0.6846114912437019, 'x5': 0.24858677338294177}. Best is trial 9 with value: 7.8334161290855775.\n",
      "[I 2026-04-16 04:03:39,866] Trial 27 finished with value: 7.558950179626093 and parameters: {'x0': 0.21585879912438624, 'x1': 0.0002414729396144899, 'x2': 0.30954852247807996, 'x3': 0.09147258105354958, 'x4': 0.38164941159781374, 'x5': 0.09324366827854519}. Best is trial 9 with value: 7.8334161290855775.\n",
      "[I 2026-04-16 04:03:39,882] Trial 28 finished with value: 7.658949513991596 and parameters: {'x0': 0.3827649743346248, 'x1': 0.24812806531536977, 'x2': 0.1563941509637736, 'x3': 0.28667666139913817, 'x4': 0.5816003885722415, 'x5': 0.20767668366951514}. Best is trial 9 with value: 7.8334161290855775.\n",
      "[I 2026-04-16 04:03:39,899] Trial 29 finished with value: 7.792559432113418 and parameters: {'x0': 0.01985996464269403, 'x1': 0.3840442427324085, 'x2': 0.8134174575589901, 'x3': 0.5686719670756406, 'x4': 0.1510876052183422, 'x5': 0.3134639111196309}. Best is trial 9 with value: 7.8334161290855775.\n",
      "[I 2026-04-16 04:03:39,916] Trial 30 finished with value: 7.4464619646850805 and parameters: {'x0': 0.2770458327950968, 'x1': 0.778104428213541, 'x2': 0.5326074959596899, 'x3': 0.4145917565949374, 'x4': 0.7996612806298723, 'x5': 0.4504819492171165}. Best is trial 9 with value: 7.8334161290855775.\n",
      "[I 2026-04-16 04:03:39,935] Trial 31 finished with value: 7.82170676081098 and parameters: {'x0': 0.1496076929598621, 'x1': 0.12022289464728603, 'x2': 0.10788810670114886, 'x3': 0.17191933931692954, 'x4': 0.914850947334375, 'x5': 0.2337807304659248}. Best is trial 9 with value: 7.8334161290855775.\n",
      "[I 2026-04-16 04:03:39,954] Trial 32 finished with value: 7.832289610451199 and parameters: {'x0': 0.10122256465198128, 'x1': 0.12637977220804897, 'x2': 0.21693802019998004, 'x3': 0.2067510093414265, 'x4': 0.88868631565936, 'x5': 0.1601086737235951}. Best is trial 9 with value: 7.8334161290855775.\n",
      "[I 2026-04-16 04:03:39,981] Trial 33 finished with value: 7.839533610841331 and parameters: {'x0': 0.08226870469547931, 'x1': 0.07592156557535194, 'x2': 0.19949218452659967, 'x3': 0.20791222370098147, 'x4': 0.8965486233755341, 'x5': 0.1121100953455674}. Best is trial 33 with value: 7.839533610841331.\n",
      "[I 2026-04-16 04:03:39,999] Trial 34 finished with value: 7.823143529454851 and parameters: {'x0': 0.08132644013523802, 'x1': 0.2231986894580085, 'x2': 0.21586437002068787, 'x3': 0.07376815927494827, 'x4': 0.8888459793233813, 'x5': 0.16385609180145627}. Best is trial 33 with value: 7.839533610841331.\n",
      "[I 2026-04-16 04:03:40,016] Trial 35 finished with value: 7.839922753656573 and parameters: {'x0': 0.0056454300751271475, 'x1': 0.06885131918693624, 'x2': 0.3052985783450622, 'x3': 0.1929162951349606, 'x4': 0.683468006945025, 'x5': 0.1125255825446057}. Best is trial 35 with value: 7.839922753656573.\n",
      "[I 2026-04-16 04:03:40,035] Trial 36 finished with value: 7.829356055385211 and parameters: {'x0': 0.007263759770268954, 'x1': 0.34358652847264104, 'x2': 0.415427841063319, 'x3': 0.21032768961825135, 'x4': 0.6826360877499749, 'x5': 0.08519028964294373}. Best is trial 35 with value: 7.839922753656573.\n",
      "[I 2026-04-16 04:03:40,053] Trial 37 finished with value: 7.846048792922627 and parameters: {'x0': 0.4780982052825377, 'x1': 0.8315651457566959, 'x2': 0.2698581716357676, 'x3': 0.19115426827386356, 'x4': 0.0622163748832876, 'x5': 0.011955781482354502}. Best is trial 37 with value: 7.846048792922627.\n",
      "[I 2026-04-16 04:03:40,074] Trial 38 finished with value: 7.850641793117839 and parameters: {'x0': 0.4996337325817175, 'x1': 0.863675102993102, 'x2': 0.3130712683151739, 'x3': 0.38640621178632806, 'x4': 0.07952556725618254, 'x5': 0.013893773714887953}. Best is trial 38 with value: 7.850641793117839.\n",
      "[I 2026-04-16 04:03:40,092] Trial 39 finished with value: 7.842403631431335 and parameters: {'x0': 0.4787144917044422, 'x1': 0.871549301114452, 'x2': 0.5568532687146746, 'x3': 0.4001784568060778, 'x4': 0.07543458442066286, 'x5': 0.0033501636231135536}. Best is trial 38 with value: 7.850641793117839.\n",
      "[I 2026-04-16 04:03:40,109] Trial 40 finished with value: 7.835477350867271 and parameters: {'x0': 0.4779770249577305, 'x1': 0.8585819495807903, 'x2': 0.5561822071145259, 'x3': 0.46506139608801356, 'x4': 0.09640231838450056, 'x5': 0.008525328648963257}. Best is trial 38 with value: 7.850641793117839.\n",
      "[I 2026-04-16 04:03:40,127] Trial 41 finished with value: 7.673668158499695 and parameters: {'x0': 0.518719957139242, 'x1': 0.8458234052254652, 'x2': 0.6304119142333041, 'x3': 0.5266603249395979, 'x4': 0.21253093082449986, 'x5': 0.06881511667973489}. Best is trial 38 with value: 7.850641793117839.\n",
      "[I 2026-04-16 04:03:40,147] Trial 42 finished with value: 7.847108648068922 and parameters: {'x0': 0.4056001526555782, 'x1': 0.7910740825327792, 'x2': 0.289618352673499, 'x3': 0.3922633733329034, 'x4': 0.07778145879718266, 'x5': 0.0010273264864873264}. Best is trial 38 with value: 7.850641793117839.\n",
      "[I 2026-04-16 04:03:40,167] Trial 43 finished with value: 7.846088648894466 and parameters: {'x0': 0.4169709997650816, 'x1': 0.8011330508984862, 'x2': 0.31846068547976897, 'x3': 0.4032729862909403, 'x4': 0.05535081923177901, 'x5': 0.0038315382399347255}. Best is trial 38 with value: 7.850641793117839.\n",
      "[I 2026-04-16 04:03:40,182] Trial 44 finished with value: 7.846987029284167 and parameters: {'x0': 0.41513220843197923, 'x1': 0.8021981800339244, 'x2': 0.3537197207888094, 'x3': 0.39539646227856096, 'x4': 0.0789843936472434, 'x5': 0.010241800514864969}. Best is trial 38 with value: 7.850641793117839.\n",
      "[I 2026-04-16 04:03:40,199] Trial 45 finished with value: 7.825824414221542 and parameters: {'x0': 0.4112261511349315, 'x1': 0.7876316745013903, 'x2': 0.3397798684300749, 'x3': 0.624332221503514, 'x4': 0.2005990373679502, 'x5': 0.07112639556889423}. Best is trial 38 with value: 7.850641793117839.\n",
      "[I 2026-04-16 04:03:40,215] Trial 46 finished with value: 7.839828854590678 and parameters: {'x0': 0.3540838971341691, 'x1': 0.7506679831758769, 'x2': 0.4328919460456109, 'x3': 0.38051954009995725, 'x4': 0.06055286223704576, 'x5': 0.04431268530830021}. Best is trial 38 with value: 7.850641793117839.\n",
      "[I 2026-04-16 04:03:40,234] Trial 47 finished with value: 7.852905556815831 and parameters: {'x0': 0.4024003826816872, 'x1': 0.924076189815608, 'x2': 0.390203886181972, 'x3': 0.5059808983775979, 'x4': 0.14426375598159752, 'x5': 0.003882852843733981}. Best is trial 47 with value: 7.852905556815831.\n",
      "[I 2026-04-16 04:03:40,252] Trial 48 finished with value: 7.8330662378559035 and parameters: {'x0': 0.43607307457291106, 'x1': 0.9522610551027171, 'x2': 0.40232795123434, 'x3': 0.48728200102908337, 'x4': 0.12858350728269033, 'x5': 0.14346526457727404}. Best is trial 47 with value: 7.852905556815831.\n",
      "[I 2026-04-16 04:03:40,269] Trial 49 finished with value: 7.829838023393097 and parameters: {'x0': 0.3838867629815991, 'x1': 0.9508380949542055, 'x2': 0.3792415333106368, 'x3': 0.5453008622861462, 'x4': 0.2681316337949726, 'x5': 0.05033058972792574}. Best is trial 47 with value: 7.852905556815831.\n",
      "[I 2026-04-16 04:03:40,284] Trial 50 finished with value: 7.806224690877576 and parameters: {'x0': 0.6420429014537524, 'x1': 0.8894020981116718, 'x2': 0.507598896974797, 'x3': 0.612467908252452, 'x4': 0.001402642272337426, 'x5': 0.9652087082827625}. Best is trial 47 with value: 7.852905556815831.\n",
      "[I 2026-04-16 04:03:40,305] Trial 51 finished with value: 7.837298208926871 and parameters: {'x0': 0.5276537813330425, 'x1': 0.8084904396934948, 'x2': 0.30167430303207354, 'x3': 0.688789703903773, 'x4': 0.17809748320052632, 'x5': 0.003847540749083987}. Best is trial 47 with value: 7.852905556815831.\n",
      "[I 2026-04-16 04:03:40,330] Trial 52 finished with value: 7.847557326417206 and parameters: {'x0': 0.43850221104524084, 'x1': 0.8246106549173786, 'x2': 0.3494739693296796, 'x3': 0.36835754948177485, 'x4': 0.09309161196467931, 'x5': 0.045973530907735344}. Best is trial 47 with value: 7.852905556815831.\n",
      "[I 2026-04-16 04:03:40,349] Trial 53 finished with value: 7.8184775389476595 and parameters: {'x0': 0.43528105202561845, 'x1': 0.6600451916967345, 'x2': 0.3549877664468332, 'x3': 0.3524936027647634, 'x4': 0.11524279717593891, 'x5': 0.05278348296605747}. Best is trial 47 with value: 7.852905556815831.\n",
      "[I 2026-04-16 04:03:40,388] Trial 54 finished with value: 7.847044813977537 and parameters: {'x0': 0.3040664345964518, 'x1': 0.7391216390869102, 'x2': 0.32268839830630963, 'x3': 0.4430214852451141, 'x4': 0.2542670014295608, 'x5': 0.09139020006796214}. Best is trial 47 with value: 7.852905556815831.\n",
      "[I 2026-04-16 04:03:40,407] Trial 55 finished with value: 7.773457753473442 and parameters: {'x0': 0.3109687963242954, 'x1': 0.626649208323159, 'x2': 0.24187038568942215, 'x3': 0.461881537657214, 'x4': 0.2422171528271268, 'x5': 0.17753271833162737}. Best is trial 47 with value: 7.852905556815831.\n",
      "[I 2026-04-16 04:03:40,427] Trial 56 finished with value: 7.851993098214796 and parameters: {'x0': 0.34861811533097076, 'x1': 0.7536501392979058, 'x2': 0.4595883291322831, 'x3': 0.31302977182422637, 'x4': 0.34460299541011435, 'x5': 0.09477138334709317}. Best is trial 47 with value: 7.852905556815831.\n",
      "[I 2026-04-16 04:03:40,443] Trial 57 finished with value: 7.867808353597926 and parameters: {'x0': 0.27829922713798216, 'x1': 0.7197310169196253, 'x2': 0.4804393269194587, 'x3': 0.29671799444135316, 'x4': 0.3342492092432078, 'x5': 0.12171983228569275}. Best is trial 57 with value: 7.867808353597926.\n",
      "[I 2026-04-16 04:03:40,460] Trial 58 finished with value: 7.851676622898395 and parameters: {'x0': 0.35877619052161647, 'x1': 0.913401319709487, 'x2': 0.47542623154861674, 'x3': 0.3083648380097856, 'x4': 0.31951860365654217, 'x5': 0.13532003180583052}. Best is trial 57 with value: 7.867808353597926.\n",
      "[I 2026-04-16 04:03:40,478] Trial 59 finished with value: 7.863917669405908 and parameters: {'x0': 0.25215664786811176, 'x1': 0.9156100736036156, 'x2': 0.4700143815286122, 'x3': 0.29821772256899093, 'x4': 0.32883190092065756, 'x5': 0.14659692211402192}. Best is trial 57 with value: 7.867808353597926.\n",
      "[I 2026-04-16 04:03:40,497] Trial 60 finished with value: 7.863586583995863 and parameters: {'x0': 0.2491945902477052, 'x1': 0.9228879728236192, 'x2': 0.4716618248017864, 'x3': 0.3081605703634471, 'x4': 0.3520280977184703, 'x5': 0.13606406893588438}. Best is trial 57 with value: 7.867808353597926.\n",
      "[I 2026-04-16 04:03:40,516] Trial 61 finished with value: 7.864214162030461 and parameters: {'x0': 0.2387025486365038, 'x1': 0.9212483066711644, 'x2': 0.4778201255007811, 'x3': 0.3096683434284699, 'x4': 0.3362552091823912, 'x5': 0.13722040744709926}. Best is trial 57 with value: 7.867808353597926.\n",
      "[I 2026-04-16 04:03:40,537] Trial 62 finished with value: 7.862990872704268 and parameters: {'x0': 0.2419964546342743, 'x1': 0.9849341771793103, 'x2': 0.4828781991140272, 'x3': 0.3081485881085279, 'x4': 0.34050674917527707, 'x5': 0.14428403039442972}. Best is trial 57 with value: 7.867808353597926.\n",
      "[I 2026-04-16 04:03:40,554] Trial 63 finished with value: 7.859039236362103 and parameters: {'x0': 0.2351063624087769, 'x1': 0.9811957274071588, 'x2': 0.6159109981929487, 'x3': 0.30965254635519024, 'x4': 0.35113413102971414, 'x5': 0.19277597774258604}. Best is trial 57 with value: 7.867808353597926.\n",
      "[I 2026-04-16 04:03:40,571] Trial 64 finished with value: 7.8607144991948505 and parameters: {'x0': 0.2481689812124792, 'x1': 0.9965214989911223, 'x2': 0.6356606877049247, 'x3': 0.28246158481990824, 'x4': 0.40350056404512175, 'x5': 0.2035323626655031}. Best is trial 57 with value: 7.867808353597926.\n",
      "[I 2026-04-16 04:03:40,592] Trial 65 finished with value: 7.863597141833866 and parameters: {'x0': 0.24168877089483912, 'x1': 0.982533332623156, 'x2': 0.680620702606815, 'x3': 0.27950094608195336, 'x4': 0.385198387076851, 'x5': 0.3652110526577445}. Best is trial 57 with value: 7.867808353597926.\n",
      "[I 2026-04-16 04:03:40,616] Trial 66 finished with value: 7.857033919650152 and parameters: {'x0': 0.27339648816502804, 'x1': 0.9992362924527641, 'x2': 0.7196157644672686, 'x3': 0.26662862093786804, 'x4': 0.4112403826053826, 'x5': 0.36060530447519634}. Best is trial 57 with value: 7.867808353597926.\n",
