      "[I 2026-04-16 04:03:33,578] Trial 22 finished with value: 6.160995437424815 and parameters: {'x0': 0.7299028405705869, 'x1': 0.37300357597246003, 'x2': 0.11534621165017213, 'x3': 0.9026571487153402, 'x4': 0.8653138785947546, 'x5': 0.8458296750854951}. Best is trial 9 with value: 6.661186167289876.\n",
      "[I 2026-04-16 04:03:33,596] Trial 23 finished with value: 5.793254174856838 and parameters: {'x0': 0.5046308162185387, 'x1': 0.16512282024675884, 'x2': 0.24827732445999434, 'x3': 0.7974978504463676, 'x4': 0.9934145450829662, 'x5': 0.939726721016585}. Best is trial 9 with value: 6.661186167289876.\n",
      "[I 2026-04-16 04:03:33,614] Trial 24 finished with value: 5.744217585138738 and parameters: {'x0': 0.5905817783716171, 'x1': 0.2918891115225003, 'x2': 0.10087922983598407, 'x3': 0.9134291931087097, 'x4': 0.8766012324747308, 'x5': 0.759125892967334}. Best is trial 9 with value: 6.661186167289876.\n",
      "[I 2026-04-16 04:03:33,629] Trial 25 finished with value: 4.356997032393622 and parameters: {'x0': 0.7521435358980619, 'x1': 0.43530170634027665, 'x2': 0.1909074687269969, 'x3': 0.5647304025311302, 'x4': 0.7310438442903455, 'x5': 0.24007849287373734}. Best is trial 9 with value: 6.661186167289876.\n",
      "[I 2026-04-16 04:03:33,646] Trial 26 finished with value: 5.117535299266742 and parameters: {'x0': 0.9008717125571895, 'x1': 0.8297102238154348, 'x2': 0.3136097407139682, 'x3': 0.775228279167604, 'x4': 0.38082782102992474, 'x5': 0.43694130936129205}. Best is trial 9 with value: 6.661186167289876.\n",
      "[I 2026-04-16 04:03:33,665] Trial 27 finished with value: 5.039807121582051 and parameters: {'x0': 0.6353687005341495, 'x1': 0.986377401445569, 'x2': 0.4866311939064875, 'x3': 0.6710451670115523, 'x4': 0.8194102243153862, 'x5': 0.5957379148909056}. Best is trial 9 with value: 6.661186167289876.\n",
      "[I 2026-04-16 04:03:33,683] Trial 28 finished with value: 5.959352083051031 and parameters: {'x0': 0.40344286539018015, 'x1': 0.11369327857411171, 'x2': 0.05894200918150555, 'x3': 0.9396718703550053, 'x4': 0.6447450831827691, 'x5': 0.8193914534613911}. Best is trial 9 with value: 6.661186167289876.\n",
      "[I 2026-04-16 04:03:33,704] Trial 29 finished with value: 6.936300255787857 and parameters: {'x0': 0.35541514248302675, 'x1': 0.3406152432078766, 'x2': 0.8134174575589901, 'x3': 0.11196127773788578, 'x4': 0.159270736385348, 'x5': 0.9945502078901489}. Best is trial 29 with value: 6.936300255787857.\n",
      "[I 2026-04-16 04:03:33,734] Trial 30 finished with value: 5.466091254862146 and parameters: {'x0': 0.340663701636831, 'x1': 0.3574290708855584, 'x2': 0.8305522958967522, 'x3': 0.09087535113478581, 'x4': 0.09134832825060099, 'x5': 0.11211255029254164}. Best is trial 29 with value: 6.936300255787857.\n",
      "[I 2026-04-16 04:03:33,754] Trial 31 finished with value: 6.884685286843672 and parameters: {'x0': 0.46224279261125895, 'x1': 0.4876103277482613, 'x2': 0.7595117656212718, 'x3': 0.1187746172472758, 'x4': 0.2017538943091081, 'x5': 0.9661153623168672}. Best is trial 29 with value: 6.936300255787857.\n",
      "[I 2026-04-16 04:03:33,777] Trial 32 finished with value: 6.7474981522451465 and parameters: {'x0': 0.1719602074463561, 'x1': 0.494504905854244, 'x2': 0.7921149552319438, 'x3': 0.23110662061970766, 'x4': 0.21740853600862264, 'x5': 0.9838402821128933}. Best is trial 29 with value: 6.936300255787857.\n",
      "[I 2026-04-16 04:03:33,798] Trial 33 finished with value: 6.750120788976268 and parameters: {'x0': 0.1167376250792933, 'x1': 0.494235231850066, 'x2': 0.7670725012029121, 'x3': 0.22731375258208175, 'x4': 0.17467332761565313, 'x5': 0.99525231331674}. Best is trial 29 with value: 6.936300255787857.\n",
      "[I 2026-04-16 04:03:33,814] Trial 34 finished with value: 6.674383112015124 and parameters: {'x0': 0.10771991902231738, 'x1': 0.48208363615871297, 'x2': 0.7798517142084342, 'x3': 0.27198363813594667, 'x4': 0.20072024394049082, 'x5': 0.9909776637868204}. Best is trial 29 with value: 6.936300255787857.\n",
      "[I 2026-04-16 04:03:33,830] Trial 35 finished with value: 6.787617985585114 and parameters: {'x0': 0.12652268937123562, 'x1': 0.6042576123301739, 'x2': 0.6811197363903216, 'x3': 0.12519765164340918, 'x4': 0.1899004892383871, 'x5': 0.9232148043546327}. Best is trial 29 with value: 6.936300255787857.\n",
      "[I 2026-04-16 04:03:33,847] Trial 36 finished with value: 6.870652112781638 and parameters: {'x0': 0.09753073704501211, 'x1': 0.6360978974466184, 'x2': 0.6737576656583377, 'x3': 0.12149772297748988, 'x4': 0.14644686598655623, 'x5': 0.9168324517911921}. Best is trial 29 with value: 6.936300255787857.\n",
      "[I 2026-04-16 04:03:33,865] Trial 37 finished with value: 6.840127996260211 and parameters: {'x0': 0.009805750570173369, 'x1': 0.6224543798910076, 'x2': 0.6742099498454943, 'x3': 0.13217642261257007, 'x4': 0.2883576084170799, 'x5': 0.9093824646156249}. Best is trial 29 with value: 6.936300255787857.\n",
      "[I 2026-04-16 04:03:33,904] Trial 38 finished with value: 6.875201622120416 and parameters: {'x0': 0.018168558001059126, 'x1': 0.7617890679042301, 'x2': 0.5948742422799195, 'x3': 0.0752282447455013, 'x4': 0.28275851183384465, 'x5': 0.8768501790723187}. Best is trial 29 with value: 6.936300255787857.\n",
      "[I 2026-04-16 04:03:33,927] Trial 39 finished with value: 6.8851963440226776 and parameters: {'x0': 0.2616242090653944, 'x1': 0.8057478377663642, 'x2': 0.5989732393431892, 'x3': 0.05590241813978675, 'x4': 0.1138680862061795, 'x5': 0.8738508996098164}. Best is trial 29 with value: 6.936300255787857.\n",
      "[I 2026-04-16 04:03:33,941] Trial 40 finished with value: 6.791548841272652 and parameters: {'x0': 0.2666815790390441, 'x1': 0.7630064027097716, 'x2': 0.5736752864551886, 'x3': 0.059647487967304826, 'x4': 0.07531483969677097, 'x5': 0.8701319746713081}. Best is trial 29 with value: 6.936300255787857.\n",
      "[I 2026-04-16 04:03:33,962] Trial 41 finished with value: 6.886275914955002 and parameters: {'x0': 0.07137445149479438, 'x1': 0.8328565307905924, 'x2': 0.5623054375950445, 'x3': 0.08108990701840563, 'x4': 0.13760846643923422, 'x5': 0.9449489426128315}. Best is trial 29 with value: 6.936300255787857.\n",
      "[I 2026-04-16 04:03:33,985] Trial 42 finished with value: 7.004541545521093 and parameters: {'x0': 0.4444936815577321, 'x1': 0.8671833256241767, 'x2': 0.6093212947770401, 'x3': 0.003495323277590265, 'x4': 0.2569581709481735, 'x5': 0.9527102811372876}. Best is trial 42 with value: 7.004541545521093.\n",
      "[I 2026-04-16 04:03:34,003] Trial 43 finished with value: 6.792002441590514 and parameters: {'x0': 0.4959827204004745, 'x1': 0.8707342966364954, 'x2': 0.5427428357961642, 'x3': 0.01463231983356865, 'x4': 0.3584026852381532, 'x5': 0.9463906508161484}. Best is trial 42 with value: 7.004541545521093.\n",
      "[I 2026-04-16 04:03:34,018] Trial 44 finished with value: 6.788731000196833 and parameters: {'x0': 0.3645018296303857, 'x1': 0.8318881913244403, 'x2': 0.6246375401443365, 'x3': 0.1707202220128626, 'x4': 0.09099248721063169, 'x5': 0.9642338783963661}. Best is trial 42 with value: 7.004541545521093.\n",
      "[I 2026-04-16 04:03:34,033] Trial 45 finished with value: 7.032416848414414 and parameters: {'x0': 0.45951531044332095, 'x1': 0.8105194025352892, 'x2': 0.856693312588504, 'x3': 0.005916594168964201, 'x4': 0.12342545020995138, 'x5': 0.7057511462742676}. Best is trial 45 with value: 7.032416848414414.\n",
      "[I 2026-04-16 04:03:34,048] Trial 46 finished with value: 7.1138919274720225 and parameters: {'x0': 0.31367243309518755, 'x1': 0.9489612536484393, 'x2': 0.8569626046409761, 'x3': 0.05782656079451016, 'x4': 0.13895197558004735, 'x5': 0.7902324499610515}. Best is trial 46 with value: 7.1138919274720225.\n",
      "[I 2026-04-16 04:03:34,066] Trial 47 finished with value: 7.065462839397848 and parameters: {'x0': 0.42290776106435685, 'x1': 0.921929065229191, 'x2': 0.891253490528607, 'x3': 0.015572901139423195, 'x4': 0.041760548502209255, 'x5': 0.7228678042742254}. Best is trial 46 with value: 7.1138919274720225.\n",
      "[I 2026-04-16 04:03:34,082] Trial 48 finished with value: 7.07641599911726 and parameters: {'x0': 0.4153971763736898, 'x1': 0.9528502335998252, 'x2': 0.9980948630940853, 'x3': 0.00331490100708412, 'x4': 0.046557761487174686, 'x5': 0.6490434357663685}. Best is trial 46 with value: 7.1138919274720225.\n",
      "[I 2026-04-16 04:03:34,098] Trial 49 finished with value: 7.0700059629911935 and parameters: {'x0': 0.4374639580945474, 'x1': 0.9508380949542055, 'x2': 0.9858877734923771, 'x3': 0.02188836180878974, 'x4': 0.004177505058723968, 'x5': 0.7060818407234515}. Best is trial 46 with value: 7.1138919274720225.\n",
      "[I 2026-04-16 04:03:34,117] Trial 50 finished with value: 7.025317953962209 and parameters: {'x0': 0.41322395793483285, 'x1': 0.9449382018181427, 'x2': 0.9997487182553313, 'x3': 0.1842980973501972, 'x4': 0.0012840410212160702, 'x5': 0.6917560693683105}. Best is trial 46 with value: 7.1138919274720225.\n",
      "[I 2026-04-16 04:03:34,136] Trial 51 finished with value: 7.032177047305663 and parameters: {'x0': 0.41008503656840145, 'x1': 0.9335373259114875, 'x2': 0.9958478103092667, 'x3': 0.16565730288670838, 'x4': 0.03353702171227507, 'x5': 0.6909726330588931}. Best is trial 46 with value: 7.1138919274720225.\n",
      "[I 2026-04-16 04:03:34,158] Trial 52 finished with value: 7.073232181413537 and parameters: {'x0': 0.3089244146397896, 'x1': 0.9973166317390129, 'x2': 0.9112139503947959, 'x3': 0.048348613619015025, 'x4': 0.050329676904310464, 'x5': 0.6631313613705322}. Best is trial 46 with value: 7.1138919274720225.\n",
      "[I 2026-04-16 04:03:34,175] Trial 53 finished with value: 7.058943196204282 and parameters: {'x0': 0.30408789327464175, 'x1': 0.9977899476168338, 'x2': 0.909148934801837, 'x3': 0.03548351566182821, 'x4': 0.055062404120558905, 'x5': 0.5656759115572049}. Best is trial 46 with value: 7.1138919274720225.\n",
      "[I 2026-04-16 04:03:34,193] Trial 54 finished with value: 7.062140336344847 and parameters: {'x0': 0.3026016332914153, 'x1': 0.9774195164685734, 'x2': 0.9196787025195975, 'x3': 0.04550940391421711, 'x4': 0.05716605724852916, 'x5': 0.5769002066257206}. Best is trial 46 with value: 7.1138919274720225.\n",
      "[I 2026-04-16 04:03:34,209] Trial 55 finished with value: 7.093555070986891 and parameters: {'x0': 0.3095411840230006, 'x1': 0.8993713164148005, 'x2': 0.9505061014694548, 'x3': 0.050652532068485454, 'x4': 0.04128138097265556, 'x5': 0.6482151947150046}. Best is trial 46 with value: 7.1138919274720225.\n",
      "[I 2026-04-16 04:03:34,231] Trial 56 finished with value: 7.0578872472735785 and parameters: {'x0': 0.22621491115206271, 'x1': 0.8931087889343278, 'x2': 0.9503928254969964, 'x3': 0.07985365951749132, 'x4': 0.005049513396416017, 'x5': 0.5075698651764768}. Best is trial 46 with value: 7.1138919274720225.\n",
      "[I 2026-04-16 04:03:34,251] Trial 57 finished with value: 6.757042745489488 and parameters: {'x0': 0.5284926278174784, 'x1': 0.8940052992546675, 'x2': 0.8759224837165175, 'x3': 0.2837700758523012, 'x4': 0.0400201387834934, 'x5': 0.6422836283846103}. Best is trial 46 with value: 7.1138919274720225.\n",
      "[I 2026-04-16 04:03:34,270] Trial 58 finished with value: 6.698316822186628 and parameters: {'x0': 0.31968476869576334, 'x1': 0.9593114146635736, 'x2': 0.9495705775672185, 'x3': 0.42539038494478765, 'x4': 0.09190667245963276, 'x5': 0.6407618682428526}. Best is trial 46 with value: 7.1138919274720225.\n",
      "[I 2026-04-16 04:03:34,286] Trial 59 finished with value: 7.050107290053815 and parameters: {'x0': 0.3817423692354613, 'x1': 0.9222698974208179, 'x2': 0.9359023351477832, 'x3': 0.15398688412076272, 'x4': 0.032613304211680655, 'x5': 0.7736262866682019}. Best is trial 46 with value: 7.1138919274720225.\n",
      "[I 2026-04-16 04:03:34,304] Trial 60 finished with value: 6.939996389599976 and parameters: {'x0': 0.38236523263169325, 'x1': 0.7266205652508837, 'x2': 0.8711432388127721, 'x3': 0.03856603415830425, 'x4': 0.10543090177416846, 'x5': 0.4645279832185269}. Best is trial 46 with value: 7.1138919274720225.\n",
      "[I 2026-04-16 04:03:34,329] Trial 61 finished with value: 7.09989939231816 and parameters: {'x0': 0.30001619291719345, 'x1': 0.9723063639291952, 'x2': 0.9133955048009559, 'x3': 0.04614776440130955, 'x4': 0.06648375319531716, 'x5': 0.7261727476474018}. Best is trial 46 with value: 7.1138919274720225.\n",
      "[I 2026-04-16 04:03:34,352] Trial 62 finished with value: 7.122358005737672 and parameters: {'x0': 0.20472440931924663, 'x1': 0.9401589992649765, 'x2': 0.9732605697363926, 'x3': 0.09349053071854903, 'x4': 0.07363526896249759, 'x5': 0.7260983623876626}. Best is trial 62 with value: 7.122358005737672.\n",
      "[I 2026-04-16 04:03:34,375] Trial 63 finished with value: 7.08008125001175 and parameters: {'x0': 0.2789836889515007, 'x1': 0.9720174700461949, 'x2': 0.9740195798392133, 'x3': 0.09889103102320937, 'x4': 0.07463245392105276, 'x5': 0.664611576995259}. Best is trial 62 with value: 7.122358005737672.\n",
      "[I 2026-04-16 04:03:34,391] Trial 64 finished with value: 7.088120680654467 and parameters: {'x0': 0.20819611176323077, 'x1': 0.994979255075227, 'x2': 0.9647659376748723, 'x3': 0.0929112604162991, 'x4': 0.0644152501350093, 'x5': 0.6665200115741227}. Best is trial 62 with value: 7.122358005737672.\n",
      "[I 2026-04-16 04:03:34,410] Trial 65 finished with value: 7.102885049288758 and parameters: {'x0': 0.1997080046801406, 'x1': 0.8944000035864019, 'x2': 0.9655402998450444, 'x3': 0.20111265962277966, 'x4': 0.07433214780788192, 'x5': 0.8093693334537997}. Best is trial 62 with value: 7.122358005737672.\n",
      "[I 2026-04-16 04:03:34,430] Trial 66 finished with value: 7.1492996653032534 and parameters: {'x0': 0.18799379443740447, 'x1': 0.8911999813841233, 'x2': 0.8382397649667706, 'x3': 0.09759724535265815, 'x4': 0.14632842257796214, 'x5': 0.8158080195688004}. Best is trial 66 with value: 7.1492996653032534.\n",
      "[I 2026-04-16 04:03:34,452] Trial 67 finished with value: 7.040284264062193 and parameters: {'x0': 0.1801043618119075, 'x1': 0.8797156063603965, 'x2': 0.8276975668211566, 'x3': 0.20548668671494932, 'x4': 0.2575263310347142, 'x5': 0.820635119557946}. Best is trial 66 with value: 7.1492996653032534.\n",
      "[I 2026-04-16 04:03:34,471] Trial 68 finished with value: 7.092734630811653 and parameters: {'x0': 0.21457531562774632, 'x1': 0.8502175391037031, 'x2': 0.8476194634223646, 'x3': 0.1511679513187972, 'x4': 0.1663399332453583, 'x5': 0.7940044650135358}. Best is trial 66 with value: 7.1492996653032534.\n",
      "[I 2026-04-16 04:03:34,491] Trial 69 finished with value: 6.921339705062652 and parameters: {'x0': 0.15509417648904522, 'x1': 0.8445300728951889, 'x2': 0.8469075813308393, 'x3': 0.264918562611059, 'x4': 0.16014040463427837, 'x5': 0.7840704480519103}. Best is trial 66 with value: 7.1492996653032534.\n",
      "[I 2026-04-16 04:03:34,508] Trial 70 finished with value: 6.929119511705504 and parameters: {'x0': 0.22759052515413405, 'x1': 0.7902749813568677, 'x2': 0.7318674761567285, 'x3': 0.1500050934495688, 'x4': 0.25047815884979696, 'x5': 0.8146113068578796}. Best is trial 66 with value: 7.1492996653032534.\n",
      "[I 2026-04-16 04:03:34,531] Trial 71 finished with value: 7.063428477861635 and parameters: {'x0': 0.1934772720344273, 'x1': 0.9080326873522213, 'x2': 0.9519574545861903, 'x3': 0.2037178712461612, 'x4': 0.13136826290501744, 'x5': 0.7434974498048008}. Best is trial 66 with value: 7.1492996653032534.\n",
      "[I 2026-04-16 04:03:34,551] Trial 72 finished with value: 7.126351776487054 and parameters: {'x0': 0.23877829827300115, 'x1': 0.8552725574641452, 'x2': 0.8809142188072648, 'x3': 0.10535587546424255, 'x4': 0.17282065565123939, 'x5': 0.7411882487032219}. Best is trial 66 with value: 7.1492996653032534.\n",
      "[I 2026-04-16 04:03:34,570] Trial 73 finished with value: 6.996597134091018 and parameters: {'x0': 0.14970151907854995, 'x1': 0.8638120491831565, 'x2': 0.7331802194523008, 'x3': 0.1531057040577501, 'x4': 0.18858550339680868, 'x5': 0.8353990493600466}. Best is trial 66 with value: 7.1492996653032534.\n",
      "[I 2026-04-16 04:03:34,588] Trial 74 finished with value: 7.099894734792568 and parameters: {'x0': 0.23179007380788416, 'x1': 0.7619898231934176, 'x2': 0.809059685857492, 'x3': 0.1083073290499646, 'x4': 0.32143293496739656, 'x5': 0.7932139773169768}. Best is trial 66 with value: 7.1492996653032534.\n",
      "[I 2026-04-16 04:03:34,605] Trial 75 finished with value: 7.013106817140784 and parameters: {'x0': 0.2558368994096257, 'x1': 0.7624700810086792, 'x2': 0.8005567468930527, 'x3': 0.10824642714068225, 'x4': 0.3396429576391998, 'x5': 0.7345063106867281}. Best is trial 66 with value: 7.1492996653032534.\n",
      "[I 2026-04-16 04:03:34,628] Trial 76 finished with value: 6.234443669113952 and parameters: {'x0': 0.1442194986178772, 'x1': 0.9076393529957733, 'x2': 0.8837027014251866, 'x3': 0.48702021778353877, 'x4': 0.41238784878910617, 'x5': 0.7621699342106961}. Best is trial 66 with value: 7.1492996653032534.\n",
      "[I 2026-04-16 04:03:34,650] Trial 77 finished with value: 7.20265807795072 and parameters: {'x0': 0.05219713781742005, 'x1': 0.7154169383470164, 'x2': 0.9235325171738434, 'x3': 0.06991754396651145, 'x4': 0.23118222131584534, 'x5': 0.6209744293560088}. Best is trial 77 with value: 7.20265807795072.\n",
      "[I 2026-04-16 04:03:34,669] Trial 78 finished with value: 6.333121586105121 and parameters: {'x0': 0.04930408169640896, 'x1': 0.6767856933275965, 'x2': 0.9204809142978585, 'x3': 0.3882138864037096, 'x4': 0.22752401596505573, 'x5': 0.5479645381036278}. Best is trial 77 with value: 7.20265807795072.\n",
      "[I 2026-04-16 04:03:34,687] Trial 79 finished with value: 6.961492899773937 and parameters: {'x0': 0.08059854881370543, 'x1': 0.7306842784865797, 'x2': 0.7397688012364572, 'x3': 0.07165888057722954, 'x4': 0.32673058063846866, 'x5': 0.6083384916661266}. Best is trial 77 with value: 7.20265807795072.\n",
      "[I 2026-04-16 04:03:34,705] Trial 80 finished with value: 6.8548239577383665 and parameters: {'x0': 0.23911930653040261, 'x1': 0.5432529495608972, 'x2': 0.8282912281325554, 'x3': 0.12204653672313859, 'x4': 0.2280446807421155, 'x5': 0.7293015246717452}. Best is trial 77 with value: 7.20265807795072.\n",
      "[I 2026-04-16 04:03:34,728] Trial 81 finished with value: 7.149342452116727 and parameters: {'x0': 0.3315477859395365, 'x1': 0.8098841665686262, 'x2': 0.9235752039375371, 'x3': 0.07545919303776255, 'x4': 0.12711533674148148, 'x5': 0.7752419585432545}. Best is trial 77 with value: 7.20265807795072.\n",
      "[I 2026-04-16 04:03:34,747] Trial 82 finished with value: 7.193470719905317 and parameters: {'x0': 0.2830316170100825, 'x1': 0.7843544847514393, 'x2': 0.8940453106863856, 'x3': 0.09817266518769657, 'x4': 0.13175805211165087, 'x5': 0.857128945042813}. Best is trial 77 with value: 7.20265807795072.\n",
      "[I 2026-04-16 04:03:34,768] Trial 83 finished with value: 7.194587493439775 and parameters: {'x0': 0.32562728588608, 'x1': 0.796990957650988, 'x2': 0.9230729982650262, 'x3': 0.07226501221939932, 'x4': 0.13870282565026476, 'x5': 0.8499213582848348}. Best is trial 77 with value: 7.20265807795072.\n",
      "[I 2026-04-16 04:03:34,785] Trial 84 finished with value: 7.240139059486755 and parameters: {'x0': 0.18006914754986333, 'x1': 0.8072321850279929, 'x2': 0.8872585192388588, 'x3': 0.0768940679162618, 'x4': 0.14057561472415137, 'x5': 0.8560005766677176}. Best is trial 84 with value: 7.240139059486755.\n",
      "[I 2026-04-16 04:03:34,803] Trial 85 finished with value: 7.170341800364753 and parameters: {'x0': 0.3360935777745926, 'x1': 0.8077573695950048, 'x2': 0.8616064315746295, 'x3': 0.07301973325465336, 'x4': 0.1506332831082115, 'x5': 0.858939624764923}. Best is trial 84 with value: 7.240139059486755.\n",
      "[I 2026-04-16 04:03:34,820] Trial 86 finished with value: 7.174582524926277 and parameters: {'x0': 0.33583239063778597, 'x1': 0.807969728867131, 'x2': 0.8886076902753369, 'x3': 0.08310287706883179, 'x4': 0.10935078296512943, 'x5': 0.8801639704663727}. Best is trial 84 with value: 7.240139059486755.\n",
      "[I 2026-04-16 04:03:34,836] Trial 87 finished with value: 7.139854446350199 and parameters: {'x0': 0.3367619800815172, 'x1': 0.7909697649209381, 'x2': 0.8817973661476436, 'x3': 0.13413093676755994, 'x4': 0.18197187700149647, 'x5': 0.8542657925899949}. Best is trial 84 with value: 7.240139059486755.\n",
      "[I 2026-04-16 04:03:34,859] Trial 88 finished with value: 7.209477497738417 and parameters: {'x0': 0.27409555627676796, 'x1': 0.8063178396226828, 'x2': 0.9338626768163388, 'x3': 0.07329261288168303, 'x4': 0.11321931401485541, 'x5': 0.8508068962707307}. Best is trial 84 with value: 7.240139059486755.\n",
      "[I 2026-04-16 04:03:34,877] Trial 89 finished with value: 6.503348569323688 and parameters: {'x0': 0.34829252578119363, 'x1': 0.8111982714863892, 'x2': 0.9325848791526514, 'x3': 0.5822479878266585, 'x4': 0.10596034140054707, 'x5': 0.8973956254934932}. Best is trial 84 with value: 7.240139059486755.\n",
      "[I 2026-04-16 04:03:34,944] Trial 90 finished with value: 7.11273810757471 and parameters: {'x0': 0.3860782287768169, 'x1': 0.7050019471607675, 'x2': 0.900030568011788, 'x3': 0.07272071301820816, 'x4': 0.5608814819833154, 'x5': 0.8814974987354423}. Best is trial 84 with value: 7.240139059486755.\n",
      "[I 2026-04-16 04:03:34,968] Trial 91 finished with value: 7.144374343258622 and parameters: {'x0': 0.2786938220649011, 'x1': 0.7882361044137726, 'x2': 0.8690090974004067, 'x3': 0.1344551923096855, 'x4': 0.15289737753930935, 'x5': 0.8440008310515295}. Best is trial 84 with value: 7.240139059486755.\n",
