      "[I 2026-04-16 04:03:36,360] Trial 61 finished with value: 6.992548675123526 and parameters: {'x0': 0.4269703003915044, 'x1': 0.7704700690369832, 'x2': 0.8383433439376609, 'x3': 0.03177858686398566, 'x4': 0.05091889532028414, 'x5': 0.897432265556726}. Best is trial 45 with value: 7.119075349087992.\n",
      "[I 2026-04-16 04:03:36,380] Trial 62 finished with value: 6.876738445034096 and parameters: {'x0': 0.431881950295694, 'x1': 0.7362506042898428, 'x2': 0.730176502229096, 'x3': 0.044400005998391515, 'x4': 0.028386928660920574, 'x5': 0.8998767864231644}. Best is trial 45 with value: 7.119075349087992.\n",
      "[I 2026-04-16 04:03:36,403] Trial 63 finished with value: 6.976948913251189 and parameters: {'x0': 0.31103466658807005, 'x1': 0.8850763334029769, 'x2': 0.9053759105410856, 'x3': 0.1673652045215775, 'x4': 0.13539073588088668, 'x5': 0.8264978458806411}. Best is trial 45 with value: 7.119075349087992.\n",
      "[I 2026-04-16 04:03:36,446] Trial 64 finished with value: 7.020762114627656 and parameters: {'x0': 0.307782250021961, 'x1': 0.8911342372405983, 'x2': 0.8286528622243267, 'x3': 0.04571506072200973, 'x4': 0.13412485703122454, 'x5': 0.8194460253450598}. Best is trial 45 with value: 7.119075349087992.\n",
      "[I 2026-04-16 04:03:36,489] Trial 65 finished with value: 7.0260257016661924 and parameters: {'x0': 0.309206175083177, 'x1': 0.9232470371148382, 'x2': 0.8397863234418895, 'x3': 0.04250303666489382, 'x4': 0.133789345974755, 'x5': 0.8476719652421014}. Best is trial 45 with value: 7.119075349087992.\n",
      "[I 2026-04-16 04:03:36,514] Trial 66 finished with value: 7.0156263329752155 and parameters: {'x0': 0.3089775808332693, 'x1': 0.9987187603605505, 'x2': 0.8410396232843781, 'x3': 0.049091072753902676, 'x4': 0.16395522397315176, 'x5': 0.8993977149661894}. Best is trial 45 with value: 7.119075349087992.\n",
      "[I 2026-04-16 04:03:36,534] Trial 67 finished with value: 7.066887636219751 and parameters: {'x0': 0.20400220308469302, 'x1': 0.9875658117403746, 'x2': 0.8347059658722705, 'x3': 0.03989787921113501, 'x4': 0.24555931992409652, 'x5': 0.9310980262416729}. Best is trial 45 with value: 7.119075349087992.\n",
      "[I 2026-04-16 04:03:36,554] Trial 68 finished with value: 7.049793060326802 and parameters: {'x0': 0.22194028232144133, 'x1': 0.9953145370280041, 'x2': 0.8322173441830282, 'x3': 0.04591379690868708, 'x4': 0.25489550282892587, 'x5': 0.8976122446570367}. Best is trial 45 with value: 7.119075349087992.\n",
      "[I 2026-04-16 04:03:36,577] Trial 69 finished with value: 7.059568221429173 and parameters: {'x0': 0.20024536487312056, 'x1': 0.9935787484310856, 'x2': 0.8344745437478389, 'x3': 0.04111053699850182, 'x4': 0.26313746164373786, 'x5': 0.9052737634594253}. Best is trial 45 with value: 7.119075349087992.\n",
      "[I 2026-04-16 04:03:36,600] Trial 70 finished with value: 7.045053617092927 and parameters: {'x0': 0.2102214186721633, 'x1': 0.9981044816596427, 'x2': 0.7248678420524743, 'x3': 0.0037980568074724996, 'x4': 0.2515292425672052, 'x5': 0.9571478736514725}. Best is trial 45 with value: 7.119075349087992.\n",
      "[I 2026-04-16 04:03:36,617] Trial 71 finished with value: 7.049621876217851 and parameters: {'x0': 0.20480832092439694, 'x1': 0.9992854517609633, 'x2': 0.728943170314188, 'x3': 0.004174060387582855, 'x4': 0.24567290745609574, 'x5': 0.9695089224702909}. Best is trial 45 with value: 7.119075349087992.\n",
      "[I 2026-04-16 04:03:36,639] Trial 72 finished with value: 7.02729951667891 and parameters: {'x0': 0.21655441300770206, 'x1': 0.9580948721640894, 'x2': 0.7408581794922245, 'x3': 0.09647273153832109, 'x4': 0.25829325985242924, 'x5': 0.9643865031015764}. Best is trial 45 with value: 7.119075349087992.\n",
      "[I 2026-04-16 04:03:36,663] Trial 73 finished with value: 7.014951769447602 and parameters: {'x0': 0.17012295915678152, 'x1': 0.9612770740625294, 'x2': 0.7182018878292857, 'x3': 0.10103529844593837, 'x4': 0.3376620562173602, 'x5': 0.9592867307361961}. Best is trial 45 with value: 7.119075349087992.\n",
      "[I 2026-04-16 04:03:36,681] Trial 74 finished with value: 7.054435897105615 and parameters: {'x0': 0.21524721152303916, 'x1': 0.9230881352579704, 'x2': 0.7095179639762462, 'x3': 0.018065558673177738, 'x4': 0.2659984797823398, 'x5': 0.9260398844597608}. Best is trial 45 with value: 7.119075349087992.\n",
      "[I 2026-04-16 04:03:36,700] Trial 75 finished with value: 7.048793280499801 and parameters: {'x0': 0.23403413999424477, 'x1': 0.9566261990684932, 'x2': 0.7163625501506087, 'x3': 0.0026422810224207283, 'x4': 0.26380507907416306, 'x5': 0.9291124747841698}. Best is trial 45 with value: 7.119075349087992.\n",
      "[I 2026-04-16 04:03:36,716] Trial 76 finished with value: 7.047361833306327 and parameters: {'x0': 0.1442194986178772, 'x1': 0.9722183736287693, 'x2': 0.7170820390813255, 'x3': 0.009845676478768252, 'x4': 0.3888771255053399, 'x5': 0.9282212320430169}. Best is trial 45 with value: 7.119075349087992.\n",
      "[I 2026-04-16 04:03:36,736] Trial 77 finished with value: 7.000714150267999 and parameters: {'x0': 0.152617047783243, 'x1': 0.9295805092061524, 'x2': 0.7018348469204384, 'x3': 0.06981329012417535, 'x4': 0.4074256036319304, 'x5': 0.917530739282835}. Best is trial 45 with value: 7.119075349087992.\n",
      "[I 2026-04-16 04:03:36,761] Trial 78 finished with value: 7.101219116777555 and parameters: {'x0': 0.08300789321646787, 'x1': 0.9817717131814512, 'x2': 0.8072794220500824, 'x3': 0.006717181435836157, 'x4': 0.3219062952840043, 'x5': 0.998660671476434}. Best is trial 45 with value: 7.119075349087992.\n",
      "[I 2026-04-16 04:03:36,782] Trial 79 finished with value: 7.142829509992379 and parameters: {'x0': 0.06384108117670137, 'x1': 0.9102094695134348, 'x2': 0.7920770908216705, 'x3': 0.026039579170810366, 'x4': 0.32410118294538515, 'x5': 0.9742778539354261}. Best is trial 79 with value: 7.142829509992379.\n",
      "[I 2026-04-16 04:03:36,801] Trial 80 finished with value: 7.120426429309496 and parameters: {'x0': 0.0699238337030659, 'x1': 0.910620183850885, 'x2': 0.7903326228558545, 'x3': 0.09155010502404118, 'x4': 0.3150000092392027, 'x5': 0.9906992439688085}. Best is trial 79 with value: 7.142829509992379.\n",
      "[I 2026-04-16 04:03:36,821] Trial 81 finished with value: 7.133823015608734 and parameters: {'x0': 0.055833385490137, 'x1': 0.9034945725171577, 'x2': 0.7933359101825311, 'x3': 0.07955884890370489, 'x4': 0.32238572802837734, 'x5': 0.9977947393785619}. Best is trial 79 with value: 7.142829509992379.\n",
      "[I 2026-04-16 04:03:36,844] Trial 82 finished with value: 7.121664963179977 and parameters: {'x0': 0.06329635341143601, 'x1': 0.9032578536022376, 'x2': 0.7814779514626637, 'x3': 0.08906837272778215, 'x4': 0.3239929831345048, 'x5': 0.9881075689478457}. Best is trial 79 with value: 7.142829509992379.\n",
      "[I 2026-04-16 04:03:36,865] Trial 83 finished with value: 7.097419250040295 and parameters: {'x0': 0.059233230233611905, 'x1': 0.9070931017330852, 'x2': 0.7873820743196285, 'x3': 0.13923392214490898, 'x4': 0.3236912063955494, 'x5': 0.9926412788076778}. Best is trial 79 with value: 7.142829509992379.\n",
      "[I 2026-04-16 04:03:36,887] Trial 84 finished with value: 7.1074723652328045 and parameters: {'x0': 0.07106357088747373, 'x1': 0.9019635192764044, 'x2': 0.7932708501412731, 'x3': 0.131712514649891, 'x4': 0.314303929547001, 'x5': 0.9966752660707117}. Best is trial 79 with value: 7.142829509992379.\n",
      "[I 2026-04-16 04:03:36,911] Trial 85 finished with value: 7.103638827629399 and parameters: {'x0': 0.07147647569213489, 'x1': 0.9000676258800353, 'x2': 0.7969784794851039, 'x3': 0.1446275014786686, 'x4': 0.3198060767521156, 'x5': 0.9988872641142734}. Best is trial 79 with value: 7.142829509992379.\n",
      "[I 2026-04-16 04:03:36,930] Trial 86 finished with value: 7.132527229656817 and parameters: {'x0': 0.05532902525465511, 'x1': 0.8530293372755997, 'x2': 0.7965885245394099, 'x3': 0.1382707198315503, 'x4': 0.3200934863709175, 'x5': 0.999698837975778}. Best is trial 79 with value: 7.142829509992379.\n",
      "[I 2026-04-16 04:03:36,951] Trial 87 finished with value: 7.114761500242142 and parameters: {'x0': 0.07575708102168015, 'x1': 0.8419855471443759, 'x2': 0.7566187165775269, 'x3': 0.08990642294852594, 'x4': 0.434058153415737, 'x5': 0.9911171985931929}. Best is trial 79 with value: 7.142829509992379.\n",
      "[I 2026-04-16 04:03:36,974] Trial 88 finished with value: 7.1204441510993455 and parameters: {'x0': 0.05078395069040172, 'x1': 0.8375596407211173, 'x2': 0.7745481264914785, 'x3': 0.0962559141809676, 'x4': 0.45273037566412183, 'x5': 0.9731270646558635}. Best is trial 79 with value: 7.142829509992379.\n",
      "[I 2026-04-16 04:03:36,999] Trial 89 finished with value: 6.963507212567759 and parameters: {'x0': 0.02440280051273417, 'x1': 0.8631458322194309, 'x2': 0.6643963938791522, 'x3': 0.11232852194725795, 'x4': 0.4749915107872054, 'x5': 0.973728227815258}. Best is trial 79 with value: 7.142829509992379.\n",
      "[I 2026-04-16 04:03:37,019] Trial 90 finished with value: 6.799685674197348 and parameters: {'x0': 0.03092769604070903, 'x1': 0.8183655634756494, 'x2': 0.7613682674098482, 'x3': 0.08693872646233998, 'x4': 0.5608814819833154, 'x5': 0.4770107031633805}. Best is trial 79 with value: 7.142829509992379.\n",
      "[I 2026-04-16 04:03:37,038] Trial 91 finished with value: 7.070294776230129 and parameters: {'x0': 0.052032963944403765, 'x1': 0.8411471377284389, 'x2': 0.7557686044475436, 'x3': 0.14441295220685896, 'x4': 0.43386914411012817, 'x5': 0.9695548319480664}. Best is trial 79 with value: 7.142829509992379.\n",
      "[I 2026-04-16 04:03:37,061] Trial 92 finished with value: 7.0285893903339876 and parameters: {'x0': 0.07815114770091224, 'x1': 0.8847057414174655, 'x2': 0.7823448607830972, 'x3': 0.20357848469442383, 'x4': 0.5311579681936537, 'x5': 0.9987391816952266}. Best is trial 79 with value: 7.142829509992379.\n",
      "[I 2026-04-16 04:03:37,079] Trial 93 finished with value: 7.16329855830026 and parameters: {'x0': 0.054446029237499007, 'x1': 0.8419838349648895, 'x2': 0.8072596503716902, 'x3': 0.06802636726198336, 'x4': 0.37178430411486096, 'x5': 0.946661050299614}. Best is trial 93 with value: 7.16329855830026.\n",
      "[I 2026-04-16 04:03:37,099] Trial 94 finished with value: 7.146791383619602 and parameters: {'x0': 0.00523800480939543, 'x1': 0.8354299174290806, 'x2': 0.8084116465250508, 'x3': 0.11643727675840695, 'x4': 0.3753978660200421, 'x5': 0.9449685080577084}. Best is trial 93 with value: 7.16329855830026.\n",
      "[I 2026-04-16 04:03:37,130] Trial 95 finished with value: 7.164309242786916 and parameters: {'x0': 0.0043608212279803845, 'x1': 0.8478386888315503, 'x2': 0.8793551309412071, 'x3': 0.06871033915089406, 'x4': 0.35725494500742394, 'x5': 0.873571712177947}. Best is trial 95 with value: 7.164309242786916.\n",
      "[I 2026-04-16 04:03:37,153] Trial 96 finished with value: 7.170771934763166 and parameters: {'x0': 0.01151827576198692, 'x1': 0.792620916869763, 'x2': 0.8119241990476709, 'x3': 0.06990349941305615, 'x4': 0.37048207108292636, 'x5': 0.876342907264112}. Best is trial 96 with value: 7.170771934763166.\n",
      "[I 2026-04-16 04:03:37,177] Trial 97 finished with value: 7.194136871022139 and parameters: {'x0': 0.003486649299336348, 'x1': 0.7922292257806314, 'x2': 0.8894382732365219, 'x3': 0.06715589867164151, 'x4': 0.3661050864868609, 'x5': 0.866477416658494}. Best is trial 97 with value: 7.194136871022139.\n",
      "[I 2026-04-16 04:03:37,193] Trial 98 finished with value: 7.191410033546351 and parameters: {'x0': 0.005934026749765495, 'x1': 0.7908662682447734, 'x2': 0.8948716015221004, 'x3': 0.07297244271572222, 'x4': 0.36374289828576795, 'x5': 0.8640204759397151}. Best is trial 97 with value: 7.194136871022139.\n",
      "[I 2026-04-16 04:03:37,219] Trial 99 finished with value: 7.189121583221919 and parameters: {'x0': 0.005349536952922783, 'x1': 0.804370539500456, 'x2': 0.8840830186612965, 'x3': 0.06519743629964331, 'x4': 0.36310959460019354, 'x5': 0.8683911338220788}. Best is trial 97 with value: 7.194136871022139.\n"
     ]
    },
    {
     "name": "stdout",
     "output_type": "stream",
     "text": [
      "[Iteration 0] Proposed: [0.00348665 0.79222923 0.88943827 0.0671559  0.36610509 0.86647742], UCB: 7.194137\n",
      "  Best so far (Optuna): 2.075606e+00\n",
      "\n",
      "Week 7:\n",
      "  Actual observation: y = 2.462202e+00\n"
     ]
    },
    {
     "name": "stderr",
     "output_type": "stream",
     "text": [
      "[I 2026-04-16 04:03:37,603] A new study created in memory with name: no-name-5a243d21-105e-4f16-93f1-4b3dd3b72682\n",
      "[I 2026-04-16 04:03:37,605] Trial 0 finished with value: 6.150303087574337 and parameters: {'x0': 0.3745401188473625, 'x1': 0.9507143064099162, 'x2': 0.7319939418114051, 'x3': 0.5986584841970366, 'x4': 0.15601864044243652, 'x5': 0.15599452033620265}. Best is trial 0 with value: 6.150303087574337.\n",
      "[I 2026-04-16 04:03:37,610] Trial 1 finished with value: 5.9629747473184755 and parameters: {'x0': 0.05808361216819946, 'x1': 0.8661761457749352, 'x2': 0.6011150117432088, 'x3': 0.7080725777960455, 'x4': 0.020584494295802447, 'x5': 0.9699098521619943}. Best is trial 0 with value: 6.150303087574337.\n",
      "[I 2026-04-16 04:03:37,617] Trial 2 finished with value: 4.568423677608408 and parameters: {'x0': 0.8324426408004217, 'x1': 0.21233911067827616, 'x2': 0.18182496720710062, 'x3': 0.18340450985343382, 'x4': 0.3042422429595377, 'x5': 0.5247564316322378}. Best is trial 0 with value: 6.150303087574337.\n",
      "[I 2026-04-16 04:03:37,621] Trial 3 finished with value: 5.559311918431597 and parameters: {'x0': 0.43194501864211576, 'x1': 0.2912291401980419, 'x2': 0.6118528947223795, 'x3': 0.13949386065204183, 'x4': 0.29214464853521815, 'x5': 0.3663618432936917}. Best is trial 0 with value: 6.150303087574337.\n",
      "[I 2026-04-16 04:03:37,629] Trial 4 finished with value: 5.850483129047272 and parameters: {'x0': 0.45606998421703593, 'x1': 0.7851759613930136, 'x2': 0.19967378215835974, 'x3': 0.5142344384136116, 'x4': 0.5924145688620425, 'x5': 0.046450412719997725}. Best is trial 0 with value: 6.150303087574337.\n",
      "[I 2026-04-16 04:03:37,633] Trial 5 finished with value: 6.284761251843 and parameters: {'x0': 0.6075448519014384, 'x1': 0.17052412368729153, 'x2': 0.06505159298527952, 'x3': 0.9488855372533332, 'x4': 0.9656320330745594, 'x5': 0.8083973481164611}. Best is trial 5 with value: 6.284761251843.\n",
      "[I 2026-04-16 04:03:37,637] Trial 6 finished with value: 4.268958081963657 and parameters: {'x0': 0.3046137691733707, 'x1': 0.09767211400638387, 'x2': 0.6842330265121569, 'x3': 0.4401524937396013, 'x4': 0.12203823484477883, 'x5': 0.4951769101112702}. Best is trial 5 with value: 6.284761251843.\n",
      "[I 2026-04-16 04:03:37,639] Trial 7 finished with value: 5.715721637521869 and parameters: {'x0': 0.034388521115218396, 'x1': 0.9093204020787821, 'x2': 0.2587799816000169, 'x3': 0.662522284353982, 'x4': 0.31171107608941095, 'x5': 0.5200680211778108}. Best is trial 5 with value: 6.284761251843.\n",
      "[I 2026-04-16 04:03:37,646] Trial 8 finished with value: 5.584692194951585 and parameters: {'x0': 0.5467102793432796, 'x1': 0.18485445552552704, 'x2': 0.9695846277645586, 'x3': 0.7751328233611146, 'x4': 0.9394989415641891, 'x5': 0.8948273504276488}. Best is trial 5 with value: 6.284761251843.\n",
      "[I 2026-04-16 04:03:37,653] Trial 9 finished with value: 6.41100227759373 and parameters: {'x0': 0.5978999788110851, 'x1': 0.9218742350231168, 'x2': 0.0884925020519195, 'x3': 0.1959828624191452, 'x4': 0.045227288910538066, 'x5': 0.32533033076326434}. Best is trial 9 with value: 6.41100227759373.\n",
      "[I 2026-04-16 04:03:37,671] Trial 10 finished with value: 4.821491740008135 and parameters: {'x0': 0.9534661403809405, 'x1': 0.5659360709459067, 'x2': 0.3687287727210974, 'x3': 0.0179618756148196, 'x4': 0.6370920485539681, 'x5': 0.28946106293079776}. Best is trial 9 with value: 6.41100227759373.\n",
      "[I 2026-04-16 04:03:37,687] Trial 11 finished with value: 6.228930385201757 and parameters: {'x0': 0.6791966817577344, 'x1': 0.4342874673832779, 'x2': 0.022252480246067956, 'x3': 0.98167925229322, 'x4': 0.967536434376218, 'x5': 0.7473941873052088}. Best is trial 9 with value: 6.41100227759373.\n",
      "[I 2026-04-16 04:03:37,700] Trial 12 finished with value: 2.227652084988187 and parameters: {'x0': 0.6671009561203396, 'x1': 0.6921988934258363, 'x2': 0.031055010822738954, 'x3': 0.34926630919468094, 'x4': 0.7650911879541404, 'x5': 0.6880988980130585}. Best is trial 9 with value: 6.41100227759373.\n",
      "[I 2026-04-16 04:03:37,716] Trial 13 finished with value: 5.240837215755201 and parameters: {'x0': 0.6840994328847403, 'x1': 0.4099397786361344, 'x2': 0.3987681088924525, 'x3': 0.998764709368317, 'x4': 0.45580160842501527, 'x5': 0.7433439992566937}. Best is trial 9 with value: 6.41100227759373.\n",
      "[I 2026-04-16 04:03:37,730] Trial 14 finished with value: 6.19538974451257 and parameters: {'x0': 0.18976199056627951, 'x1': 0.03358588493447223, 'x2': 0.12455413144368038, 'x3': 0.34279928826631634, 'x4': 0.8469961233886654, 'x5': 0.3275415153764192}. Best is trial 9 with value: 6.41100227759373.\n",
      "[I 2026-04-16 04:03:37,744] Trial 15 finished with value: 3.832839777711973 and parameters: {'x0': 0.5643700126830635, 'x1': 0.5831308193790049, 'x2': 0.3439037582728547, 'x3': 0.8543132377666622, 'x4': 0.4970853936108525, 'x5': 0.6446736852680854}. Best is trial 9 with value: 6.41100227759373.\n",
      "[I 2026-04-16 04:03:37,755] Trial 16 finished with value: 4.9417224725288245 and parameters: {'x0': 0.8147225208023963, 'x1': 0.30344630088855795, 'x2': 0.09787990861896796, 'x3': 0.23255202699064112, 'x4': 0.7359553767526543, 'x5': 0.8484697407922026}. Best is trial 9 with value: 6.41100227759373.\n",
      "[I 2026-04-16 04:03:37,769] Trial 17 finished with value: 5.78681991554645 and parameters: {'x0': 0.813751709037171, 'x1': 0.7155673030511578, 'x2': 0.4723219616672015, 'x3': 0.028208764638047307, 'x4': 0.5895985018457592, 'x5': 0.18969594234069842}. Best is trial 9 with value: 6.41100227759373.\n",
      "[I 2026-04-16 04:03:37,787] Trial 18 finished with value: 5.327314840369603 and parameters: {'x0': 0.25254583603197417, 'x1': 0.5186142063329878, 'x2': 0.26690375207555295, 'x3': 0.8629273218532529, 'x4': 0.015510381994227163, 'x5': 0.5995018382569194}. Best is trial 9 with value: 6.41100227759373.\n",
      "[I 2026-04-16 04:03:37,800] Trial 19 finished with value: 4.580030307836751 and parameters: {'x0': 0.5880231748874889, 'x1': 0.009526505560575188, 'x2': 0.0008168190370633488, 'x3': 0.323074372412948, 'x4': 0.4463746333134184, 'x5': 0.4017020460365729}. Best is trial 9 with value: 6.41100227759373.\n",
      "[I 2026-04-16 04:03:37,813] Trial 20 finished with value: 6.184914383655696 and parameters: {'x0': 0.9704750429999299, 'x1': 0.666586046817748, 'x2': 0.9002148367830045, 'x3': 0.4306332633544112, 'x4': 0.22234635690112775, 'x5': 0.023695411505832153}. Best is trial 9 with value: 6.41100227759373.\n",
      "[I 2026-04-16 04:03:37,832] Trial 21 finished with value: 6.289555444883313 and parameters: {'x0': 0.6903069554674334, 'x1': 0.39547487332420234, 'x2': 0.07343945013219283, 'x3': 0.9752906639932957, 'x4': 0.9993385783092377, 'x5': 0.7919990022621105}. Best is trial 9 with value: 6.41100227759373.\n",
      "[I 2026-04-16 04:03:37,849] Trial 22 finished with value: 6.173001738262324 and parameters: {'x0': 0.7299028405705869, 'x1': 0.37300357597246003, 'x2': 0.11534621165017213, 'x3': 0.9026571487153402, 'x4': 0.8653138785947546, 'x5': 0.8458296750854951}. Best is trial 9 with value: 6.41100227759373.\n",
      "[I 2026-04-16 04:03:37,870] Trial 23 finished with value: 5.968366129458789 and parameters: {'x0': 0.5046308162185387, 'x1': 0.16512282024675884, 'x2': 0.24827732445999434, 'x3': 0.7974978504463676, 'x4': 0.9934145450829662, 'x5': 0.939726721016585}. Best is trial 9 with value: 6.41100227759373.\n",
      "[I 2026-04-16 04:03:37,890] Trial 24 finished with value: 5.948105506706642 and parameters: {'x0': 0.5905817783716171, 'x1': 0.2918891115225003, 'x2': 0.10087922983598407, 'x3': 0.9134291931087097, 'x4': 0.8766012324747308, 'x5': 0.759125892967334}. Best is trial 9 with value: 6.41100227759373.\n",
      "[I 2026-04-16 04:03:37,909] Trial 25 finished with value: 5.052910773120366 and parameters: {'x0': 0.7521435358980619, 'x1': 0.43530170634027665, 'x2': 0.1909074687269969, 'x3': 0.5647304025311302, 'x4': 0.7310438442903455, 'x5': 0.24007849287373734}. Best is trial 9 with value: 6.41100227759373.\n",
      "[I 2026-04-16 04:03:37,929] Trial 26 finished with value: 5.461920588070376 and parameters: {'x0': 0.9008717125571895, 'x1': 0.8297102238154348, 'x2': 0.3136097407139682, 'x3': 0.775228279167604, 'x4': 0.38082782102992474, 'x5': 0.43694130936129205}. Best is trial 9 with value: 6.41100227759373.\n",
      "[I 2026-04-16 04:03:37,949] Trial 27 finished with value: 5.247883576196592 and parameters: {'x0': 0.6353687005341495, 'x1': 0.986377401445569, 'x2': 0.4866311939064875, 'x3': 0.6710451670115523, 'x4': 0.8194102243153862, 'x5': 0.5957379148909056}. Best is trial 9 with value: 6.41100227759373.\n",
      "[I 2026-04-16 04:03:37,965] Trial 28 finished with value: 6.032195476988088 and parameters: {'x0': 0.40344286539018015, 'x1': 0.11369327857411171, 'x2': 0.05894200918150555, 'x3': 0.9396718703550053, 'x4': 0.6447450831827691, 'x5': 0.8193914534613911}. Best is trial 9 with value: 6.41100227759373.\n",
      "[I 2026-04-16 04:03:37,983] Trial 29 finished with value: 6.41329209480197 and parameters: {'x0': 0.35541514248302675, 'x1': 0.3406152432078766, 'x2': 0.8134174575589901, 'x3': 0.11196127773788578, 'x4': 0.159270736385348, 'x5': 0.9945502078901489}. Best is trial 29 with value: 6.41329209480197.\n",
